This is pdfTeX, Version 3.1415926-1.40.10 (TeX Live 2009/Debian) (format=latex 2010.8.26)  11 FEB 2011 22:18
entering extended mode
 restricted \write18 enabled.
 %&-line parsing enabled.
**api.tex
(./api.tex
LaTeX2e <2009/09/24>
Babel <v3.8l> and hyphenation patterns for english, usenglishmax, dumylang, noh
yphenation, loaded.
(/usr/share/texmf-texlive/tex/latex/base/article.cls
Document Class: article 2007/10/19 v1.4h Standard LaTeX document class
(/usr/share/texmf-texlive/tex/latex/base/size10.clo
File: size10.clo 2007/10/19 v1.4h Standard LaTeX file (size option)
)
\c@part=\count79
\c@section=\count80
\c@subsection=\count81
\c@subsubsection=\count82
\c@paragraph=\count83
\c@subparagraph=\count84
\c@figure=\count85
\c@table=\count86
\abovecaptionskip=\skip41
\belowcaptionskip=\skip42
\bibindent=\dimen102
)
(/usr/share/texmf-texlive/tex/latex/base/alltt.sty
Package: alltt 1997/06/16 v2.0g defines alltt environment
)
(/usr/share/texmf-texlive/tex/latex/ltxmisc/parskip.sty
Package: parskip 2001/04/09 non-zero parskip adjustments
)
(/usr/share/texmf-texlive/tex/latex/fancyhdr/fancyhdr.sty
\fancy@headwidth=\skip43
\f@ncyO@elh=\skip44
\f@ncyO@erh=\skip45
\f@ncyO@olh=\skip46
\f@ncyO@orh=\skip47
\f@ncyO@elf=\skip48
\f@ncyO@erf=\skip49
\f@ncyO@olf=\skip50
\f@ncyO@orf=\skip51
)
(/usr/share/texmf-texlive/tex/latex/ltxmisc/boxedminipage.sty)
(/usr/share/texmf-texlive/tex/latex/base/makeidx.sty
Package: makeidx 2000/03/29 v1.0m Standard LaTeX package
)
(/usr/share/texmf-texlive/tex/latex/multirow/multirow.sty
\bigstrutjot=\dimen103
)
(/usr/share/texmf-texlive/tex/latex/tools/longtable.sty
Package: longtable 2004/02/01 v4.11 Multi-page Table package (DPC)
\LTleft=\skip52
\LTright=\skip53
\LTpre=\skip54
\LTpost=\skip55
\LTchunksize=\count87
\LTcapwidth=\dimen104
\LT@head=\box26
\LT@firsthead=\box27
\LT@foot=\box28
\LT@lastfoot=\box29
\LT@cols=\count88
\LT@rows=\count89
\c@LT@tables=\count90
\c@LT@chunks=\count91
\LT@p@ftn=\toks14
)
(/usr/share/texmf-texlive/tex/latex/tocbibind/tocbibind.sty
Package: tocbibind 2009/09/04 v1.5i extra ToC listings


Package tocbibind Note: The document has section divisions.


Package tocbibind Note: Using section or other style headings.

) (/usr/share/texmf-texlive/tex/latex/amsfonts/amssymb.sty
Package: amssymb 2009/06/22 v3.00

(/usr/share/texmf-texlive/tex/latex/amsfonts/amsfonts.sty
Package: amsfonts 2009/06/22 v3.00 Basic AMSFonts support
\@emptytoks=\toks15
\symAMSa=\mathgroup4
\symAMSb=\mathgroup5
LaTeX Font Info:    Overwriting math alphabet `\mathfrak' in version `bold'
(Font)                  U/euf/m/n --> U/euf/b/n on input line 96.
))
(/usr/share/texmf-texlive/tex/latex/preprint/fullpage.sty
Package: fullpage 1999/02/23 1.1 (PWD)
\FP@margin=\skip56
)
(/usr/share/texmf-texlive/tex/latex/graphics/color.sty
Package: color 2005/11/14 v1.0j Standard LaTeX Color (DPC)

(/etc/texmf/tex/latex/config/color.cfg
File: color.cfg 2007/01/18 v1.5 color configuration of teTeX/TeXLive
)
Package color Info: Driver file: dvips.def on input line 130.

(/usr/share/texmf-texlive/tex/latex/graphics/dvips.def
File: dvips.def 1999/02/16 v3.0i Driver-dependant file (DPC,SPQR)
)
(/usr/share/texmf-texlive/tex/latex/graphics/dvipsnam.def
File: dvipsnam.def 1999/02/16 v3.0i Driver-dependant file (DPC,SPQR)
))
\BCL=\skip57
Package color Info: Redefining color py@inputcolour on input line 35.
\funcindent=\skip58
\funcwidth=\skip59
\varindent=\skip60
\varnamewidth=\skip61
\vardescrwidth=\skip62
\varwidth=\skip63

(/usr/share/texmf-texlive/tex/latex/base/inputenc.sty
Package: inputenc 2008/03/30 v1.1d Input encoding file
\inpenc@prehook=\toks16
\inpenc@posthook=\toks17

(/usr/share/texmf-texlive/tex/latex/base/utf8.def
File: utf8.def 2008/04/05 v1.1m UTF-8 support for inputenc
Now handling font encoding OML ...
... no UTF-8 mapping file for font encoding OML
Now handling font encoding T1 ...
... processing UTF-8 mapping file for font encoding T1

(/usr/share/texmf-texlive/tex/latex/base/t1enc.dfu
File: t1enc.dfu 2008/04/05 v1.1m UTF-8 support for inputenc
   defining Unicode char U+00A1 (decimal 161)
   defining Unicode char U+00A3 (decimal 163)
   defining Unicode char U+00AB (decimal 171)
   defining Unicode char U+00BB (decimal 187)
   defining Unicode char U+00BF (decimal 191)
   defining Unicode char U+00C0 (decimal 192)
   defining Unicode char U+00C1 (decimal 193)
   defining Unicode char U+00C2 (decimal 194)
   defining Unicode char U+00C3 (decimal 195)
   defining Unicode char U+00C4 (decimal 196)
   defining Unicode char U+00C5 (decimal 197)
   defining Unicode char U+00C6 (decimal 198)
   defining Unicode char U+00C7 (decimal 199)
   defining Unicode char U+00C8 (decimal 200)
   defining Unicode char U+00C9 (decimal 201)
   defining Unicode char U+00CA (decimal 202)
   defining Unicode char U+00CB (decimal 203)
   defining Unicode char U+00CC (decimal 204)
   defining Unicode char U+00CD (decimal 205)
   defining Unicode char U+00CE (decimal 206)
   defining Unicode char U+00CF (decimal 207)
   defining Unicode char U+00D0 (decimal 208)
   defining Unicode char U+00D1 (decimal 209)
   defining Unicode char U+00D2 (decimal 210)
   defining Unicode char U+00D3 (decimal 211)
   defining Unicode char U+00D4 (decimal 212)
   defining Unicode char U+00D5 (decimal 213)
   defining Unicode char U+00D6 (decimal 214)
   defining Unicode char U+00D8 (decimal 216)
   defining Unicode char U+00D9 (decimal 217)
   defining Unicode char U+00DA (decimal 218)
   defining Unicode char U+00DB (decimal 219)
   defining Unicode char U+00DC (decimal 220)
   defining Unicode char U+00DD (decimal 221)
   defining Unicode char U+00DE (decimal 222)
   defining Unicode char U+00DF (decimal 223)
   defining Unicode char U+00E0 (decimal 224)
   defining Unicode char U+00E1 (decimal 225)
   defining Unicode char U+00E2 (decimal 226)
   defining Unicode char U+00E3 (decimal 227)
   defining Unicode char U+00E4 (decimal 228)
   defining Unicode char U+00E5 (decimal 229)
   defining Unicode char U+00E6 (decimal 230)
   defining Unicode char U+00E7 (decimal 231)
   defining Unicode char U+00E8 (decimal 232)
   defining Unicode char U+00E9 (decimal 233)
   defining Unicode char U+00EA (decimal 234)
   defining Unicode char U+00EB (decimal 235)
   defining Unicode char U+00EC (decimal 236)
   defining Unicode char U+00ED (decimal 237)
   defining Unicode char U+00EE (decimal 238)
   defining Unicode char U+00EF (decimal 239)
   defining Unicode char U+00F0 (decimal 240)
   defining Unicode char U+00F1 (decimal 241)
   defining Unicode char U+00F2 (decimal 242)
   defining Unicode char U+00F3 (decimal 243)
   defining Unicode char U+00F4 (decimal 244)
   defining Unicode char U+00F5 (decimal 245)
   defining Unicode char U+00F6 (decimal 246)
   defining Unicode char U+00F8 (decimal 248)
   defining Unicode char U+00F9 (decimal 249)
   defining Unicode char U+00FA (decimal 250)
   defining Unicode char U+00FB (decimal 251)
   defining Unicode char U+00FC (decimal 252)
   defining Unicode char U+00FD (decimal 253)
   defining Unicode char U+00FE (decimal 254)
   defining Unicode char U+00FF (decimal 255)
   defining Unicode char U+0102 (decimal 258)
   defining Unicode char U+0103 (decimal 259)
   defining Unicode char U+0104 (decimal 260)
   defining Unicode char U+0105 (decimal 261)
   defining Unicode char U+0106 (decimal 262)
   defining Unicode char U+0107 (decimal 263)
   defining Unicode char U+010C (decimal 268)
   defining Unicode char U+010D (decimal 269)
   defining Unicode char U+010E (decimal 270)
   defining Unicode char U+010F (decimal 271)
   defining Unicode char U+0110 (decimal 272)
   defining Unicode char U+0111 (decimal 273)
   defining Unicode char U+0118 (decimal 280)
   defining Unicode char U+0119 (decimal 281)
   defining Unicode char U+011A (decimal 282)
   defining Unicode char U+011B (decimal 283)
   defining Unicode char U+011E (decimal 286)
   defining Unicode char U+011F (decimal 287)
   defining Unicode char U+0130 (decimal 304)
   defining Unicode char U+0131 (decimal 305)
   defining Unicode char U+0132 (decimal 306)
   defining Unicode char U+0133 (decimal 307)
   defining Unicode char U+0139 (decimal 313)
   defining Unicode char U+013A (decimal 314)
   defining Unicode char U+013D (decimal 317)
   defining Unicode char U+013E (decimal 318)
   defining Unicode char U+0141 (decimal 321)
   defining Unicode char U+0142 (decimal 322)
   defining Unicode char U+0143 (decimal 323)
   defining Unicode char U+0144 (decimal 324)
   defining Unicode char U+0147 (decimal 327)
   defining Unicode char U+0148 (decimal 328)
   defining Unicode char U+014A (decimal 330)
   defining Unicode char U+014B (decimal 331)
   defining Unicode char U+0150 (decimal 336)
   defining Unicode char U+0151 (decimal 337)
   defining Unicode char U+0152 (decimal 338)
   defining Unicode char U+0153 (decimal 339)
   defining Unicode char U+0154 (decimal 340)
   defining Unicode char U+0155 (decimal 341)
   defining Unicode char U+0158 (decimal 344)
   defining Unicode char U+0159 (decimal 345)
   defining Unicode char U+015A (decimal 346)
   defining Unicode char U+015B (decimal 347)
   defining Unicode char U+015E (decimal 350)
   defining Unicode char U+015F (decimal 351)
   defining Unicode char U+0160 (decimal 352)
   defining Unicode char U+0161 (decimal 353)
   defining Unicode char U+0162 (decimal 354)
   defining Unicode char U+0163 (decimal 355)
   defining Unicode char U+0164 (decimal 356)
   defining Unicode char U+0165 (decimal 357)
   defining Unicode char U+016E (decimal 366)
   defining Unicode char U+016F (decimal 367)
   defining Unicode char U+0170 (decimal 368)
   defining Unicode char U+0171 (decimal 369)
   defining Unicode char U+0178 (decimal 376)
   defining Unicode char U+0179 (decimal 377)
   defining Unicode char U+017A (decimal 378)
   defining Unicode char U+017B (decimal 379)
   defining Unicode char U+017C (decimal 380)
   defining Unicode char U+017D (decimal 381)
   defining Unicode char U+017E (decimal 382)
   defining Unicode char U+200C (decimal 8204)
   defining Unicode char U+2013 (decimal 8211)
   defining Unicode char U+2014 (decimal 8212)
   defining Unicode char U+2018 (decimal 8216)
   defining Unicode char U+2019 (decimal 8217)
   defining Unicode char U+201A (decimal 8218)
   defining Unicode char U+201C (decimal 8220)
   defining Unicode char U+201D (decimal 8221)
   defining Unicode char U+201E (decimal 8222)
   defining Unicode char U+2030 (decimal 8240)
   defining Unicode char U+2031 (decimal 8241)
   defining Unicode char U+2039 (decimal 8249)
   defining Unicode char U+203A (decimal 8250)
   defining Unicode char U+2423 (decimal 9251)
)
Now handling font encoding OT1 ...
... processing UTF-8 mapping file for font encoding OT1

(/usr/share/texmf-texlive/tex/latex/base/ot1enc.dfu
File: ot1enc.dfu 2008/04/05 v1.1m UTF-8 support for inputenc
   defining Unicode char U+00A1 (decimal 161)
   defining Unicode char U+00A3 (decimal 163)
   defining Unicode char U+00B8 (decimal 184)
   defining Unicode char U+00BF (decimal 191)
   defining Unicode char U+00C5 (decimal 197)
   defining Unicode char U+00C6 (decimal 198)
   defining Unicode char U+00D8 (decimal 216)
   defining Unicode char U+00DF (decimal 223)
   defining Unicode char U+00E6 (decimal 230)
   defining Unicode char U+00EC (decimal 236)
   defining Unicode char U+00ED (decimal 237)
   defining Unicode char U+00EE (decimal 238)
   defining Unicode char U+00EF (decimal 239)
   defining Unicode char U+00F8 (decimal 248)
   defining Unicode char U+0131 (decimal 305)
   defining Unicode char U+0141 (decimal 321)
   defining Unicode char U+0142 (decimal 322)
   defining Unicode char U+0152 (decimal 338)
   defining Unicode char U+0153 (decimal 339)
   defining Unicode char U+2013 (decimal 8211)
   defining Unicode char U+2014 (decimal 8212)
   defining Unicode char U+2018 (decimal 8216)
   defining Unicode char U+2019 (decimal 8217)
   defining Unicode char U+201C (decimal 8220)
   defining Unicode char U+201D (decimal 8221)
)
Now handling font encoding OMS ...
... processing UTF-8 mapping file for font encoding OMS

(/usr/share/texmf-texlive/tex/latex/base/omsenc.dfu
File: omsenc.dfu 2008/04/05 v1.1m UTF-8 support for inputenc
   defining Unicode char U+00A7 (decimal 167)
   defining Unicode char U+00B6 (decimal 182)
   defining Unicode char U+00B7 (decimal 183)
   defining Unicode char U+2020 (decimal 8224)
   defining Unicode char U+2021 (decimal 8225)
   defining Unicode char U+2022 (decimal 8226)
)
Now handling font encoding OMX ...
... no UTF-8 mapping file for font encoding OMX
Now handling font encoding U ...
... no UTF-8 mapping file for font encoding U
   defining Unicode char U+00A9 (decimal 169)
   defining Unicode char U+00AA (decimal 170)
   defining Unicode char U+00AE (decimal 174)
   defining Unicode char U+00BA (decimal 186)
   defining Unicode char U+02C6 (decimal 710)
   defining Unicode char U+02DC (decimal 732)
   defining Unicode char U+200C (decimal 8204)
   defining Unicode char U+2026 (decimal 8230)
   defining Unicode char U+2122 (decimal 8482)
   defining Unicode char U+2423 (decimal 9251)
))
(/usr/share/texmf-texlive/tex/latex/hyperref/hyperref.sty
Package: hyperref 2009/10/09 v6.79a Hypertext links for LaTeX

(/usr/share/texmf-texlive/tex/latex/graphics/keyval.sty
Package: keyval 1999/03/16 v1.13 key=value parser (DPC)
\KV@toks@=\toks18
)
(/usr/share/texmf-texlive/tex/generic/oberdiek/ifpdf.sty
Package: ifpdf 2009/04/10 v2.0 Provides the ifpdf switch (HO)
Package ifpdf Info: pdfTeX in pdf mode not detected.
)
(/usr/share/texmf-texlive/tex/generic/oberdiek/ifvtex.sty
Package: ifvtex 2008/11/04 v1.4 Switches for detecting VTeX and its modes (HO)
Package ifvtex Info: VTeX not detected.
)
(/usr/share/texmf-texlive/tex/generic/ifxetex/ifxetex.sty
Package: ifxetex 2009/01/23 v0.5 Provides ifxetex conditional
)
(/usr/share/texmf-texlive/tex/latex/oberdiek/hycolor.sty
Package: hycolor 2009/10/02 v1.5 Code for color options of hyperref/bookmark (H
O)

(/usr/share/texmf-texlive/tex/latex/oberdiek/xcolor-patch.sty
Package: xcolor-patch 2009/10/02 xcolor patch
))
\@linkdim=\dimen105
\Hy@linkcounter=\count92
\Hy@pagecounter=\count93

(/usr/share/texmf-texlive/tex/latex/hyperref/pd1enc.def
File: pd1enc.def 2009/10/09 v6.79a Hyperref: PDFDocEncoding definition (HO)
Now handling font encoding PD1 ...
... no UTF-8 mapping file for font encoding PD1
)
(/usr/share/texmf-texlive/tex/generic/oberdiek/etexcmds.sty
Package: etexcmds 2007/12/12 v1.2 Prefix for e-TeX command names (HO)

(/usr/share/texmf-texlive/tex/generic/oberdiek/infwarerr.sty
Package: infwarerr 2007/09/09 v1.2 Providing info/warning/message (HO)
)
Package etexcmds Info: Could not find \expanded.
(etexcmds)             That can mean that you are not using pdfTeX 1.50 or
(etexcmds)             that some package has redefined \expanded.
(etexcmds)             In the latter case, load this package earlier.
)
(/usr/share/texmf-texlive/tex/latex/latexconfig/hyperref.cfg
File: hyperref.cfg 2002/06/06 v1.2 hyperref configuration of TeXLive
)
(/usr/share/texmf-texlive/tex/latex/oberdiek/kvoptions.sty
Package: kvoptions 2009/08/13 v3.4 Keyval support for LaTeX options (HO)

(/usr/share/texmf-texlive/tex/generic/oberdiek/kvsetkeys.sty
Package: kvsetkeys 2009/07/30 v1.5 Key value parser with default handler suppor
t (HO)
))
Package hyperref Info: Option `bookmarks' set `true' on input line 2864.
Package hyperref Info: Option `bookmarksopen' set `false' on input line 2864.
Package hyperref Info: Option `colorlinks' set `true' on input line 2864.


Package hyperref Warning: Option `pagecolor' is not available anymore.

Package hyperref Info: Hyper figures OFF on input line 2975.
Package hyperref Info: Link nesting OFF on input line 2980.
Package hyperref Info: Hyper index ON on input line 2983.
Package hyperref Info: Plain pages OFF on input line 2990.
Package hyperref Info: Backreferencing ON on input line 2993.
Implicit mode ON; LaTeX internals redefined
Package hyperref Info: Bookmarks ON on input line 3191.
(/usr/share/texmf-texlive/tex/latex/hyperref/backref.sty
Package: backref 2006/09/05 v1.28 Bibliographical back referencing
)
(/usr/share/texmf-texlive/tex/latex/ltxmisc/url.sty
\Urlmuskip=\muskip10
Package: url 2006/04/12  ver 3.3  Verb mode for urls, etc.
)
LaTeX Info: Redefining \url on input line 3428.

(/usr/share/texmf-texlive/tex/generic/oberdiek/bitset.sty
Package: bitset 2007/09/28 v1.0 Data type bit set (HO)

(/usr/share/texmf-texlive/tex/generic/oberdiek/intcalc.sty
Package: intcalc 2007/09/27 v1.1 Expandable integer calculations (HO)
)
(/usr/share/texmf-texlive/tex/generic/oberdiek/bigintcalc.sty
Package: bigintcalc 2007/11/11 v1.1 Expandable big integer calculations (HO)

(/usr/share/texmf-texlive/tex/generic/oberdiek/pdftexcmds.sty
Package: pdftexcmds 2009/09/23 v0.6 LuaTeX support for pdfTeX utility functions
 (HO)

(/usr/share/texmf-texlive/tex/generic/oberdiek/ifluatex.sty
Package: ifluatex 2009/04/17 v1.2 Provides the ifluatex switch (HO)
Package ifluatex Info: LuaTeX not detected.
)
(/usr/share/texmf-texlive/tex/generic/oberdiek/ltxcmds.sty
Package: ltxcmds 2009/08/05 v1.0 Some LaTeX kernel commands for general use (HO
)
)
Package pdftexcmds Info: LuaTeX not detected.
Package pdftexcmds Info: \pdf@primitive is available.
Package pdftexcmds Info: \pdf@ifprimitive is available.
)))
\Fld@menulength=\count94
\Field@Width=\dimen106
\Fld@charsize=\dimen107
\Field@toks=\toks19
Package hyperref Info: Hyper figures OFF on input line 4377.
Package hyperref Info: Link nesting OFF on input line 4382.
Package hyperref Info: Hyper index ON on input line 4385.
Package hyperref Info: backreferencing ON on input line 4390.
Package hyperref Info: Link coloring ON on input line 4395.
Package hyperref Info: Link coloring with OCG OFF on input line 4402.
Package hyperref Info: PDF/A mode OFF on input line 4407.

(/usr/share/texmf-texlive/tex/generic/oberdiek/atbegshi.sty
Package: atbegshi 2008/07/31 v1.9 At begin shipout hook (HO)
)
\Hy@abspage=\count95
\c@Item=\count96
\c@Hfootnote=\count97
)
*hyperref using driver hdvips*
(/usr/share/texmf-texlive/tex/latex/hyperref/hdvips.def
File: hdvips.def 2009/10/09 v6.79a Hyperref driver for dvips

(/usr/share/texmf-texlive/tex/latex/hyperref/pdfmark.def
File: pdfmark.def 2009/10/09 v6.79a Hyperref definitions for pdfmark specials
\pdf@docset=\toks20
\pdf@box=\box30
\pdf@toks=\toks21
\pdf@defaulttoks=\toks22
\Fld@listcount=\count98
))
\@indexfile=\write3
\openout3 = `api.idx'.


Writing index file api.idx
(./api.aux (./cuon-module.aux) (./cuon.AI-module.aux)
(./cuon.Address-module.aux) (./cuon.Article-module.aux)
(./cuon.CalendarGen-module.aux) (./cuon.CuonFuncs-module.aux)
(./cuon.Database-module.aux) (./cuon.Email-module.aux)
(./cuon.Email2-module.aux) (./cuon.Finances-module.aux)
(./cuon.Garden-module.aux) (./cuon.Grave-module.aux) (./cuon.Misc-module.aux)
(./cuon.Order-module.aux) (./cuon.Projects-module.aux)
(./cuon.Report-module.aux) (./cuon.ReportServer-module.aux)
(./cuon.Reports-module.aux) (./cuon.Reports.MyXML-module.aux)
(./cuon.Reports.report-module.aux) (./cuon.Reports.report2_latex-module.aux)
(./cuon.Reports.report_addresses_phone1-module.aux)
(./cuon.Reports.report_addresses_phone11-module.aux)
(./cuon.Reports.report_addresses_phone12-module.aux)
(./cuon.Reports.report_articles_number1-module.aux)
(./cuon.Reports.report_articles_pickles_standard-module.aux)
(./cuon.Reports.report_basics-module.aux)
(./cuon.Reports.report_cab_monthly-module.aux)
(./cuon.Reports.report_grave_plant_lists-module.aux)
(./cuon.Reports.report_hibernation_incoming_document-module.aux)
(./cuon.Reports.report_hibernation_invoice-module.aux)
(./cuon.Reports.report_hibernation_outgoing_document-module.aux)
(./cuon.Reports.report_hibernation_pickup_document-module.aux)
(./cuon.Reports.report_list_list_of_invoices-module.aux)
(./cuon.Reports.report_list_of_inpayment-module.aux)
(./cuon.Reports.report_list_of_reminder-module.aux)
(./cuon.Reports.report_list_of_residue-module.aux)
(./cuon.Reports.report_list_of_top-module.aux)
(./cuon.Reports.report_order_list_of_invoices-module.aux)
(./cuon.Reports.report_order_standard_invoice-module.aux)
(./cuon.Reports.report_order_standard_supply-module.aux)
(./cuon.Reports.report_printAddress-module.aux)
(./cuon.Reports.report_proposal_standard-module.aux)
(./cuon.Reports.report_stockgoods_number1-module.aux)
(./cuon.Reports.standardlist-module.aux) (./cuon.SQL-module.aux)
(./cuon.SVG-module.aux) (./cuon.Stock-module.aux) (./cuon.Support-module.aux)
(./cuon.Tweet-module.aux) (./cuon.User-module.aux) (./cuon.Web-module.aux)
(./cuon.Web2-module.aux) (./cuon.WebAI-module.aux) (./cuon.WebShop-module.aux)
(./cuon.ai-module.aux) (./cuon.ai_main-module.aux) (./cuon.basics-module.aux)
(./cuon.createWebAnalysis-module.aux) (./cuon.gridxml-module.aux)
(./cuon.iCal-module.aux) (./cuon.jabberBot-module.aux)
(./cuon.simplemail-module.aux) (./cuon.web_root-module.aux))
\openout1 = `api.aux'.

LaTeX Font Info:    Checking defaults for OML/cmm/m/it on input line 80.
LaTeX Font Info:    ... okay on input line 80.
LaTeX Font Info:    Checking defaults for T1/cmr/m/n on input line 80.
LaTeX Font Info:    ... okay on input line 80.
LaTeX Font Info:    Checking defaults for OT1/cmr/m/n on input line 80.
LaTeX Font Info:    ... okay on input line 80.
LaTeX Font Info:    Checking defaults for OMS/cmsy/m/n on input line 80.
LaTeX Font Info:    ... okay on input line 80.
LaTeX Font Info:    Checking defaults for OMX/cmex/m/n on input line 80.
LaTeX Font Info:    ... okay on input line 80.
LaTeX Font Info:    Checking defaults for U/cmr/m/n on input line 80.
LaTeX Font Info:    ... okay on input line 80.
LaTeX Font Info:    Checking defaults for PD1/pdf/m/n on input line 80.
LaTeX Font Info:    ... okay on input line 80.
Package hyperref Info: Link coloring ON on input line 80.

(/usr/share/texmf-texlive/tex/latex/hyperref/nameref.sty
Package: nameref 2007/05/29 v2.31 Cross-referencing by name of section

(/usr/share/texmf-texlive/tex/latex/oberdiek/refcount.sty
Package: refcount 2008/08/11 v3.1 Data extraction from references (HO)
)
\c@section@level=\count99
)
LaTeX Info: Redefining \ref on input line 80.
LaTeX Info: Redefining \pageref on input line 80.
 (./api.out)
(./api.out)
\@outlinefile=\write4
\openout4 = `api.out'.

\AtBeginShipoutBox=\box31
LaTeX Font Info:    Try loading font information for U+msa on input line 95.
 (/usr/share/texmf-texlive/tex/latex/amsfonts/umsa.fd
File: umsa.fd 2009/06/22 v3.00 AMS symbols A
)
LaTeX Font Info:    Try loading font information for U+msb on input line 95.

(/usr/share/texmf-texlive/tex/latex/amsfonts/umsb.fd
File: umsb.fd 2009/06/22 v3.00 AMS symbols B
) (./api.toc [1

] [2]
[3] [4] [5] [6] [7] [8])
\tf@toc=\write5
\openout5 = `api.toc'.

 [9]
\openout2 = `cuon-module.aux'.

 (./cuon-module.tex
LaTeX Font Info:    Try loading font information for OMS+cmr on input line 26.

(/usr/share/texmf-texlive/tex/latex/base/omscmr.fd
File: omscmr.fd 1999/05/25 v2.5h Standard LaTeX font definitions
)
LaTeX Font Info:    Font shape `OMS/cmr/m/n' in size <10> not available
(Font)              Font shape `OMS/cmsy/m/n' tried instead on input line 26.
 [10

]
Overfull \hbox (5.64311pt too wide) in paragraph at lines 217--220
[]\OT1/cmr/bx/n/10 simplemail\OT1/cmr/m/n/10 : ********************************
**********************************************
 []

) [11]
\openout2 = `cuon.AI-module.aux'.

 (./cuon.AI-module.tex [12


]
Overfull \hbox (12.92392pt too wide) in paragraph at lines 245--246
[]\OT1/cmr/m/n/12 addDateTime(), check-Bool(), check-End-Time(), check-Type(), 
closeDB(), con-vertTo(),
 []


Overfull \hbox (1.58792pt too wide) in paragraph at lines 245--246
\OT1/cmr/m/n/12 cre-at-e-NewSes-sionID(), de-com-press(), do-De-code64(), for-m
at-Date(), getAc-tu-al-Date-
 []


Overfull \hbox (8.05867pt too wide) in paragraph at lines 245--246
\OT1/cmr/m/n/12 Time(), getAs-so-ci-at-edTable(), get-Be-foreYears(), get-Con-f
igOp-tion(), get-Date-Time(),
 []


Overfull \hbox (2.88516pt too wide) in paragraph at lines 245--246
\OT1/cmr/m/n/12 get-First-Day-Of-Month(), get-First-Day-Of-Mon-thAs-Sec-onds(),
 get-First-Last-Day-OfLast-
 []


Overfull \hbox (0.83098pt too wide) in paragraph at lines 245--246
\OT1/cmr/m/n/12 Mon-thAs-Sec-onds(), get-FirstOf-Month(), get-FirstOf-Month2(),
 get-FirstO-fYear(), ge-
 []


Overfull \hbox (21.8766pt too wide) in paragraph at lines 245--246
\OT1/cmr/m/n/12 ge-tUser-Info(), getWhere(), load-Ob-ject(), make64BitInt(), no
r-mal-izeXML(), openDB(),
 []

) [13]
\openout2 = `cuon.Address-module.aux'.

 (./cuon.Address-module.tex [14


] [15]
Overfull \hbox (12.92392pt too wide) in paragraph at lines 401--402
[]\OT1/cmr/m/n/12 addDateTime(), check-Bool(), check-End-Time(), check-Type(), 
closeDB(), con-vertTo(),
 []


Overfull \hbox (1.58792pt too wide) in paragraph at lines 401--402
\OT1/cmr/m/n/12 cre-at-e-NewSes-sionID(), de-com-press(), do-De-code64(), for-m
at-Date(), getAc-tu-al-Date-
 []


Overfull \hbox (8.05867pt too wide) in paragraph at lines 401--402
\OT1/cmr/m/n/12 Time(), getAs-so-ci-at-edTable(), get-Be-foreYears(), get-Con-f
igOp-tion(), get-Date-Time(),
 []


Overfull \hbox (2.88516pt too wide) in paragraph at lines 401--402
\OT1/cmr/m/n/12 get-First-Day-Of-Month(), get-First-Day-Of-Mon-thAs-Sec-onds(),
 get-First-Last-Day-OfLast-
 []


Overfull \hbox (0.83098pt too wide) in paragraph at lines 401--402
\OT1/cmr/m/n/12 Mon-thAs-Sec-onds(), get-FirstOf-Month(), get-FirstOf-Month2(),
 get-FirstO-fYear(), ge-
 []


Overfull \hbox (21.8766pt too wide) in paragraph at lines 401--402
\OT1/cmr/m/n/12 ge-tUser-Info(), getWhere(), load-Ob-ject(), make64BitInt(), no
r-mal-izeXML(), openDB(),
 []

) [16]
\openout2 = `cuon.Article-module.aux'.

 (./cuon.Article-module.tex [17


]
Overfull \hbox (12.92392pt too wide) in paragraph at lines 232--233
[]\OT1/cmr/m/n/12 addDateTime(), check-Bool(), check-End-Time(), check-Type(), 
closeDB(), con-vertTo(),
 []


Overfull \hbox (1.58792pt too wide) in paragraph at lines 232--233
\OT1/cmr/m/n/12 cre-at-e-NewSes-sionID(), de-com-press(), do-De-code64(), for-m
at-Date(), getAc-tu-al-Date-
 []


Overfull \hbox (8.05867pt too wide) in paragraph at lines 232--233
\OT1/cmr/m/n/12 Time(), getAs-so-ci-at-edTable(), get-Be-foreYears(), get-Con-f
igOp-tion(), get-Date-Time(),
 []


Overfull \hbox (2.88516pt too wide) in paragraph at lines 232--233
\OT1/cmr/m/n/12 get-First-Day-Of-Month(), get-First-Day-Of-Mon-thAs-Sec-onds(),
 get-First-Last-Day-OfLast-
 []


Overfull \hbox (0.83098pt too wide) in paragraph at lines 232--233
\OT1/cmr/m/n/12 Mon-thAs-Sec-onds(), get-FirstOf-Month(), get-FirstOf-Month2(),
 get-FirstO-fYear(), ge-
 []


Overfull \hbox (21.8766pt too wide) in paragraph at lines 232--233
\OT1/cmr/m/n/12 ge-tUser-Info(), getWhere(), load-Ob-ject(), make64BitInt(), no
r-mal-izeXML(), openDB(),
 []

) [18]
\openout2 = `cuon.CalendarGen-module.aux'.

 (./cuon.CalendarGen-module.tex
LaTeX Font Info:    Try loading font information for OMS+cmtt on input line 185
.
LaTeX Font Info:    No file OMScmtt.fd. on input line 185.


LaTeX Font Warning: Font shape `OMS/cmtt/m/n' undefined
(Font)              using `OMS/cmsy/m/n' instead
(Font)              for symbol `textbackslash' on input line 185.

LaTeX Font Info:    Try loading font information for OML+cmtt on input line 206
.
LaTeX Font Info:    No file OMLcmtt.fd. on input line 206.

LaTeX Font Warning: Font shape `OML/cmtt/m/n' undefined
(Font)              using `OML/cmm/m/it' instead
(Font)              for symbol `textless' on input line 206.

[19


]) [20]
\openout2 = `cuon.CuonFuncs-module.aux'.

 (./cuon.CuonFuncs-module.tex
Overfull \hbox (24.5043pt too wide) in paragraph at lines 88--89
[][][]\OT1/cmr/m/n/12 init[][](), get-Sub-Han-dler(), get-Sub-Han-dler-Pre-fixe
s(), put-Sub-Han-dler(), ren-der[]POST() 
 []

) [21


]
\openout2 = `cuon.Database-module.aux'.

 (./cuon.Database-module.tex [22


] [23]
Overfull \hbox (14.58192pt too wide) in paragraph at lines 642--643
[]\OT1/cmr/m/n/12 xmlrpc[]createBigRow(), xml-rpc[]deleteRecord(), xml-rpc[]exe
cuteNormalQuery(), xml-
 []


Overfull \hbox (59.3184pt too wide) in paragraph at lines 642--643
\OT1/cmr/m/n/12 rpc[]getListEntries(), xml-rpc[]loadCompeteTable(), xml-rpc[]lo
adRecord(), xml-rpc[]saveRecord() 
 []

[24]
Overfull \hbox (12.92392pt too wide) in paragraph at lines 648--649
[]\OT1/cmr/m/n/12 addDateTime(), check-Bool(), check-End-Time(), check-Type(), 
closeDB(), con-vertTo(),
 []


Overfull \hbox (1.58792pt too wide) in paragraph at lines 648--649
\OT1/cmr/m/n/12 cre-at-e-NewSes-sionID(), de-com-press(), do-De-code64(), for-m
at-Date(), getAc-tu-al-Date-
 []


Overfull \hbox (8.05867pt too wide) in paragraph at lines 648--649
\OT1/cmr/m/n/12 Time(), getAs-so-ci-at-edTable(), get-Be-foreYears(), get-Con-f
igOp-tion(), get-Date-Time(),
 []


Overfull \hbox (2.88516pt too wide) in paragraph at lines 648--649
\OT1/cmr/m/n/12 get-First-Day-Of-Month(), get-First-Day-Of-Mon-thAs-Sec-onds(),
 get-First-Last-Day-OfLast-
 []


Overfull \hbox (0.83098pt too wide) in paragraph at lines 648--649
\OT1/cmr/m/n/12 Mon-thAs-Sec-onds(), get-FirstOf-Month(), get-FirstOf-Month2(),
 get-FirstO-fYear(), ge-
 []


Overfull \hbox (21.8766pt too wide) in paragraph at lines 648--649
\OT1/cmr/m/n/12 ge-tUser-Info(), getWhere(), load-Ob-ject(), make64BitInt(), no
r-mal-izeXML(), openDB(),
 []

) [25]
\openout2 = `cuon.Email-module.aux'.

 (./cuon.Email-module.tex [26


]
Overfull \hbox (12.92392pt too wide) in paragraph at lines 193--194
[]\OT1/cmr/m/n/12 addDateTime(), check-Bool(), check-End-Time(), check-Type(), 
closeDB(), con-vertTo(),
 []


Overfull \hbox (1.58792pt too wide) in paragraph at lines 193--194
\OT1/cmr/m/n/12 cre-at-e-NewSes-sionID(), de-com-press(), do-De-code64(), for-m
at-Date(), getAc-tu-al-Date-
 []


Overfull \hbox (8.05867pt too wide) in paragraph at lines 193--194
\OT1/cmr/m/n/12 Time(), getAs-so-ci-at-edTable(), get-Be-foreYears(), get-Con-f
igOp-tion(), get-Date-Time(),
 []


Overfull \hbox (2.88516pt too wide) in paragraph at lines 193--194
\OT1/cmr/m/n/12 get-First-Day-Of-Month(), get-First-Day-Of-Mon-thAs-Sec-onds(),
 get-First-Last-Day-OfLast-
 []


Overfull \hbox (0.83098pt too wide) in paragraph at lines 193--194
\OT1/cmr/m/n/12 Mon-thAs-Sec-onds(), get-FirstOf-Month(), get-FirstOf-Month2(),
 get-FirstO-fYear(), ge-
 []


Overfull \hbox (21.8766pt too wide) in paragraph at lines 193--194
\OT1/cmr/m/n/12 ge-tUser-Info(), getWhere(), load-Ob-ject(), make64BitInt(), no
r-mal-izeXML(), openDB(),
 []

) [27]
\openout2 = `cuon.Email2-module.aux'.

 (./cuon.Email2-module.tex
Overfull \hbox (73.99907pt too wide) in paragraph at lines 17--76
\OT1/cmr/m/n/12 http://www.opensource.org/licenses/lgpl-license.php * Re-quire-
ments: Python 2.3: http://www.python.org
 []

[28


]
Overfull \hbox (93.37117pt too wide) in paragraph at lines 135--140
[]\OT1/cmr/bx/n/12 Known Sub-classes: \OT1/cmr/m/n/12 cuon.Email2.AttachmentNot
Found[]Exception, cuon.Email2.NoFromAddress[]Exception,
 []

[29] [30] [31] [32]
Overfull \hbox (15.27621pt too wide) in paragraph at lines 537--580
[] 
 []

[33]
Overfull \hbox (59.00017pt too wide) in paragraph at lines 743--744
[][][]\OT1/cmr/m/n/12 delattr[][](), [][]format[][](), [][]getattribute[][](), 
[][]hash[][](), [][]new[][](), [][]reduce[][](), [][]reduce[]ex[][](),
 []

[34]
Overfull \hbox (59.00017pt too wide) in paragraph at lines 901--902
[][][]\OT1/cmr/m/n/12 delattr[][](), [][]format[][](), [][]getattribute[][](), 
[][]hash[][](), [][]new[][](), [][]reduce[][](), [][]reduce[]ex[][](),
 []

[35] [36]
Overfull \hbox (59.00017pt too wide) in paragraph at lines 1061--1062
[][][]\OT1/cmr/m/n/12 delattr[][](), [][]format[][](), [][]getattribute[][](), 
[][]hash[][](), [][]new[][](), [][]reduce[][](), [][]reduce[]ex[][](),
 []

[37]
Overfull \hbox (59.00017pt too wide) in paragraph at lines 1223--1224
[][][]\OT1/cmr/m/n/12 delattr[][](), [][]format[][](), [][]getattribute[][](), 
[][]hash[][](), [][]new[][](), [][]reduce[][](), [][]reduce[]ex[][](),
 []

[38]
Overfull \hbox (12.92165pt too wide) in paragraph at lines 1300--1300
[]    \OT1/cmtt/m/n/12 smtp[]server      = the ip-address or the name of the SM
TP-server[] 
 []


Overfull \hbox (0.57164pt too wide) in paragraph at lines 1311--1311
[]    \OT1/cmtt/m/n/12 to[]caption       = die Beschriftung (der Name) des Empf
aengers[] 
 []


Overfull \hbox (51.70067pt too wide) in paragraph at lines 1315--1315
[]                       \OT1/cmtt/m/n/12 Es kann auch der Port mit ``:`` vom S
erver getrennt[] 
 []


Overfull \hbox (74.67168pt too wide) in paragraph at lines 1317--1317
[]    \OT1/cmtt/m/n/12 smtp[]user        = (optional) Benutzername zum Anmelden
 an den SMTP-Server[] 
 []


Overfull \hbox (74.67168pt too wide) in paragraph at lines 1318--1318
[]    \OT1/cmtt/m/n/12 smtp[]passwort    = (optional) das Passwort zum Anmelden
 an den SMTP-Server[] 
 []

[39]
Overfull \hbox (2.30064pt too wide) in paragraph at lines 1345--1345
[]    \OT1/cmtt/m/n/12 Wird das Email nur an einen Empfaenger gesendet, dann wi
rd bei[] 
 []


Overfull \hbox (39.10324pt too wide) in paragraph at lines 1346--1346
[]    \OT1/cmtt/m/n/12 Erfolg \OML/cmtt/m/n/12 <\OT1/cmtt/m/n/12 True\OML/cmtt/
m/n/12 > \OT1/cmtt/m/n/12 zurueck gegeben. Wird das Email an mehrere Empfaenger
[] 
 []


Overfull \hbox (20.82565pt too wide) in paragraph at lines 1347--1347
[]    \OT1/cmtt/m/n/12 gesendet und wurde an mindestens einen der Empfaenger er
folgreich[] 
 []


Overfull \hbox (2.30064pt too wide) in paragraph at lines 1350--1350
[]    \OT1/cmtt/m/n/12 Wird das Email nur an einen Empfaenger gesendet, dann wi
rd bei[] 
 []


Overfull \hbox (2.05322pt too wide) in paragraph at lines 1351--1351
[]    \OT1/cmtt/m/n/12 Misserfolg \OML/cmtt/m/n/12 <\OT1/cmtt/m/n/12 False\OML/
cmtt/m/n/12 > \OT1/cmtt/m/n/12 zurueck gegeben. Wird das Email an mehrere[] 
 []


Overfull \hbox (27.00066pt too wide) in paragraph at lines 1352--1352
[]    \OT1/cmtt/m/n/12 Empfaenger gesendet und wurde an keinen der Empfaenger e
rfolgreich[] 
 []

[40]
Overfull \hbox (59.00017pt too wide) in paragraph at lines 1363--1364
[][][]\OT1/cmr/m/n/12 delattr[][](), [][]format[][](), [][]getattribute[][](), 
[][]hash[][](), [][]new[][](), [][]reduce[][](), [][]reduce[]ex[][](),
 []

) [41]
\openout2 = `cuon.Finances-module.aux'.

 (./cuon.Finances-module.tex [42


]
Overfull \hbox (12.92392pt too wide) in paragraph at lines 375--376
[]\OT1/cmr/m/n/12 addDateTime(), check-Bool(), check-End-Time(), check-Type(), 
closeDB(), con-vertTo(),
 []


Overfull \hbox (1.58792pt too wide) in paragraph at lines 375--376
\OT1/cmr/m/n/12 cre-at-e-NewSes-sionID(), de-com-press(), do-De-code64(), for-m
at-Date(), getAc-tu-al-Date-
 []


Overfull \hbox (8.05867pt too wide) in paragraph at lines 375--376
\OT1/cmr/m/n/12 Time(), getAs-so-ci-at-edTable(), get-Be-foreYears(), get-Con-f
igOp-tion(), get-Date-Time(),
 []


Overfull \hbox (2.88516pt too wide) in paragraph at lines 375--376
\OT1/cmr/m/n/12 get-First-Day-Of-Month(), get-First-Day-Of-Mon-thAs-Sec-onds(),
 get-First-Last-Day-OfLast-
 []


Overfull \hbox (0.83098pt too wide) in paragraph at lines 375--376
\OT1/cmr/m/n/12 Mon-thAs-Sec-onds(), get-FirstOf-Month(), get-FirstOf-Month2(),
 get-FirstO-fYear(), ge-
 []


Overfull \hbox (21.8766pt too wide) in paragraph at lines 375--376
\OT1/cmr/m/n/12 ge-tUser-Info(), getWhere(), load-Ob-ject(), make64BitInt(), no
r-mal-izeXML(), openDB(),
 []

[43]) [44]
\openout2 = `cuon.Garden-module.aux'.

 (./cuon.Garden-module.tex [45


]
Overfull \hbox (12.92392pt too wide) in paragraph at lines 336--337
[]\OT1/cmr/m/n/12 addDateTime(), check-Bool(), check-End-Time(), check-Type(), 
closeDB(), con-vertTo(),
 []


Overfull \hbox (1.58792pt too wide) in paragraph at lines 336--337
\OT1/cmr/m/n/12 cre-at-e-NewSes-sionID(), de-com-press(), do-De-code64(), for-m
at-Date(), getAc-tu-al-Date-
 []


Overfull \hbox (8.05867pt too wide) in paragraph at lines 336--337
\OT1/cmr/m/n/12 Time(), getAs-so-ci-at-edTable(), get-Be-foreYears(), get-Con-f
igOp-tion(), get-Date-Time(),
 []


Overfull \hbox (2.88516pt too wide) in paragraph at lines 336--337
\OT1/cmr/m/n/12 get-First-Day-Of-Month(), get-First-Day-Of-Mon-thAs-Sec-onds(),
 get-First-Last-Day-OfLast-
 []


Overfull \hbox (0.83098pt too wide) in paragraph at lines 336--337
\OT1/cmr/m/n/12 Mon-thAs-Sec-onds(), get-FirstOf-Month(), get-FirstOf-Month2(),
 get-FirstO-fYear(), ge-
 []


Overfull \hbox (21.8766pt too wide) in paragraph at lines 336--337
\OT1/cmr/m/n/12 ge-tUser-Info(), getWhere(), load-Ob-ject(), make64BitInt(), no
r-mal-izeXML(), openDB(),
 []

[46]) [47]
\openout2 = `cuon.Grave-module.aux'.

 (./cuon.Grave-module.tex [48


]
Overfull \hbox (12.92392pt too wide) in paragraph at lines 206--207
[]\OT1/cmr/m/n/12 addDateTime(), check-Bool(), check-End-Time(), check-Type(), 
closeDB(), con-vertTo(),
 []


Overfull \hbox (1.58792pt too wide) in paragraph at lines 206--207
\OT1/cmr/m/n/12 cre-at-e-NewSes-sionID(), de-com-press(), do-De-code64(), for-m
at-Date(), getAc-tu-al-Date-
 []


Overfull \hbox (8.05867pt too wide) in paragraph at lines 206--207
\OT1/cmr/m/n/12 Time(), getAs-so-ci-at-edTable(), get-Be-foreYears(), get-Con-f
igOp-tion(), get-Date-Time(),
 []


Overfull \hbox (2.88516pt too wide) in paragraph at lines 206--207
\OT1/cmr/m/n/12 get-First-Day-Of-Month(), get-First-Day-Of-Mon-thAs-Sec-onds(),
 get-First-Last-Day-OfLast-
 []


Overfull \hbox (0.83098pt too wide) in paragraph at lines 206--207
\OT1/cmr/m/n/12 Mon-thAs-Sec-onds(), get-FirstOf-Month(), get-FirstOf-Month2(),
 get-FirstO-fYear(), ge-
 []


Overfull \hbox (21.8766pt too wide) in paragraph at lines 206--207
\OT1/cmr/m/n/12 ge-tUser-Info(), getWhere(), load-Ob-ject(), make64BitInt(), no
r-mal-izeXML(), openDB(),
 []

) [49]
\openout2 = `cuon.Misc-module.aux'.

 (./cuon.Misc-module.tex [50


]
Overfull \hbox (12.92392pt too wide) in paragraph at lines 350--351
[]\OT1/cmr/m/n/12 addDateTime(), check-Bool(), check-End-Time(), check-Type(), 
closeDB(), con-vertTo(),
 []


Overfull \hbox (1.58792pt too wide) in paragraph at lines 350--351
\OT1/cmr/m/n/12 cre-at-e-NewSes-sionID(), de-com-press(), do-De-code64(), for-m
at-Date(), getAc-tu-al-Date-
 []


Overfull \hbox (8.05867pt too wide) in paragraph at lines 350--351
\OT1/cmr/m/n/12 Time(), getAs-so-ci-at-edTable(), get-Be-foreYears(), get-Con-f
igOp-tion(), get-Date-Time(),
 []


Overfull \hbox (2.88516pt too wide) in paragraph at lines 350--351
\OT1/cmr/m/n/12 get-First-Day-Of-Month(), get-First-Day-Of-Mon-thAs-Sec-onds(),
 get-First-Last-Day-OfLast-
 []


Overfull \hbox (0.83098pt too wide) in paragraph at lines 350--351
\OT1/cmr/m/n/12 Mon-thAs-Sec-onds(), get-FirstOf-Month(), get-FirstOf-Month2(),
 get-FirstO-fYear(), ge-
 []


Overfull \hbox (21.8766pt too wide) in paragraph at lines 350--351
\OT1/cmr/m/n/12 ge-tUser-Info(), getWhere(), load-Ob-ject(), make64BitInt(), no
r-mal-izeXML(), openDB(),
 []

[51]) [52]
\openout2 = `cuon.Order-module.aux'.

 (./cuon.Order-module.tex [53


] [54] [55]
Overfull \hbox (12.92392pt too wide) in paragraph at lines 674--675
[]\OT1/cmr/m/n/12 addDateTime(), check-Bool(), check-End-Time(), check-Type(), 
closeDB(), con-vertTo(),
 []


Overfull \hbox (1.58792pt too wide) in paragraph at lines 674--675
\OT1/cmr/m/n/12 cre-at-e-NewSes-sionID(), de-com-press(), do-De-code64(), for-m
at-Date(), getAc-tu-al-Date-
 []


Overfull \hbox (8.05867pt too wide) in paragraph at lines 674--675
\OT1/cmr/m/n/12 Time(), getAs-so-ci-at-edTable(), get-Be-foreYears(), get-Con-f
igOp-tion(), get-Date-Time(),
 []


Overfull \hbox (2.88516pt too wide) in paragraph at lines 674--675
\OT1/cmr/m/n/12 get-First-Day-Of-Month(), get-First-Day-Of-Mon-thAs-Sec-onds(),
 get-First-Last-Day-OfLast-
 []


Overfull \hbox (0.83098pt too wide) in paragraph at lines 674--675
\OT1/cmr/m/n/12 Mon-thAs-Sec-onds(), get-FirstOf-Month(), get-FirstOf-Month2(),
 get-FirstO-fYear(), ge-
 []


Overfull \hbox (21.8766pt too wide) in paragraph at lines 674--675
\OT1/cmr/m/n/12 ge-tUser-Info(), getWhere(), load-Ob-ject(), make64BitInt(), no
r-mal-izeXML(), openDB(),
 []

) [56]
\openout2 = `cuon.Projects-module.aux'.

 (./cuon.Projects-module.tex [57


]
Overfull \hbox (12.92392pt too wide) in paragraph at lines 206--207
[]\OT1/cmr/m/n/12 addDateTime(), check-Bool(), check-End-Time(), check-Type(), 
closeDB(), con-vertTo(),
 []


Overfull \hbox (1.58792pt too wide) in paragraph at lines 206--207
\OT1/cmr/m/n/12 cre-at-e-NewSes-sionID(), de-com-press(), do-De-code64(), for-m
at-Date(), getAc-tu-al-Date-
 []


Overfull \hbox (8.05867pt too wide) in paragraph at lines 206--207
\OT1/cmr/m/n/12 Time(), getAs-so-ci-at-edTable(), get-Be-foreYears(), get-Con-f
igOp-tion(), get-Date-Time(),
 []


Overfull \hbox (2.88516pt too wide) in paragraph at lines 206--207
\OT1/cmr/m/n/12 get-First-Day-Of-Month(), get-First-Day-Of-Mon-thAs-Sec-onds(),
 get-First-Last-Day-OfLast-
 []


Overfull \hbox (0.83098pt too wide) in paragraph at lines 206--207
\OT1/cmr/m/n/12 Mon-thAs-Sec-onds(), get-FirstOf-Month(), get-FirstOf-Month2(),
 get-FirstO-fYear(), ge-
 []


Overfull \hbox (21.8766pt too wide) in paragraph at lines 206--207
\OT1/cmr/m/n/12 ge-tUser-Info(), getWhere(), load-Ob-ject(), make64BitInt(), no
r-mal-izeXML(), openDB(),
 []

) [58]
\openout2 = `cuon.Report-module.aux'.

 (./cuon.Report-module.tex [59


]
Overfull \hbox (12.92392pt too wide) in paragraph at lines 349--350
[]\OT1/cmr/m/n/12 addDateTime(), check-Bool(), check-End-Time(), check-Type(), 
closeDB(), con-vertTo(),
 []


Overfull \hbox (1.58792pt too wide) in paragraph at lines 349--350
\OT1/cmr/m/n/12 cre-at-e-NewSes-sionID(), de-com-press(), do-De-code64(), for-m
at-Date(), getAc-tu-al-Date-
 []


Overfull \hbox (8.05867pt too wide) in paragraph at lines 349--350
\OT1/cmr/m/n/12 Time(), getAs-so-ci-at-edTable(), get-Be-foreYears(), get-Con-f
igOp-tion(), get-Date-Time(),
 []


Overfull \hbox (2.88516pt too wide) in paragraph at lines 349--350
\OT1/cmr/m/n/12 get-First-Day-Of-Month(), get-First-Day-Of-Mon-thAs-Sec-onds(),
 get-First-Last-Day-OfLast-
 []


Overfull \hbox (0.83098pt too wide) in paragraph at lines 349--350
\OT1/cmr/m/n/12 Mon-thAs-Sec-onds(), get-FirstOf-Month(), get-FirstOf-Month2(),
 get-FirstO-fYear(), ge-
 []


Overfull \hbox (21.8766pt too wide) in paragraph at lines 349--350
\OT1/cmr/m/n/12 ge-tUser-Info(), getWhere(), load-Ob-ject(), make64BitInt(), no
r-mal-izeXML(), openDB(),
 []

[60]) [61]
\openout2 = `cuon.ReportServer-module.aux'.

 (./cuon.ReportServer-module.tex
Overfull \hbox (12.92392pt too wide) in paragraph at lines 141--142
[]\OT1/cmr/m/n/12 addDateTime(), check-Bool(), check-End-Time(), check-Type(), 
closeDB(), con-vertTo(),
 []


Overfull \hbox (1.58792pt too wide) in paragraph at lines 141--142
\OT1/cmr/m/n/12 cre-at-e-NewSes-sionID(), de-com-press(), do-De-code64(), for-m
at-Date(), getAc-tu-al-Date-
 []


Overfull \hbox (8.05867pt too wide) in paragraph at lines 141--142
\OT1/cmr/m/n/12 Time(), getAs-so-ci-at-edTable(), get-Be-foreYears(), get-Con-f
igOp-tion(), get-Date-Time(),
 []


Overfull \hbox (2.88516pt too wide) in paragraph at lines 141--142
\OT1/cmr/m/n/12 get-First-Day-Of-Month(), get-First-Day-Of-Mon-thAs-Sec-onds(),
 get-First-Last-Day-OfLast-
 []


Overfull \hbox (0.83098pt too wide) in paragraph at lines 141--142
\OT1/cmr/m/n/12 Mon-thAs-Sec-onds(), get-FirstOf-Month(), get-FirstOf-Month2(),
 get-FirstO-fYear(), ge-
 []


Overfull \hbox (21.8766pt too wide) in paragraph at lines 141--142
\OT1/cmr/m/n/12 ge-tUser-Info(), getWhere(), load-Ob-ject(), make64BitInt(), no
r-mal-izeXML(), openDB(),
 []

[62


]) [63]
\openout2 = `cuon.Reports-module.aux'.

 (./cuon.Reports-module.tex
LaTeX Font Info:    Font shape `OMS/cmr/m/n' in size <12> not available
(Font)              Font shape `OMS/cmsy/m/n' tried instead on input line 26.
) [64


]
\openout2 = `cuon.Reports.MyXML-module.aux'.

 (./cuon.Reports.MyXML-module.tex
[65


] [66]) [67]
\openout2 = `cuon.Reports.report-module.aux'.

 (./cuon.Reports.report-module.tex [68


] [69]
Overfull \hbox (13.30305pt too wide) in paragraph at lines 521--522
[]\OT1/cmr/m/n/12 NotTextNodeError(), getAt-tribut-Value(), get-Colum-nAt(), ge
t-Column-Spec-i-fi-ca-tion(),
 []


Overfull \hbox (29.95293pt too wide) in paragraph at lines 521--522
\OT1/cmr/m/n/12 get-Data(), getEn-tries(), getEn-try(), getEn-tryAt(), getEn-tr
ySpec-i-fi-ca-tion(), getListOfEn-
 []


Overfull \hbox (13.1114pt too wide) in paragraph at lines 521--522
\OT1/cmr/m/n/12 odes(), get-Num-berO-fEn-tries(), get-Num-berOfFields(), get-Ro
otN-ode(), get-Se-quence(),
 []

) [70]
\openout2 = `cuon.Reports.report2_latex-module.aux'.

 (./cuon.Reports.report2_latex-module.tex [71


] [72] [73]
Overfull \hbox (12.92392pt too wide) in paragraph at lines 730--731
[]\OT1/cmr/m/n/12 addDateTime(), check-Bool(), check-End-Time(), check-Type(), 
closeDB(), con-vertTo(),
 []


Overfull \hbox (1.58792pt too wide) in paragraph at lines 730--731
\OT1/cmr/m/n/12 cre-at-e-NewSes-sionID(), de-com-press(), do-De-code64(), for-m
at-Date(), getAc-tu-al-Date-
 []


Overfull \hbox (8.05867pt too wide) in paragraph at lines 730--731
\OT1/cmr/m/n/12 Time(), getAs-so-ci-at-edTable(), get-Be-foreYears(), get-Con-f
igOp-tion(), get-Date-Time(),
 []


Overfull \hbox (2.88516pt too wide) in paragraph at lines 730--731
\OT1/cmr/m/n/12 get-First-Day-Of-Month(), get-First-Day-Of-Mon-thAs-Sec-onds(),
 get-First-Last-Day-OfLast-
 []


Overfull \hbox (0.83098pt too wide) in paragraph at lines 730--731
\OT1/cmr/m/n/12 Mon-thAs-Sec-onds(), get-FirstOf-Month(), get-FirstOf-Month2(),
 get-FirstO-fYear(), ge-
 []


Overfull \hbox (21.8766pt too wide) in paragraph at lines 730--731
\OT1/cmr/m/n/12 ge-tUser-Info(), getWhere(), load-Ob-ject(), make64BitInt(), no
r-mal-izeXML(), openDB(),
 []


Overfull \hbox (37.96419pt too wide) in paragraph at lines 730--731
\OT1/cmr/m/n/12 re-build(), saveOb-ject(), writeLog(), xml-rpc[]getComboReportL
ists(), xml-rpc[]testXmlrpc() 
 []


Overfull \hbox (13.30305pt too wide) in paragraph at lines 748--749
[]\OT1/cmr/m/n/12 NotTextNodeError(), getAt-tribut-Value(), get-Colum-nAt(), ge
t-Column-Spec-i-fi-ca-tion(),
 []


Overfull \hbox (29.95293pt too wide) in paragraph at lines 748--749
\OT1/cmr/m/n/12 get-Data(), getEn-tries(), getEn-try(), getEn-tryAt(), getEn-tr
ySpec-i-fi-ca-tion(), getListOfEn-
 []


Overfull \hbox (13.1114pt too wide) in paragraph at lines 748--749
\OT1/cmr/m/n/12 odes(), get-Num-berO-fEn-tries(), get-Num-berOfFields(), get-Ro
otN-ode(), get-Se-quence(),
 []

) [74]
\openout2 = `cuon.Reports.report_addresses_phone1-module.aux'.

 (./cuon.Reports.report_addresses_phone1-module.tex) [75


]
\openout2 = `cuon.Reports.report_addresses_phone11-module.aux'.


(./cuon.Reports.report_addresses_phone11-module.tex) [76


]
\openout2 = `cuon.Reports.report_addresses_phone12-module.aux'.


(./cuon.Reports.report_addresses_phone12-module.tex) [77


]
\openout2 = `cuon.Reports.report_articles_number1-module.aux'.


(./cuon.Reports.report_articles_number1-module.tex) [78


]
\openout2 = `cuon.Reports.report_articles_pickles_standard-module.aux'.


(./cuon.Reports.report_articles_pickles_standard-module.tex) [79


]
\openout2 = `cuon.Reports.report_basics-module.aux'.


(./cuon.Reports.report_basics-module.tex
Overfull \hbox (277.93443pt too wide) in paragraph at lines 44--57
\OT1/cmr/bx/n/12 Known Sub-classes: \OT1/cmr/m/n/12 cuon.Reports.report[]list[]
of[]top.report[]list[]of[]top, cuon.Reports.report[]order[]standard[]invoice.re
port[]order[]standard[]invoice,
 []


Overfull \hbox (7.89499pt too wide) in paragraph at lines 44--57
\OT1/cmr/m/n/12 cuon.Reports.report[]hibernation[]incoming[]document.report[]hi
bernation[]incoming[]document,
 []


Overfull \hbox (236.7087pt too wide) in paragraph at lines 44--57
\OT1/cmr/m/n/12 cuon.Reports.report[]hibernation[]invoice.report[]hibernation[]
invoice, cuon.Reports.report[]order[]list[]of[]invoices.report[]order[]list[]of
[]invoices,
 []


Overfull \hbox (320.94228pt too wide) in paragraph at lines 44--57
\OT1/cmr/m/n/12 cuon.Reports.report[]proposal[]standard.report[]proposal[]stand
ard, cuon.Reports.report[]hibernation[]pickup[]document.report[]hibernation[]pi
ckup[]document,
 []


Overfull \hbox (244.25471pt too wide) in paragraph at lines 44--57
\OT1/cmr/m/n/12 cuon.Reports.report[]list[]list[]of[]invoices.report[]list[]lis
t[]of[]invoices, cuon.Reports.report[]order[]standard[]supply.report[]order[]st
andard[]supply,
 []


Overfull \hbox (129.7848pt too wide) in paragraph at lines 44--57
\OT1/cmr/m/n/12 cuon.Reports.report[]list[]of[]reminder.report[]list[]of[]remin
der, cuon.Reports.report[]list[]of[]residue.report[]list[]of[]residue,
 []

) [80


]
\openout2 = `cuon.Reports.report_cab_monthly-module.aux'.

 (./cuon.Reports.report_cab_monthly-module.tex) [81


]
\openout2 = `cuon.Reports.report_grave_plant_lists-module.aux'.


(./cuon.Reports.report_grave_plant_lists-module.tex) [82


]
\openout2 = `cuon.Reports.report_hibernation_incoming_document-module.aux'.


(./cuon.Reports.report_hibernation_incoming_document-module.tex
Overfull \hbox (320.42542pt too wide) in paragraph at lines 44--54
[] 
 []

) [83


]
\openout2 = `cuon.Reports.report_hibernation_invoice-module.aux'.

 (./cuon.Reports.report_hibernation_invoice-module.tex
Overfull \hbox (168.95541pt too wide) in paragraph at lines 44--54
[] 
 []

) [84


]
\openout2 = `cuon.Reports.report_hibernation_outgoing_document-module.aux'.

 (./cuon.Reports.report_hibernation_outgoing_document-module.tex)
[85


]
\openout2 = `cuon.Reports.report_hibernation_pickup_document-module.aux'.

 (./cuon.Reports.report_hibernation_pickup_document-module.tex
Overfull \hbox (291.92542pt too wide) in paragraph at lines 44--54
[] 
 []

) [86


]
\openout2 = `cuon.Reports.report_list_list_of_invoices-module.aux'.

 (./cuon.Reports.report_list_list_of_invoices-module.tex
Overfull \hbox (156.87326pt too wide) in paragraph at lines 44--54
[] 
 []

) [87


]
\openout2 = `cuon.Reports.report_list_of_inpayment-module.aux'.

 (./cuon.Reports.report_list_of_inpayment-module.tex
Overfull \hbox (143.47821pt too wide) in paragraph at lines 44--54
[] 
 []

) [88


]
\openout2 = `cuon.Reports.report_list_of_reminder-module.aux'.

 (./cuon.Reports.report_list_of_reminder-module.tex
Overfull \hbox (126.47824pt too wide) in paragraph at lines 44--54
[] 
 []

) [89


]
\openout2 = `cuon.Reports.report_list_of_residue-module.aux'.

 (./cuon.Reports.report_list_of_residue-module.tex
Overfull \hbox (103.60046pt too wide) in paragraph at lines 44--54
[] 
 []

) [90


]
\openout2 = `cuon.Reports.report_list_of_top-module.aux'.

 (./cuon.Reports.report_list_of_top-module.tex
Overfull \hbox (58.78378pt too wide) in paragraph at lines 44--54
[] 
 []

) [91


]
\openout2 = `cuon.Reports.report_order_list_of_invoices-module.aux'.

 (./cuon.Reports.report_order_list_of_invoices-module.tex
Overfull \hbox (183.59827pt too wide) in paragraph at lines 44--54
[] 
 []

) [92


]
\openout2 = `cuon.Reports.report_order_standard_invoice-module.aux'.

 (./cuon.Reports.report_order_standard_invoice-module.tex
Overfull \hbox (208.75604pt too wide) in paragraph at lines 44--54
[] 
 []

) [93


]
\openout2 = `cuon.Reports.report_order_standard_supply-module.aux'.

 (./cuon.Reports.report_order_standard_supply-module.tex
Overfull \hbox (204.64914pt too wide) in paragraph at lines 44--54
[] 
 []

) [94


]
\openout2 = `cuon.Reports.report_printAddress-module.aux'.

 (./cuon.Reports.report_printAddress-module.tex) [95


]
\openout2 = `cuon.Reports.report_proposal_standard-module.aux'.


(./cuon.Reports.report_proposal_standard-module.tex
Overfull \hbox (155.64441pt too wide) in paragraph at lines 44--54
[] 
 []

) [96


]
\openout2 = `cuon.Reports.report_stockgoods_number1-module.aux'.

 (./cuon.Reports.report_stockgoods_number1-module.tex) [97


]
\openout2 = `cuon.Reports.standardlist-module.aux'.


(./cuon.Reports.standardlist-module.tex
Overfull \hbox (14.45169pt too wide) in paragraph at lines 100--101
\OT1/cmr/m/n/12 PdfField(), print-Re-port-Footer(), print-Re-port-Header(), pri
nt-Ti-tle(), set-Back-ground(),
 []


Overfull \hbox (8.11563pt too wide) in paragraph at lines 100--101
\OT1/cmr/m/n/12 set-Di-cUser(), set-Lat-est-Site-In-for-ma-tions(), se-tRe-port
-Val-ues(), start(), startRe-port(),
 []


Overfull \hbox (13.30305pt too wide) in paragraph at lines 106--107
[]\OT1/cmr/m/n/12 NotTextNodeError(), getAt-tribut-Value(), get-Colum-nAt(), ge
t-Column-Spec-i-fi-ca-tion(),
 []


Overfull \hbox (29.95293pt too wide) in paragraph at lines 106--107
\OT1/cmr/m/n/12 get-Data(), getEn-tries(), getEn-try(), getEn-tryAt(), getEn-tr
ySpec-i-fi-ca-tion(), getListOfEn-
 []


Overfull \hbox (13.1114pt too wide) in paragraph at lines 106--107
\OT1/cmr/m/n/12 odes(), get-Num-berO-fEn-tries(), get-Num-berOfFields(), get-Ro
otN-ode(), get-Se-quence(),
 []

) [98


]
\openout2 = `cuon.SQL-module.aux'.

 (./cuon.SQL-module.tex [99


]
Overfull \hbox (12.92392pt too wide) in paragraph at lines 221--222
[]\OT1/cmr/m/n/12 addDateTime(), check-Bool(), check-End-Time(), check-Type(), 
closeDB(), con-vertTo(),
 []


Overfull \hbox (1.58792pt too wide) in paragraph at lines 221--222
\OT1/cmr/m/n/12 cre-at-e-NewSes-sionID(), de-com-press(), do-De-code64(), for-m
at-Date(), getAc-tu-al-Date-
 []


Overfull \hbox (8.05867pt too wide) in paragraph at lines 221--222
\OT1/cmr/m/n/12 Time(), getAs-so-ci-at-edTable(), get-Be-foreYears(), get-Con-f
igOp-tion(), get-Date-Time(),
 []


Overfull \hbox (2.88516pt too wide) in paragraph at lines 221--222
\OT1/cmr/m/n/12 get-First-Day-Of-Month(), get-First-Day-Of-Mon-thAs-Sec-onds(),
 get-First-Last-Day-OfLast-
 []


Overfull \hbox (0.83098pt too wide) in paragraph at lines 221--222
\OT1/cmr/m/n/12 Mon-thAs-Sec-onds(), get-FirstOf-Month(), get-FirstOf-Month2(),
 get-FirstO-fYear(), ge-
 []


Overfull \hbox (21.8766pt too wide) in paragraph at lines 221--222
\OT1/cmr/m/n/12 ge-tUser-Info(), getWhere(), load-Ob-ject(), make64BitInt(), no
r-mal-izeXML(), openDB(),
 []

) [100]
\openout2 = `cuon.SVG-module.aux'.

 (./cuon.SVG-module.tex [101


]) [102]
\openout2 = `cuon.Stock-module.aux'.

 (./cuon.Stock-module.tex [103


]
Overfull \hbox (12.92392pt too wide) in paragraph at lines 167--168
[]\OT1/cmr/m/n/12 addDateTime(), check-Bool(), check-End-Time(), check-Type(), 
closeDB(), con-vertTo(),
 []


Overfull \hbox (1.58792pt too wide) in paragraph at lines 167--168
\OT1/cmr/m/n/12 cre-at-e-NewSes-sionID(), de-com-press(), do-De-code64(), for-m
at-Date(), getAc-tu-al-Date-
 []


Overfull \hbox (8.05867pt too wide) in paragraph at lines 167--168
\OT1/cmr/m/n/12 Time(), getAs-so-ci-at-edTable(), get-Be-foreYears(), get-Con-f
igOp-tion(), get-Date-Time(),
 []


Overfull \hbox (2.88516pt too wide) in paragraph at lines 167--168
\OT1/cmr/m/n/12 get-First-Day-Of-Month(), get-First-Day-Of-Mon-thAs-Sec-onds(),
 get-First-Last-Day-OfLast-
 []


Overfull \hbox (0.83098pt too wide) in paragraph at lines 167--168
\OT1/cmr/m/n/12 Mon-thAs-Sec-onds(), get-FirstOf-Month(), get-FirstOf-Month2(),
 get-FirstO-fYear(), ge-
 []


Overfull \hbox (21.8766pt too wide) in paragraph at lines 167--168
\OT1/cmr/m/n/12 ge-tUser-Info(), getWhere(), load-Ob-ject(), make64BitInt(), no
r-mal-izeXML(), openDB(),
 []

) [104]
\openout2 = `cuon.Support-module.aux'.

 (./cuon.Support-module.tex
Overfull \hbox (12.92392pt too wide) in paragraph at lines 141--142
[]\OT1/cmr/m/n/12 addDateTime(), check-Bool(), check-End-Time(), check-Type(), 
closeDB(), con-vertTo(),
 []


Overfull \hbox (1.58792pt too wide) in paragraph at lines 141--142
\OT1/cmr/m/n/12 cre-at-e-NewSes-sionID(), de-com-press(), do-De-code64(), for-m
at-Date(), getAc-tu-al-Date-
 []


Overfull \hbox (8.05867pt too wide) in paragraph at lines 141--142
\OT1/cmr/m/n/12 Time(), getAs-so-ci-at-edTable(), get-Be-foreYears(), get-Con-f
igOp-tion(), get-Date-Time(),
 []


Overfull \hbox (2.88516pt too wide) in paragraph at lines 141--142
\OT1/cmr/m/n/12 get-First-Day-Of-Month(), get-First-Day-Of-Mon-thAs-Sec-onds(),
 get-First-Last-Day-OfLast-
 []


Overfull \hbox (0.83098pt too wide) in paragraph at lines 141--142
\OT1/cmr/m/n/12 Mon-thAs-Sec-onds(), get-FirstOf-Month(), get-FirstOf-Month2(),
 get-FirstO-fYear(), ge-
 []


Overfull \hbox (21.8766pt too wide) in paragraph at lines 141--142
\OT1/cmr/m/n/12 ge-tUser-Info(), getWhere(), load-Ob-ject(), make64BitInt(), no
r-mal-izeXML(), openDB(),
 []

[105


]) [106]
\openout2 = `cuon.Tweet-module.aux'.

 (./cuon.Tweet-module.tex [107


]
Overfull \hbox (12.92392pt too wide) in paragraph at lines 219--220
[]\OT1/cmr/m/n/12 addDateTime(), check-Bool(), check-End-Time(), check-Type(), 
closeDB(), con-vertTo(),
 []


Overfull \hbox (1.58792pt too wide) in paragraph at lines 219--220
\OT1/cmr/m/n/12 cre-at-e-NewSes-sionID(), de-com-press(), do-De-code64(), for-m
at-Date(), getAc-tu-al-Date-
 []


Overfull \hbox (8.05867pt too wide) in paragraph at lines 219--220
\OT1/cmr/m/n/12 Time(), getAs-so-ci-at-edTable(), get-Be-foreYears(), get-Con-f
igOp-tion(), get-Date-Time(),
 []


Overfull \hbox (2.88516pt too wide) in paragraph at lines 219--220
\OT1/cmr/m/n/12 get-First-Day-Of-Month(), get-First-Day-Of-Mon-thAs-Sec-onds(),
 get-First-Last-Day-OfLast-
 []


Overfull \hbox (0.83098pt too wide) in paragraph at lines 219--220
\OT1/cmr/m/n/12 Mon-thAs-Sec-onds(), get-FirstOf-Month(), get-FirstOf-Month2(),
 get-FirstO-fYear(), ge-
 []


Overfull \hbox (21.8766pt too wide) in paragraph at lines 219--220
\OT1/cmr/m/n/12 ge-tUser-Info(), getWhere(), load-Ob-ject(), make64BitInt(), no
r-mal-izeXML(), openDB(),
 []

) [108]
\openout2 = `cuon.User-module.aux'.

 (./cuon.User-module.tex [109


]
Overfull \hbox (12.92392pt too wide) in paragraph at lines 222--223
[]\OT1/cmr/m/n/12 addDateTime(), check-Bool(), check-End-Time(), check-Type(), 
closeDB(), con-vertTo(),
 []


Overfull \hbox (1.58792pt too wide) in paragraph at lines 222--223
\OT1/cmr/m/n/12 cre-at-e-NewSes-sionID(), de-com-press(), do-De-code64(), for-m
at-Date(), getAc-tu-al-Date-
 []


Overfull \hbox (8.05867pt too wide) in paragraph at lines 222--223
\OT1/cmr/m/n/12 Time(), getAs-so-ci-at-edTable(), get-Be-foreYears(), get-Con-f
igOp-tion(), get-Date-Time(),
 []


Overfull \hbox (2.88516pt too wide) in paragraph at lines 222--223
\OT1/cmr/m/n/12 get-First-Day-Of-Month(), get-First-Day-Of-Mon-thAs-Sec-onds(),
 get-First-Last-Day-OfLast-
 []


Overfull \hbox (0.83098pt too wide) in paragraph at lines 222--223
\OT1/cmr/m/n/12 Mon-thAs-Sec-onds(), get-FirstOf-Month(), get-FirstOf-Month2(),
 get-FirstO-fYear(), ge-
 []


Overfull \hbox (21.8766pt too wide) in paragraph at lines 222--223
\OT1/cmr/m/n/12 ge-tUser-Info(), getWhere(), load-Ob-ject(), make64BitInt(), no
r-mal-izeXML(), openDB(),
 []

) [110]
\openout2 = `cuon.Web-module.aux'.

 (./cuon.Web-module.tex [111


]
Overfull \hbox (12.92392pt too wide) in paragraph at lines 193--194
[]\OT1/cmr/m/n/12 addDateTime(), check-Bool(), check-End-Time(), check-Type(), 
closeDB(), con-vertTo(),
 []


Overfull \hbox (1.58792pt too wide) in paragraph at lines 193--194
\OT1/cmr/m/n/12 cre-at-e-NewSes-sionID(), de-com-press(), do-De-code64(), for-m
at-Date(), getAc-tu-al-Date-
 []


Overfull \hbox (8.05867pt too wide) in paragraph at lines 193--194
\OT1/cmr/m/n/12 Time(), getAs-so-ci-at-edTable(), get-Be-foreYears(), get-Con-f
igOp-tion(), get-Date-Time(),
 []


Overfull \hbox (2.88516pt too wide) in paragraph at lines 193--194
\OT1/cmr/m/n/12 get-First-Day-Of-Month(), get-First-Day-Of-Mon-thAs-Sec-onds(),
 get-First-Last-Day-OfLast-
 []


Overfull \hbox (0.83098pt too wide) in paragraph at lines 193--194
\OT1/cmr/m/n/12 Mon-thAs-Sec-onds(), get-FirstOf-Month(), get-FirstOf-Month2(),
 get-FirstO-fYear(), ge-
 []


Overfull \hbox (21.8766pt too wide) in paragraph at lines 193--194
\OT1/cmr/m/n/12 ge-tUser-Info(), getWhere(), load-Ob-ject(), make64BitInt(), no
r-mal-izeXML(), openDB(),
 []

) [112]
\openout2 = `cuon.Web2-module.aux'.

 (./cuon.Web2-module.tex [113


]
Overfull \hbox (12.92392pt too wide) in paragraph at lines 232--233
[]\OT1/cmr/m/n/12 addDateTime(), check-Bool(), check-End-Time(), check-Type(), 
closeDB(), con-vertTo(),
 []


Overfull \hbox (1.58792pt too wide) in paragraph at lines 232--233
\OT1/cmr/m/n/12 cre-at-e-NewSes-sionID(), de-com-press(), do-De-code64(), for-m
at-Date(), getAc-tu-al-Date-
 []


Overfull \hbox (8.05867pt too wide) in paragraph at lines 232--233
\OT1/cmr/m/n/12 Time(), getAs-so-ci-at-edTable(), get-Be-foreYears(), get-Con-f
igOp-tion(), get-Date-Time(),
 []


Overfull \hbox (2.88516pt too wide) in paragraph at lines 232--233
\OT1/cmr/m/n/12 get-First-Day-Of-Month(), get-First-Day-Of-Mon-thAs-Sec-onds(),
 get-First-Last-Day-OfLast-
 []


Overfull \hbox (0.83098pt too wide) in paragraph at lines 232--233
\OT1/cmr/m/n/12 Mon-thAs-Sec-onds(), get-FirstOf-Month(), get-FirstOf-Month2(),
 get-FirstO-fYear(), ge-
 []


Overfull \hbox (21.8766pt too wide) in paragraph at lines 232--233
\OT1/cmr/m/n/12 ge-tUser-Info(), getWhere(), load-Ob-ject(), make64BitInt(), no
r-mal-izeXML(), openDB(),
 []

) [114]
\openout2 = `cuon.WebAI-module.aux'.

 (./cuon.WebAI-module.tex
Overfull \hbox (12.92392pt too wide) in paragraph at lines 126--127
[]\OT1/cmr/m/n/12 addDateTime(), check-Bool(), check-End-Time(), check-Type(), 
closeDB(), con-vertTo(),
 []


Overfull \hbox (1.58792pt too wide) in paragraph at lines 126--127
\OT1/cmr/m/n/12 cre-at-e-NewSes-sionID(), de-com-press(), do-De-code64(), for-m
at-Date(), getAc-tu-al-Date-
 []


Overfull \hbox (8.05867pt too wide) in paragraph at lines 126--127
\OT1/cmr/m/n/12 Time(), getAs-so-ci-at-edTable(), get-Be-foreYears(), get-Con-f
igOp-tion(), get-Date-Time(),
 []


Overfull \hbox (2.88516pt too wide) in paragraph at lines 126--127
\OT1/cmr/m/n/12 get-First-Day-Of-Month(), get-First-Day-Of-Mon-thAs-Sec-onds(),
 get-First-Last-Day-OfLast-
 []


Overfull \hbox (0.83098pt too wide) in paragraph at lines 126--127
\OT1/cmr/m/n/12 Mon-thAs-Sec-onds(), get-FirstOf-Month(), get-FirstOf-Month2(),
 get-FirstO-fYear(), ge-
 []


Overfull \hbox (21.8766pt too wide) in paragraph at lines 126--127
\OT1/cmr/m/n/12 ge-tUser-Info(), getWhere(), load-Ob-ject(), make64BitInt(), no
r-mal-izeXML(), openDB(),
 []

[115


]) [116]
\openout2 = `cuon.WebShop-module.aux'.

 (./cuon.WebShop-module.tex [117


]
Overfull \hbox (12.92392pt too wide) in paragraph at lines 193--194
[]\OT1/cmr/m/n/12 addDateTime(), check-Bool(), check-End-Time(), check-Type(), 
closeDB(), con-vertTo(),
 []


Overfull \hbox (1.58792pt too wide) in paragraph at lines 193--194
\OT1/cmr/m/n/12 cre-at-e-NewSes-sionID(), de-com-press(), do-De-code64(), for-m
at-Date(), getAc-tu-al-Date-
 []


Overfull \hbox (8.05867pt too wide) in paragraph at lines 193--194
\OT1/cmr/m/n/12 Time(), getAs-so-ci-at-edTable(), get-Be-foreYears(), get-Con-f
igOp-tion(), get-Date-Time(),
 []


Overfull \hbox (2.88516pt too wide) in paragraph at lines 193--194
\OT1/cmr/m/n/12 get-First-Day-Of-Month(), get-First-Day-Of-Mon-thAs-Sec-onds(),
 get-First-Last-Day-OfLast-
 []


Overfull \hbox (0.83098pt too wide) in paragraph at lines 193--194
\OT1/cmr/m/n/12 Mon-thAs-Sec-onds(), get-FirstOf-Month(), get-FirstOf-Month2(),
 get-FirstO-fYear(), ge-
 []


Overfull \hbox (21.8766pt too wide) in paragraph at lines 193--194
\OT1/cmr/m/n/12 ge-tUser-Info(), getWhere(), load-Ob-ject(), make64BitInt(), no
r-mal-izeXML(), openDB(),
 []

) [118]
\openout2 = `cuon.ai-module.aux'.

 (./cuon.ai-module.tex [119


]) [120]
\openout2 = `cuon.ai_main-module.aux'.

 (./cuon.ai_main-module.tex) [121


]
\openout2 = `cuon.basics-module.aux'.


(./cuon.basics-module.tex
Overfull \hbox (59.13513pt too wide) in paragraph at lines 64--88
[]\OT1/cmr/bx/n/12 Known Sub-classes: \OT1/cmr/m/n/12 cuon.Address.Address, cuo
n.Email.cuonemail, cuon.Grave.Grave, cuon.Web.Web,
 []


Overfull \hbox (54.23958pt too wide) in paragraph at lines 64--88
\OT1/cmr/m/n/12 cuon.WebAI.WebAI, cuon.SQL.SQL, cuon.WebShop.WebShop, cuon.Web2
.Web2, cuon.Report.Report,
 []


Overfull \hbox (134.05902pt too wide) in paragraph at lines 64--88
\OT1/cmr/m/n/12 cuon.User.User, cuon.Stock.Stock, cuon.Finances.Finances, cuon.
Projects.Projects, cuon.Reports.report2[]latex.report2 
 []

[122


] [123] [124]) [125]
\openout2 = `cuon.createWebAnalysis-module.aux'.

 (./cuon.createWebAnalysis-module.tex) [126


]
\openout2 = `cuon.gridxml-module.aux'.


(./cuon.gridxml-module.tex) [127


]
\openout2 = `cuon.iCal-module.aux'.

 (./cuon.iCal-module.tex [128


]
Overfull \hbox (12.92392pt too wide) in paragraph at lines 297--298
[]\OT1/cmr/m/n/12 addDateTime(), check-Bool(), check-End-Time(), check-Type(), 
closeDB(), con-vertTo(),
 []


Overfull \hbox (1.58792pt too wide) in paragraph at lines 297--298
\OT1/cmr/m/n/12 cre-at-e-NewSes-sionID(), de-com-press(), do-De-code64(), for-m
at-Date(), getAc-tu-al-Date-
 []


Overfull \hbox (8.05867pt too wide) in paragraph at lines 297--298
\OT1/cmr/m/n/12 Time(), getAs-so-ci-at-edTable(), get-Be-foreYears(), get-Con-f
igOp-tion(), get-Date-Time(),
 []


Overfull \hbox (2.88516pt too wide) in paragraph at lines 297--298
\OT1/cmr/m/n/12 get-First-Day-Of-Month(), get-First-Day-Of-Mon-thAs-Sec-onds(),
 get-First-Last-Day-OfLast-
 []


Overfull \hbox (0.83098pt too wide) in paragraph at lines 297--298
\OT1/cmr/m/n/12 Mon-thAs-Sec-onds(), get-FirstOf-Month(), get-FirstOf-Month2(),
 get-FirstO-fYear(), ge-
 []


Overfull \hbox (21.8766pt too wide) in paragraph at lines 297--298
\OT1/cmr/m/n/12 ge-tUser-Info(), getWhere(), load-Ob-ject(), make64BitInt(), no
r-mal-izeXML(), openDB(),
 []

[129]) [130]
\openout2 = `cuon.jabberBot-module.aux'.

 (./cuon.jabberBot-module.tex [131


]
Overfull \hbox (12.92392pt too wide) in paragraph at lines 167--168
[]\OT1/cmr/m/n/12 addDateTime(), check-Bool(), check-End-Time(), check-Type(), 
closeDB(), con-vertTo(),
 []


Overfull \hbox (1.58792pt too wide) in paragraph at lines 167--168
\OT1/cmr/m/n/12 cre-at-e-NewSes-sionID(), de-com-press(), do-De-code64(), for-m
at-Date(), getAc-tu-al-Date-
 []


Overfull \hbox (8.05867pt too wide) in paragraph at lines 167--168
\OT1/cmr/m/n/12 Time(), getAs-so-ci-at-edTable(), get-Be-foreYears(), get-Con-f
igOp-tion(), get-Date-Time(),
 []


Overfull \hbox (2.88516pt too wide) in paragraph at lines 167--168
\OT1/cmr/m/n/12 get-First-Day-Of-Month(), get-First-Day-Of-Mon-thAs-Sec-onds(),
 get-First-Last-Day-OfLast-
 []


Overfull \hbox (0.83098pt too wide) in paragraph at lines 167--168
\OT1/cmr/m/n/12 Mon-thAs-Sec-onds(), get-FirstOf-Month(), get-FirstOf-Month2(),
 get-FirstO-fYear(), ge-
 []


Overfull \hbox (21.8766pt too wide) in paragraph at lines 167--168
\OT1/cmr/m/n/12 ge-tUser-Info(), getWhere(), load-Ob-ject(), make64BitInt(), no
r-mal-izeXML(), openDB(),
 []

) [132]
\openout2 = `cuon.simplemail-module.aux'.

 (./cuon.simplemail-module.tex
Overfull \hbox (73.99907pt too wide) in paragraph at lines 17--75
\OT1/cmr/m/n/12 http://www.opensource.org/licenses/lgpl-license.php * Re-quire-
ments: Python 2.3: http://www.python.org
 []

[133


]
Overfull \hbox (131.0402pt too wide) in paragraph at lines 134--139
[]\OT1/cmr/bx/n/12 Known Sub-classes: \OT1/cmr/m/n/12 cuon.simplemail.Attachmen
tNotFound[]Exception, cuon.simplemail.NoFromAddress[]Exception,
 []

[134]
Overfull \hbox (22.97467pt too wide) in paragraph at lines 212--255
[] 
 []

[135]
Overfull \hbox (7.11353pt too wide) in paragraph at lines 320--363
[] 
 []

[136] [137]
Overfull \hbox (56.23434pt too wide) in paragraph at lines 536--579
[] 
 []

[138]
Overfull \hbox (59.00017pt too wide) in paragraph at lines 742--743
[][][]\OT1/cmr/m/n/12 delattr[][](), [][]format[][](), [][]getattribute[][](), 
[][]hash[][](), [][]new[][](), [][]reduce[][](), [][]reduce[]ex[][](),
 []

[139]
Overfull \hbox (59.00017pt too wide) in paragraph at lines 900--901
[][][]\OT1/cmr/m/n/12 delattr[][](), [][]format[][](), [][]getattribute[][](), 
[][]hash[][](), [][]new[][](), [][]reduce[][](), [][]reduce[]ex[][](),
 []

[140]
Overfull \hbox (59.00017pt too wide) in paragraph at lines 970--971
[][][]\OT1/cmr/m/n/12 delattr[][](), [][]format[][](), [][]getattribute[][](), 
[][]hash[][](), [][]new[][](), [][]reduce[][](), [][]reduce[]ex[][](),
 []

[141]
Overfull \hbox (59.00017pt too wide) in paragraph at lines 1040--1041
[][][]\OT1/cmr/m/n/12 delattr[][](), [][]format[][](), [][]getattribute[][](), 
[][]hash[][](), [][]new[][](), [][]reduce[][](), [][]reduce[]ex[][](),
 []


Overfull \hbox (12.92165pt too wide) in paragraph at lines 1115--1115
[]    \OT1/cmtt/m/n/12 smtp[]server      = the ip-address or the name of the SM
TP-server[] 
 []


Overfull \hbox (0.57164pt too wide) in paragraph at lines 1126--1126
[]    \OT1/cmtt/m/n/12 to[]caption       = die Beschriftung (der Name) des Empf
aengers[] 
 []


Overfull \hbox (51.70067pt too wide) in paragraph at lines 1130--1130
[]                       \OT1/cmtt/m/n/12 Es kann auch der Port mit ``:`` vom S
erver getrennt[] 
 []


Overfull \hbox (74.67168pt too wide) in paragraph at lines 1132--1132
[]    \OT1/cmtt/m/n/12 smtp[]user        = (optional) Benutzername zum Anmelden
 an den SMTP-Server[] 
 []


Overfull \hbox (74.67168pt too wide) in paragraph at lines 1133--1133
[]    \OT1/cmtt/m/n/12 smtp[]passwort    = (optional) das Passwort zum Anmelden
 an den SMTP-Server[] 
 []

[142]
Overfull \hbox (2.30064pt too wide) in paragraph at lines 1160--1160
[]    \OT1/cmtt/m/n/12 Wird das Email nur an einen Empfaenger gesendet, dann wi
rd bei[] 
 []


Overfull \hbox (39.10324pt too wide) in paragraph at lines 1161--1161
[]    \OT1/cmtt/m/n/12 Erfolg \OML/cmtt/m/n/12 <\OT1/cmtt/m/n/12 True\OML/cmtt/
m/n/12 > \OT1/cmtt/m/n/12 zurueck gegeben. Wird das Email an mehrere Empfaenger
[] 
 []


Overfull \hbox (20.82565pt too wide) in paragraph at lines 1162--1162
[]    \OT1/cmtt/m/n/12 gesendet und wurde an mindestens einen der Empfaenger er
folgreich[] 
 []


Overfull \hbox (2.30064pt too wide) in paragraph at lines 1165--1165
[]    \OT1/cmtt/m/n/12 Wird das Email nur an einen Empfaenger gesendet, dann wi
rd bei[] 
 []


Overfull \hbox (2.05322pt too wide) in paragraph at lines 1166--1166
[]    \OT1/cmtt/m/n/12 Misserfolg \OML/cmtt/m/n/12 <\OT1/cmtt/m/n/12 False\OML/
cmtt/m/n/12 > \OT1/cmtt/m/n/12 zurueck gegeben. Wird das Email an mehrere[] 
 []


Overfull \hbox (27.00066pt too wide) in paragraph at lines 1167--1167
[]    \OT1/cmtt/m/n/12 Empfaenger gesendet und wurde an keinen der Empfaenger e
rfolgreich[] 
 []

[143]
Overfull \hbox (59.00017pt too wide) in paragraph at lines 1178--1179
[][][]\OT1/cmr/m/n/12 delattr[][](), [][]format[][](), [][]getattribute[][](), 
[][]hash[][](), [][]new[][](), [][]reduce[][](), [][]reduce[]ex[][](),
 []

) [144]
\openout2 = `cuon.web_root-module.aux'.

 (./cuon.web_root-module.tex) [145


] (./api.ind
Overfull \hbox (27.74855pt too wide) in paragraph at lines 21--23
[]| \OT1/cmr/m/n/12 cuon.CalendarGen.drawCalendarPage \OT1/cmr/m/it/12 (func-
 []


Overfull \hbox (4.30617pt too wide) in paragraph at lines 23--25
[]| \OT1/cmr/m/n/12 cuon.CalendarGen.drawGrid \OT1/cmr/m/it/12 (func-tion)\OT1/
cmr/m/n/12 ,
 []


Overfull \hbox (16.95047pt too wide) in paragraph at lines 25--27
[]| \OT1/cmr/m/n/12 cuon.CalendarGen.drawHeader \OT1/cmr/m/it/12 (func-tion)\OT
1/cmr/m/n/12 ,
 []


Overfull \hbox (2.49368pt too wide) in paragraph at lines 27--29
[]| \OT1/cmr/m/n/12 cuon.CalendarGen.loadDays \OT1/cmr/m/it/12 (func-tion)\OT1/
cmr/m/n/12 ,
 []


Overfull \hbox (34.60286pt too wide) in paragraph at lines 44--46
[]| \OT1/cmr/m/n/12 cuon.Email2.AttachmentNotFound[]Exception
 []


Overfull \hbox (4.90582pt too wide) in paragraph at lines 48--50
[]| \OT1/cmr/m/n/12 cuon.Email2.BCCRecipients \OT1/cmr/m/it/12 (class)\OT1/cmr/
m/n/12 , [][][][][][]--
 []


Overfull \hbox (5.03233pt too wide) in paragraph at lines 54--56
[]| \OT1/cmr/m/n/12 cuon.Email2.NoFromAddress[]Exception
 []


Overfull \hbox (15.4982pt too wide) in paragraph at lines 56--58
[]| \OT1/cmr/m/n/12 cuon.Email2.NoSubject[]Exception \OT1/cmr/m/it/12 (class)\O
T1/cmr/m/n/12 ,
 []


Overfull \hbox (30.9647pt too wide) in paragraph at lines 58--60
[]| \OT1/cmr/m/n/12 cuon.Email2.NoToAddress[]Exception \OT1/cmr/m/it/12 (class)
\OT1/cmr/m/n/12 ,
 []


Overfull \hbox (19.74121pt too wide) in paragraph at lines 62--64
[]| \OT1/cmr/m/n/12 cuon.Email2.SimpleMail[]Exception \OT1/cmr/m/it/12 (class)\
OT1/cmr/m/n/12 ,
 []


Overfull \hbox (9.74287pt too wide) in paragraph at lines 95--97
[]| \OT1/cmr/m/n/12 cuon.Reports.report2[]latex \OT1/cmr/m/it/12 (mod-ule)\OT1/
cmr/m/n/12 , [][][][][][]--
 []


Overfull \hbox (28.30846pt too wide) in paragraph at lines 97--99
[]| \OT1/cmr/m/n/12 cuon.Reports.report[]addresses[]phone1 \OT1/cmr/m/it/12 (mo
d-
 []


Overfull \hbox (1.57207pt too wide) in paragraph at lines 99--101
[]| \OT1/cmr/m/n/12 cuon.Reports.report[]addresses[]phone11
 []


Overfull \hbox (1.57207pt too wide) in paragraph at lines 101--103
[]| \OT1/cmr/m/n/12 cuon.Reports.report[]addresses[]phone12
 []


Overfull \hbox (25.24043pt too wide) in paragraph at lines 103--105
[]| \OT1/cmr/m/n/12 cuon.Reports.report[]articles[]number1 \OT1/cmr/m/it/12 (mo
d-
 []


Overfull \hbox (31.26009pt too wide) in paragraph at lines 105--107
[]| \OT1/cmr/m/n/12 cuon.Reports.report[]articles[]pickles[]standard
 []

[146


]
Overfull \hbox (3.01933pt too wide) in paragraph at lines 107--109
[]| \OT1/cmr/m/n/12 cuon.Reports.report[]basics \OT1/cmr/m/it/12 (mod-ule)\OT1/
cmr/m/n/12 , [][][][][][] 
 []


Overfull \hbox (3.9601pt too wide) in paragraph at lines 109--111
[]| \OT1/cmr/m/n/12 cuon.Reports.report[]cab[]monthly \OT1/cmr/m/it/12 (mod-
 []


Overfull \hbox (22.0288pt too wide) in paragraph at lines 111--113
[]| \OT1/cmr/m/n/12 cuon.Reports.report[]grave[]plant[]lists \OT1/cmr/m/it/12 (
mod-
 []


Overfull \hbox (71.20967pt too wide) in paragraph at lines 113--115
[]| \OT1/cmr/m/n/12 cuon.Reports.report[]hibernation[]incoming[]document
 []


Overfull \hbox (5.29286pt too wide) in paragraph at lines 115--117
[]| \OT1/cmr/m/n/12 cuon.Reports.report[]hibernation[]invoice
 []


Overfull \hbox (69.25136pt too wide) in paragraph at lines 117--119
[]| \OT1/cmr/m/n/12 cuon.Reports.report[]hibernation[]outgoing[]document
 []


Overfull \hbox (58.80702pt too wide) in paragraph at lines 119--121
[]| \OT1/cmr/m/n/12 cuon.Reports.report[]hibernation[]pickup[]document
 []


Overfull \hbox (0.2404pt too wide) in paragraph at lines 121--123
[]| \OT1/cmr/m/n/12 cuon.Reports.report[]list[]list[]of[]invoices
 []


Overfull \hbox (27.18568pt too wide) in paragraph at lines 123--125
[]| \OT1/cmr/m/n/12 cuon.Reports.report[]list[]of[]inpayment \OT1/cmr/m/it/12 (
mod-
 []


Overfull \hbox (19.02605pt too wide) in paragraph at lines 125--127
[]| \OT1/cmr/m/n/12 cuon.Reports.report[]list[]of[]reminder \OT1/cmr/m/it/12 (m
od-
 []


Overfull \hbox (9.29976pt too wide) in paragraph at lines 127--129
[]| \OT1/cmr/m/n/12 cuon.Reports.report[]list[]of[]residue \OT1/cmr/m/it/12 (mo
d-
 []


Overfull \hbox (8.86815pt too wide) in paragraph at lines 129--131
[]| \OT1/cmr/m/n/12 cuon.Reports.report[]list[]of[]top \OT1/cmr/m/it/12 (mod-ul
e)\OT1/cmr/m/n/12 ,
 []


Overfull \hbox (11.27223pt too wide) in paragraph at lines 131--133
[]| \OT1/cmr/m/n/12 cuon.Reports.report[]order[]list[]of[]invoices
 []


Overfull \hbox (22.31712pt too wide) in paragraph at lines 133--135
[]| \OT1/cmr/m/n/12 cuon.Reports.report[]order[]standard[]invoice
 []


Overfull \hbox (21.07686pt too wide) in paragraph at lines 135--137
[]| \OT1/cmr/m/n/12 cuon.Reports.report[]order[]standard[]supply
 []


Overfull \hbox (5.73148pt too wide) in paragraph at lines 137--139
[]| \OT1/cmr/m/n/12 cuon.Reports.report[]printAddress \OT1/cmr/m/it/12 (mod-
 []


Overfull \hbox (32.48619pt too wide) in paragraph at lines 139--141
[]| \OT1/cmr/m/n/12 cuon.Reports.report[]proposal[]standard \OT1/cmr/m/it/12 (m
od-
 []


Overfull \hbox (11.95113pt too wide) in paragraph at lines 141--143
[]| \OT1/cmr/m/n/12 cuon.Reports.report[]stockgoods[]number1
 []


Overfull \hbox (5.72386pt too wide) in paragraph at lines 146--148
[]| \OT1/cmr/m/n/12 cuon.ReportServer.ReportServer \OT1/cmr/m/it/12 (class)\OT1
/cmr/m/n/12 ,
 []


Overfull \hbox (53.43738pt too wide) in paragraph at lines 149--151
[]| \OT1/cmr/m/n/12 cuon.simplemail.AttachmentNotFound[]Exception
 []


Overfull \hbox (11.01129pt too wide) in paragraph at lines 151--153
[]| \OT1/cmr/m/n/12 cuon.simplemail.Attachments \OT1/cmr/m/it/12 (class)\OT1/cm
r/m/n/12 , [][][][][][] 
 []


Overfull \hbox (3.24333pt too wide) in paragraph at lines 153--155
[]| \OT1/cmr/m/n/12 cuon.simplemail.BCCRecipients \OT1/cmr/m/it/12 (class)\OT1/
cmr/m/n/12 ,
 []


Overfull \hbox (15.41959pt too wide) in paragraph at lines 155--157
[]| \OT1/cmr/m/n/12 cuon.simplemail.CCRecipients \OT1/cmr/m/it/12 (class)\OT1/c
mr/m/n/12 , [][][][][][] 
 []


Overfull \hbox (23.86685pt too wide) in paragraph at lines 159--161
[]| \OT1/cmr/m/n/12 cuon.simplemail.NoFromAddress[]Exception
 []


Overfull \hbox (34.33272pt too wide) in paragraph at lines 161--163
[]| \OT1/cmr/m/n/12 cuon.simplemail.NoSubject[]Exception \OT1/cmr/m/it/12 (clas
s)\OT1/cmr/m/n/12 ,
 []


Overfull \hbox (10.32393pt too wide) in paragraph at lines 163--165
[]| \OT1/cmr/m/n/12 cuon.simplemail.NoToAddress[]Exception
 []


Overfull \hbox (4.32248pt too wide) in paragraph at lines 165--167
[]| \OT1/cmr/m/n/12 cuon.simplemail.Recipients \OT1/cmr/m/it/12 (class)\OT1/cmr
/m/n/12 , [][][][][][]--
 []


Overfull \hbox (38.57573pt too wide) in paragraph at lines 167--169
[]| \OT1/cmr/m/n/12 cuon.simplemail.SimpleMail[]Exception \OT1/cmr/m/it/12 (cla
ss)\OT1/cmr/m/n/12 ,
 []

[147]) (./api.aux (./cuon-module.aux) (./cuon.AI-module.aux)
(./cuon.Address-module.aux) (./cuon.Article-module.aux)
(./cuon.CalendarGen-module.aux) (./cuon.CuonFuncs-module.aux)
(./cuon.Database-module.aux) (./cuon.Email-module.aux)
(./cuon.Email2-module.aux) (./cuon.Finances-module.aux)
(./cuon.Garden-module.aux) (./cuon.Grave-module.aux) (./cuon.Misc-module.aux)
(./cuon.Order-module.aux) (./cuon.Projects-module.aux)
(./cuon.Report-module.aux) (./cuon.ReportServer-module.aux)
(./cuon.Reports-module.aux) (./cuon.Reports.MyXML-module.aux)
(./cuon.Reports.report-module.aux) (./cuon.Reports.report2_latex-module.aux)
(./cuon.Reports.report_addresses_phone1-module.aux)
(./cuon.Reports.report_addresses_phone11-module.aux)
(./cuon.Reports.report_addresses_phone12-module.aux)
(./cuon.Reports.report_articles_number1-module.aux)
(./cuon.Reports.report_articles_pickles_standard-module.aux)
(./cuon.Reports.report_basics-module.aux)
(./cuon.Reports.report_cab_monthly-module.aux)
(./cuon.Reports.report_grave_plant_lists-module.aux)
(./cuon.Reports.report_hibernation_incoming_document-module.aux)
(./cuon.Reports.report_hibernation_invoice-module.aux)
(./cuon.Reports.report_hibernation_outgoing_document-module.aux)
(./cuon.Reports.report_hibernation_pickup_document-module.aux)
(./cuon.Reports.report_list_list_of_invoices-module.aux)
(./cuon.Reports.report_list_of_inpayment-module.aux)
(./cuon.Reports.report_list_of_reminder-module.aux)
(./cuon.Reports.report_list_of_residue-module.aux)
(./cuon.Reports.report_list_of_top-module.aux)
(./cuon.Reports.report_order_list_of_invoices-module.aux)
(./cuon.Reports.report_order_standard_invoice-module.aux)
(./cuon.Reports.report_order_standard_supply-module.aux)
(./cuon.Reports.report_printAddress-module.aux)
(./cuon.Reports.report_proposal_standard-module.aux)
(./cuon.Reports.report_stockgoods_number1-module.aux)
(./cuon.Reports.standardlist-module.aux) (./cuon.SQL-module.aux)
(./cuon.SVG-module.aux) (./cuon.Stock-module.aux) (./cuon.Support-module.aux)
(./cuon.Tweet-module.aux) (./cuon.User-module.aux) (./cuon.Web-module.aux)
(./cuon.Web2-module.aux) (./cuon.WebAI-module.aux) (./cuon.WebShop-module.aux)
(./cuon.ai-module.aux) (./cuon.ai_main-module.aux) (./cuon.basics-module.aux)
(./cuon.createWebAnalysis-module.aux) (./cuon.gridxml-module.aux)
(./cuon.iCal-module.aux) (./cuon.jabberBot-module.aux)
(./cuon.simplemail-module.aux) (./cuon.web_root-module.aux))

LaTeX Font Warning: Some font shapes were not available, defaults substituted.

 ) 
Here is how much of TeX's memory you used:
 6522 strings out of 495062
 119091 string characters out of 1182644
 236602 words of memory out of 3000000
 9139 multiletter control sequences out of 15000+50000
 13889 words of font info for 53 fonts, out of 3000000 for 9000
 28 hyphenation exceptions out of 8191
 38i,12n,43p,896b,408s stack positions out of 5000i,500n,10000p,200000b,50000s

Output written on api.dvi (147 pages, 878368 bytes).
