\BOOKMARK [1][-]{section*.2}{Contents}{}
\BOOKMARK [1][-]{section.1}{Package cuon}{}
\BOOKMARK [2][-]{subsection.1.1}{Modules}{section.1}
\BOOKMARK [2][-]{subsection.1.2}{Variables}{section.1}
\BOOKMARK [1][-]{section.2}{Module cuon.AI}{}
\BOOKMARK [2][-]{subsection.2.1}{Variables}{section.2}
\BOOKMARK [2][-]{subsection.2.2}{Class AI}{section.2}
\BOOKMARK [3][-]{subsubsection.2.2.1}{Methods}{subsection.2.2}
\BOOKMARK [3][-]{subsubsection.2.2.2}{Class Variables}{subsection.2.2}
\BOOKMARK [1][-]{section.3}{Module cuon.Address}{}
\BOOKMARK [2][-]{subsection.3.1}{Variables}{section.3}
\BOOKMARK [2][-]{subsection.3.2}{Class Address}{section.3}
\BOOKMARK [3][-]{subsubsection.3.2.1}{Methods}{subsection.3.2}
\BOOKMARK [3][-]{subsubsection.3.2.2}{Class Variables}{subsection.3.2}
\BOOKMARK [1][-]{section.4}{Module cuon.Article}{}
\BOOKMARK [2][-]{subsection.4.1}{Variables}{section.4}
\BOOKMARK [2][-]{subsection.4.2}{Class Article}{section.4}
\BOOKMARK [3][-]{subsubsection.4.2.1}{Methods}{subsection.4.2}
\BOOKMARK [3][-]{subsubsection.4.2.2}{Class Variables}{subsection.4.2}
\BOOKMARK [1][-]{section.5}{Module cuon.CalendarGen}{}
\BOOKMARK [2][-]{subsection.5.1}{Functions}{section.5}
\BOOKMARK [2][-]{subsection.5.2}{Variables}{section.5}
\BOOKMARK [1][-]{section.6}{Module cuon.CuonFuncs}{}
\BOOKMARK [2][-]{subsection.6.1}{Variables}{section.6}
\BOOKMARK [2][-]{subsection.6.2}{Class CuonFuncs}{section.6}
\BOOKMARK [3][-]{subsubsection.6.2.1}{Methods}{subsection.6.2}
\BOOKMARK [3][-]{subsubsection.6.2.2}{Class Variables}{subsection.6.2}
\BOOKMARK [1][-]{section.7}{Module cuon.Database}{}
\BOOKMARK [2][-]{subsection.7.1}{Variables}{section.7}
\BOOKMARK [2][-]{subsection.7.2}{Class Database}{section.7}
\BOOKMARK [3][-]{subsubsection.7.2.1}{Methods}{subsection.7.2}
\BOOKMARK [3][-]{subsubsection.7.2.2}{Class Variables}{subsection.7.2}
\BOOKMARK [1][-]{section.8}{Module cuon.Email}{}
\BOOKMARK [2][-]{subsection.8.1}{Variables}{section.8}
\BOOKMARK [2][-]{subsection.8.2}{Class cuonemail}{section.8}
\BOOKMARK [3][-]{subsubsection.8.2.1}{Methods}{subsection.8.2}
\BOOKMARK [3][-]{subsubsection.8.2.2}{Class Variables}{subsection.8.2}
\BOOKMARK [1][-]{section.9}{Module cuon.Email2}{}
\BOOKMARK [2][-]{subsection.9.1}{Variables}{section.9}
\BOOKMARK [2][-]{subsection.9.2}{Class SimpleMail\137Exception}{section.9}
\BOOKMARK [3][-]{subsubsection.9.2.1}{Methods}{subsection.9.2}
\BOOKMARK [3][-]{subsubsection.9.2.2}{Properties}{subsection.9.2}
\BOOKMARK [2][-]{subsection.9.3}{Class NoFromAddress\137Exception}{section.9}
\BOOKMARK [3][-]{subsubsection.9.3.1}{Methods}{subsection.9.3}
\BOOKMARK [3][-]{subsubsection.9.3.2}{Properties}{subsection.9.3}
\BOOKMARK [2][-]{subsection.9.4}{Class NoToAddress\137Exception}{section.9}
\BOOKMARK [3][-]{subsubsection.9.4.1}{Methods}{subsection.9.4}
\BOOKMARK [3][-]{subsubsection.9.4.2}{Properties}{subsection.9.4}
\BOOKMARK [2][-]{subsection.9.5}{Class NoSubject\137Exception}{section.9}
\BOOKMARK [3][-]{subsubsection.9.5.1}{Methods}{subsection.9.5}
\BOOKMARK [3][-]{subsubsection.9.5.2}{Properties}{subsection.9.5}
\BOOKMARK [2][-]{subsection.9.6}{Class AttachmentNotFound\137Exception}{section.9}
\BOOKMARK [3][-]{subsubsection.9.6.1}{Methods}{subsection.9.6}
\BOOKMARK [3][-]{subsubsection.9.6.2}{Properties}{subsection.9.6}
\BOOKMARK [2][-]{subsection.9.7}{Class Attachments}{section.9}
\BOOKMARK [3][-]{subsubsection.9.7.1}{Methods}{subsection.9.7}
\BOOKMARK [3][-]{subsubsection.9.7.2}{Properties}{subsection.9.7}
\BOOKMARK [2][-]{subsection.9.8}{Class Recipients}{section.9}
\BOOKMARK [3][-]{subsubsection.9.8.1}{Methods}{subsection.9.8}
\BOOKMARK [3][-]{subsubsection.9.8.2}{Properties}{subsection.9.8}
\BOOKMARK [2][-]{subsection.9.9}{Class CCRecipients}{section.9}
\BOOKMARK [3][-]{subsubsection.9.9.1}{Methods}{subsection.9.9}
\BOOKMARK [3][-]{subsubsection.9.9.2}{Properties}{subsection.9.9}
\BOOKMARK [2][-]{subsection.9.10}{Class BCCRecipients}{section.9}
\BOOKMARK [3][-]{subsubsection.9.10.1}{Methods}{subsection.9.10}
\BOOKMARK [3][-]{subsubsection.9.10.2}{Properties}{subsection.9.10}
\BOOKMARK [2][-]{subsection.9.11}{Class Email}{section.9}
\BOOKMARK [3][-]{subsubsection.9.11.1}{Methods}{subsection.9.11}
\BOOKMARK [3][-]{subsubsection.9.11.2}{Properties}{subsection.9.11}
\BOOKMARK [1][-]{section.10}{Module cuon.Finances}{}
\BOOKMARK [2][-]{subsection.10.1}{Variables}{section.10}
\BOOKMARK [2][-]{subsection.10.2}{Class Finances}{section.10}
\BOOKMARK [3][-]{subsubsection.10.2.1}{Methods}{subsection.10.2}
\BOOKMARK [3][-]{subsubsection.10.2.2}{Class Variables}{subsection.10.2}
\BOOKMARK [1][-]{section.11}{Module cuon.Garden}{}
\BOOKMARK [2][-]{subsection.11.1}{Variables}{section.11}
\BOOKMARK [2][-]{subsection.11.2}{Class Garden}{section.11}
\BOOKMARK [3][-]{subsubsection.11.2.1}{Methods}{subsection.11.2}
\BOOKMARK [3][-]{subsubsection.11.2.2}{Class Variables}{subsection.11.2}
\BOOKMARK [1][-]{section.12}{Module cuon.Grave}{}
\BOOKMARK [2][-]{subsection.12.1}{Variables}{section.12}
\BOOKMARK [2][-]{subsection.12.2}{Class Grave}{section.12}
\BOOKMARK [3][-]{subsubsection.12.2.1}{Methods}{subsection.12.2}
\BOOKMARK [3][-]{subsubsection.12.2.2}{Class Variables}{subsection.12.2}
\BOOKMARK [1][-]{section.13}{Module cuon.Misc}{}
\BOOKMARK [2][-]{subsection.13.1}{Variables}{section.13}
\BOOKMARK [2][-]{subsection.13.2}{Class Misc}{section.13}
\BOOKMARK [3][-]{subsubsection.13.2.1}{Methods}{subsection.13.2}
\BOOKMARK [3][-]{subsubsection.13.2.2}{Class Variables}{subsection.13.2}
\BOOKMARK [1][-]{section.14}{Module cuon.Order}{}
\BOOKMARK [2][-]{subsection.14.1}{Variables}{section.14}
\BOOKMARK [2][-]{subsection.14.2}{Class Order}{section.14}
\BOOKMARK [3][-]{subsubsection.14.2.1}{Methods}{subsection.14.2}
\BOOKMARK [3][-]{subsubsection.14.2.2}{Class Variables}{subsection.14.2}
\BOOKMARK [1][-]{section.15}{Module cuon.Projects}{}
\BOOKMARK [2][-]{subsection.15.1}{Variables}{section.15}
\BOOKMARK [2][-]{subsection.15.2}{Class Projects}{section.15}
\BOOKMARK [3][-]{subsubsection.15.2.1}{Methods}{subsection.15.2}
\BOOKMARK [3][-]{subsubsection.15.2.2}{Class Variables}{subsection.15.2}
\BOOKMARK [1][-]{section.16}{Module cuon.Report}{}
\BOOKMARK [2][-]{subsection.16.1}{Variables}{section.16}
\BOOKMARK [2][-]{subsection.16.2}{Class Report}{section.16}
\BOOKMARK [3][-]{subsubsection.16.2.1}{Methods}{subsection.16.2}
\BOOKMARK [3][-]{subsubsection.16.2.2}{Class Variables}{subsection.16.2}
\BOOKMARK [1][-]{section.17}{Module cuon.ReportServer}{}
\BOOKMARK [2][-]{subsection.17.1}{Variables}{section.17}
\BOOKMARK [2][-]{subsection.17.2}{Class ReportServer}{section.17}
\BOOKMARK [3][-]{subsubsection.17.2.1}{Methods}{subsection.17.2}
\BOOKMARK [3][-]{subsubsection.17.2.2}{Class Variables}{subsection.17.2}
\BOOKMARK [1][-]{section.18}{Package cuon.Reports}{}
\BOOKMARK [2][-]{subsection.18.1}{Modules}{section.18}
\BOOKMARK [2][-]{subsection.18.2}{Variables}{section.18}
\BOOKMARK [1][-]{section.19}{Module cuon.Reports.MyXML}{}
\BOOKMARK [2][-]{subsection.19.1}{Variables}{section.19}
\BOOKMARK [2][-]{subsection.19.2}{Class MyXML}{section.19}
\BOOKMARK [3][-]{subsubsection.19.2.1}{Methods}{subsection.19.2}
\BOOKMARK [1][-]{section.20}{Module cuon.Reports.report}{}
\BOOKMARK [2][-]{subsection.20.1}{Variables}{section.20}
\BOOKMARK [2][-]{subsection.20.2}{Class report}{section.20}
\BOOKMARK [3][-]{subsubsection.20.2.1}{Methods}{subsection.20.2}
\BOOKMARK [1][-]{section.21}{Module cuon.Reports.report2\137latex}{}
\BOOKMARK [2][-]{subsection.21.1}{Variables}{section.21}
\BOOKMARK [2][-]{subsection.21.2}{Class report2}{section.21}
\BOOKMARK [3][-]{subsubsection.21.2.1}{Methods}{subsection.21.2}
\BOOKMARK [3][-]{subsubsection.21.2.2}{Class Variables}{subsection.21.2}
\BOOKMARK [1][-]{section.22}{Module cuon.Reports.report\137addresses\137phone1}{}
\BOOKMARK [2][-]{subsection.22.1}{Variables}{section.22}
\BOOKMARK [2][-]{subsection.22.2}{Class report\137addresses\137phone1}{section.22}
\BOOKMARK [3][-]{subsubsection.22.2.1}{Methods}{subsection.22.2}
\BOOKMARK [1][-]{section.23}{Module cuon.Reports.report\137addresses\137phone11}{}
\BOOKMARK [2][-]{subsection.23.1}{Variables}{section.23}
\BOOKMARK [2][-]{subsection.23.2}{Class report\137addresses\137phone11}{section.23}
\BOOKMARK [3][-]{subsubsection.23.2.1}{Methods}{subsection.23.2}
\BOOKMARK [1][-]{section.24}{Module cuon.Reports.report\137addresses\137phone12}{}
\BOOKMARK [2][-]{subsection.24.1}{Variables}{section.24}
\BOOKMARK [2][-]{subsection.24.2}{Class report\137addresses\137phone12}{section.24}
\BOOKMARK [3][-]{subsubsection.24.2.1}{Methods}{subsection.24.2}
\BOOKMARK [1][-]{section.25}{Module cuon.Reports.report\137articles\137number1}{}
\BOOKMARK [2][-]{subsection.25.1}{Variables}{section.25}
\BOOKMARK [2][-]{subsection.25.2}{Class report\137articles\137number1}{section.25}
\BOOKMARK [3][-]{subsubsection.25.2.1}{Methods}{subsection.25.2}
\BOOKMARK [1][-]{section.26}{Module cuon.Reports.report\137articles\137pickles\137standard}{}
\BOOKMARK [2][-]{subsection.26.1}{Variables}{section.26}
\BOOKMARK [2][-]{subsection.26.2}{Class report\137articles\137pickles\137standard}{section.26}
\BOOKMARK [3][-]{subsubsection.26.2.1}{Methods}{subsection.26.2}
\BOOKMARK [1][-]{section.27}{Module cuon.Reports.report\137basics}{}
\BOOKMARK [2][-]{subsection.27.1}{Variables}{section.27}
\BOOKMARK [2][-]{subsection.27.2}{Class report\137basics}{section.27}
\BOOKMARK [3][-]{subsubsection.27.2.1}{Methods}{subsection.27.2}
\BOOKMARK [1][-]{section.28}{Module cuon.Reports.report\137cab\137monthly}{}
\BOOKMARK [2][-]{subsection.28.1}{Variables}{section.28}
\BOOKMARK [2][-]{subsection.28.2}{Class report\137cab\137monthly}{section.28}
\BOOKMARK [3][-]{subsubsection.28.2.1}{Methods}{subsection.28.2}
\BOOKMARK [1][-]{section.29}{Module cuon.Reports.report\137grave\137plant\137lists}{}
\BOOKMARK [2][-]{subsection.29.1}{Variables}{section.29}
\BOOKMARK [2][-]{subsection.29.2}{Class report\137grave\137plant\137lists}{section.29}
\BOOKMARK [3][-]{subsubsection.29.2.1}{Methods}{subsection.29.2}
\BOOKMARK [1][-]{section.30}{Module cuon.Reports.report\137hibernation\137incoming\137document}{}
\BOOKMARK [2][-]{subsection.30.1}{Variables}{section.30}
\BOOKMARK [2][-]{subsection.30.2}{Class report\137hibernation\137incoming\137document}{section.30}
\BOOKMARK [3][-]{subsubsection.30.2.1}{Methods}{subsection.30.2}
\BOOKMARK [1][-]{section.31}{Module cuon.Reports.report\137hibernation\137invoice}{}
\BOOKMARK [2][-]{subsection.31.1}{Variables}{section.31}
\BOOKMARK [2][-]{subsection.31.2}{Class report\137hibernation\137invoice}{section.31}
\BOOKMARK [3][-]{subsubsection.31.2.1}{Methods}{subsection.31.2}
\BOOKMARK [1][-]{section.32}{Module cuon.Reports.report\137hibernation\137outgoing\137document}{}
\BOOKMARK [2][-]{subsection.32.1}{Variables}{section.32}
\BOOKMARK [2][-]{subsection.32.2}{Class report\137hibernation\137outgoing\137document}{section.32}
\BOOKMARK [3][-]{subsubsection.32.2.1}{Methods}{subsection.32.2}
\BOOKMARK [1][-]{section.33}{Module cuon.Reports.report\137hibernation\137pickup\137document}{}
\BOOKMARK [2][-]{subsection.33.1}{Variables}{section.33}
\BOOKMARK [2][-]{subsection.33.2}{Class report\137hibernation\137pickup\137document}{section.33}
\BOOKMARK [3][-]{subsubsection.33.2.1}{Methods}{subsection.33.2}
\BOOKMARK [1][-]{section.34}{Module cuon.Reports.report\137list\137list\137of\137invoices}{}
\BOOKMARK [2][-]{subsection.34.1}{Variables}{section.34}
\BOOKMARK [2][-]{subsection.34.2}{Class report\137list\137list\137of\137invoices}{section.34}
\BOOKMARK [3][-]{subsubsection.34.2.1}{Methods}{subsection.34.2}
\BOOKMARK [1][-]{section.35}{Module cuon.Reports.report\137list\137of\137inpayment}{}
\BOOKMARK [2][-]{subsection.35.1}{Variables}{section.35}
\BOOKMARK [2][-]{subsection.35.2}{Class report\137list\137of\137inpayment}{section.35}
\BOOKMARK [3][-]{subsubsection.35.2.1}{Methods}{subsection.35.2}
\BOOKMARK [1][-]{section.36}{Module cuon.Reports.report\137list\137of\137reminder}{}
\BOOKMARK [2][-]{subsection.36.1}{Variables}{section.36}
\BOOKMARK [2][-]{subsection.36.2}{Class report\137list\137of\137reminder}{section.36}
\BOOKMARK [3][-]{subsubsection.36.2.1}{Methods}{subsection.36.2}
\BOOKMARK [1][-]{section.37}{Module cuon.Reports.report\137list\137of\137residue}{}
\BOOKMARK [2][-]{subsection.37.1}{Variables}{section.37}
\BOOKMARK [2][-]{subsection.37.2}{Class report\137list\137of\137residue}{section.37}
\BOOKMARK [3][-]{subsubsection.37.2.1}{Methods}{subsection.37.2}
\BOOKMARK [1][-]{section.38}{Module cuon.Reports.report\137list\137of\137top}{}
\BOOKMARK [2][-]{subsection.38.1}{Variables}{section.38}
\BOOKMARK [2][-]{subsection.38.2}{Class report\137list\137of\137top}{section.38}
\BOOKMARK [3][-]{subsubsection.38.2.1}{Methods}{subsection.38.2}
\BOOKMARK [1][-]{section.39}{Module cuon.Reports.report\137order\137list\137of\137invoices}{}
\BOOKMARK [2][-]{subsection.39.1}{Variables}{section.39}
\BOOKMARK [2][-]{subsection.39.2}{Class report\137order\137list\137of\137invoices}{section.39}
\BOOKMARK [3][-]{subsubsection.39.2.1}{Methods}{subsection.39.2}
\BOOKMARK [1][-]{section.40}{Module cuon.Reports.report\137order\137standard\137invoice}{}
\BOOKMARK [2][-]{subsection.40.1}{Variables}{section.40}
\BOOKMARK [2][-]{subsection.40.2}{Class report\137order\137standard\137invoice}{section.40}
\BOOKMARK [3][-]{subsubsection.40.2.1}{Methods}{subsection.40.2}
\BOOKMARK [1][-]{section.41}{Module cuon.Reports.report\137order\137standard\137supply}{}
\BOOKMARK [2][-]{subsection.41.1}{Variables}{section.41}
\BOOKMARK [2][-]{subsection.41.2}{Class report\137order\137standard\137supply}{section.41}
\BOOKMARK [3][-]{subsubsection.41.2.1}{Methods}{subsection.41.2}
\BOOKMARK [1][-]{section.42}{Module cuon.Reports.report\137printAddress}{}
\BOOKMARK [2][-]{subsection.42.1}{Variables}{section.42}
\BOOKMARK [2][-]{subsection.42.2}{Class report\137printAddress}{section.42}
\BOOKMARK [3][-]{subsubsection.42.2.1}{Methods}{subsection.42.2}
\BOOKMARK [1][-]{section.43}{Module cuon.Reports.report\137proposal\137standard}{}
\BOOKMARK [2][-]{subsection.43.1}{Variables}{section.43}
\BOOKMARK [2][-]{subsection.43.2}{Class report\137proposal\137standard}{section.43}
\BOOKMARK [3][-]{subsubsection.43.2.1}{Methods}{subsection.43.2}
\BOOKMARK [1][-]{section.44}{Module cuon.Reports.report\137stockgoods\137number1}{}
\BOOKMARK [2][-]{subsection.44.1}{Variables}{section.44}
\BOOKMARK [2][-]{subsection.44.2}{Class report\137stockgoods\137number1}{section.44}
\BOOKMARK [3][-]{subsubsection.44.2.1}{Methods}{subsection.44.2}
\BOOKMARK [1][-]{section.45}{Module cuon.Reports.standardlist}{}
\BOOKMARK [2][-]{subsection.45.1}{Variables}{section.45}
\BOOKMARK [2][-]{subsection.45.2}{Class standardlist}{section.45}
\BOOKMARK [3][-]{subsubsection.45.2.1}{Methods}{subsection.45.2}
\BOOKMARK [1][-]{section.46}{Module cuon.SQL}{}
\BOOKMARK [2][-]{subsection.46.1}{Variables}{section.46}
\BOOKMARK [2][-]{subsection.46.2}{Class SQL}{section.46}
\BOOKMARK [3][-]{subsubsection.46.2.1}{Methods}{subsection.46.2}
\BOOKMARK [3][-]{subsubsection.46.2.2}{Class Variables}{subsection.46.2}
\BOOKMARK [1][-]{section.47}{Module cuon.SVG}{}
\BOOKMARK [2][-]{subsection.47.1}{Functions}{section.47}
\BOOKMARK [2][-]{subsection.47.2}{Variables}{section.47}
\BOOKMARK [2][-]{subsection.47.3}{Class SVG}{section.47}
\BOOKMARK [3][-]{subsubsection.47.3.1}{Methods}{subsection.47.3}
\BOOKMARK [2][-]{subsection.47.4}{Class newSVG}{section.47}
\BOOKMARK [3][-]{subsubsection.47.4.1}{Methods}{subsection.47.4}
\BOOKMARK [2][-]{subsection.47.5}{Class Line}{section.47}
\BOOKMARK [3][-]{subsubsection.47.5.1}{Methods}{subsection.47.5}
\BOOKMARK [2][-]{subsection.47.6}{Class Circle}{section.47}
\BOOKMARK [3][-]{subsubsection.47.6.1}{Methods}{subsection.47.6}
\BOOKMARK [2][-]{subsection.47.7}{Class Rectangle}{section.47}
\BOOKMARK [3][-]{subsubsection.47.7.1}{Methods}{subsection.47.7}
\BOOKMARK [2][-]{subsection.47.8}{Class Text}{section.47}
\BOOKMARK [3][-]{subsubsection.47.8.1}{Methods}{subsection.47.8}
\BOOKMARK [1][-]{section.48}{Module cuon.Stock}{}
\BOOKMARK [2][-]{subsection.48.1}{Variables}{section.48}
\BOOKMARK [2][-]{subsection.48.2}{Class Stock}{section.48}
\BOOKMARK [3][-]{subsubsection.48.2.1}{Methods}{subsection.48.2}
\BOOKMARK [3][-]{subsubsection.48.2.2}{Class Variables}{subsection.48.2}
\BOOKMARK [1][-]{section.49}{Module cuon.Support}{}
\BOOKMARK [2][-]{subsection.49.1}{Variables}{section.49}
\BOOKMARK [2][-]{subsection.49.2}{Class Support}{section.49}
\BOOKMARK [3][-]{subsubsection.49.2.1}{Methods}{subsection.49.2}
\BOOKMARK [3][-]{subsubsection.49.2.2}{Class Variables}{subsection.49.2}
\BOOKMARK [1][-]{section.50}{Module cuon.Tweet}{}
\BOOKMARK [2][-]{subsection.50.1}{Variables}{section.50}
\BOOKMARK [2][-]{subsection.50.2}{Class Tweet}{section.50}
\BOOKMARK [3][-]{subsubsection.50.2.1}{Methods}{subsection.50.2}
\BOOKMARK [3][-]{subsubsection.50.2.2}{Class Variables}{subsection.50.2}
\BOOKMARK [1][-]{section.51}{Module cuon.User}{}
\BOOKMARK [2][-]{subsection.51.1}{Variables}{section.51}
\BOOKMARK [2][-]{subsection.51.2}{Class User}{section.51}
\BOOKMARK [3][-]{subsubsection.51.2.1}{Methods}{subsection.51.2}
\BOOKMARK [3][-]{subsubsection.51.2.2}{Class Variables}{subsection.51.2}
\BOOKMARK [1][-]{section.52}{Module cuon.Web}{}
\BOOKMARK [2][-]{subsection.52.1}{Variables}{section.52}
\BOOKMARK [2][-]{subsection.52.2}{Class Web}{section.52}
\BOOKMARK [3][-]{subsubsection.52.2.1}{Methods}{subsection.52.2}
\BOOKMARK [3][-]{subsubsection.52.2.2}{Class Variables}{subsection.52.2}
\BOOKMARK [1][-]{section.53}{Module cuon.Web2}{}
\BOOKMARK [2][-]{subsection.53.1}{Variables}{section.53}
\BOOKMARK [2][-]{subsection.53.2}{Class Web2}{section.53}
\BOOKMARK [3][-]{subsubsection.53.2.1}{Methods}{subsection.53.2}
\BOOKMARK [3][-]{subsubsection.53.2.2}{Class Variables}{subsection.53.2}
\BOOKMARK [1][-]{section.54}{Module cuon.WebAI}{}
\BOOKMARK [2][-]{subsection.54.1}{Variables}{section.54}
\BOOKMARK [2][-]{subsection.54.2}{Class WebAI}{section.54}
\BOOKMARK [3][-]{subsubsection.54.2.1}{Methods}{subsection.54.2}
\BOOKMARK [3][-]{subsubsection.54.2.2}{Class Variables}{subsection.54.2}
\BOOKMARK [1][-]{section.55}{Module cuon.WebShop}{}
\BOOKMARK [2][-]{subsection.55.1}{Variables}{section.55}
\BOOKMARK [2][-]{subsection.55.2}{Class WebShop}{section.55}
\BOOKMARK [3][-]{subsubsection.55.2.1}{Methods}{subsection.55.2}
\BOOKMARK [3][-]{subsubsection.55.2.2}{Class Variables}{subsection.55.2}
\BOOKMARK [1][-]{section.56}{Module cuon.ai}{}
\BOOKMARK [2][-]{subsection.56.1}{Variables}{section.56}
\BOOKMARK [2][-]{subsection.56.2}{Class ai}{section.56}
\BOOKMARK [3][-]{subsubsection.56.2.1}{Methods}{subsection.56.2}
\BOOKMARK [3][-]{subsubsection.56.2.2}{Class Variables}{subsection.56.2}
\BOOKMARK [1][-]{section.57}{Module cuon.ai\137main}{}
\BOOKMARK [2][-]{subsection.57.1}{Variables}{section.57}
\BOOKMARK [2][-]{subsection.57.2}{Class ai\137main}{section.57}
\BOOKMARK [3][-]{subsubsection.57.2.1}{Methods}{subsection.57.2}
\BOOKMARK [1][-]{section.58}{Module cuon.basics}{}
\BOOKMARK [2][-]{subsection.58.1}{Variables}{section.58}
\BOOKMARK [2][-]{subsection.58.2}{Class basics}{section.58}
\BOOKMARK [3][-]{subsubsection.58.2.1}{Methods}{subsection.58.2}
\BOOKMARK [3][-]{subsubsection.58.2.2}{Class Variables}{subsection.58.2}
\BOOKMARK [1][-]{section.59}{Module cuon.createWebAnalysis}{}
\BOOKMARK [2][-]{subsection.59.1}{Variables}{section.59}
\BOOKMARK [1][-]{section.60}{Module cuon.gridxml}{}
\BOOKMARK [2][-]{subsection.60.1}{Variables}{section.60}
\BOOKMARK [2][-]{subsection.60.2}{Class gridxml}{section.60}
\BOOKMARK [3][-]{subsubsection.60.2.1}{Methods}{subsection.60.2}
\BOOKMARK [1][-]{section.61}{Module cuon.iCal}{}
\BOOKMARK [2][-]{subsection.61.1}{Variables}{section.61}
\BOOKMARK [2][-]{subsection.61.2}{Class iCal}{section.61}
\BOOKMARK [3][-]{subsubsection.61.2.1}{Methods}{subsection.61.2}
\BOOKMARK [3][-]{subsubsection.61.2.2}{Class Variables}{subsection.61.2}
\BOOKMARK [1][-]{section.62}{Module cuon.jabberBot}{}
\BOOKMARK [2][-]{subsection.62.1}{Class jabberBot}{section.62}
\BOOKMARK [3][-]{subsubsection.62.1.1}{Methods}{subsection.62.1}
\BOOKMARK [3][-]{subsubsection.62.1.2}{Class Variables}{subsection.62.1}
\BOOKMARK [1][-]{section.63}{Module cuon.simplemail}{}
\BOOKMARK [2][-]{subsection.63.1}{Variables}{section.63}
\BOOKMARK [2][-]{subsection.63.2}{Class SimpleMail\137Exception}{section.63}
\BOOKMARK [3][-]{subsubsection.63.2.1}{Methods}{subsection.63.2}
\BOOKMARK [3][-]{subsubsection.63.2.2}{Properties}{subsection.63.2}
\BOOKMARK [2][-]{subsection.63.3}{Class NoFromAddress\137Exception}{section.63}
\BOOKMARK [3][-]{subsubsection.63.3.1}{Methods}{subsection.63.3}
\BOOKMARK [3][-]{subsubsection.63.3.2}{Properties}{subsection.63.3}
\BOOKMARK [2][-]{subsection.63.4}{Class NoToAddress\137Exception}{section.63}
\BOOKMARK [3][-]{subsubsection.63.4.1}{Methods}{subsection.63.4}
\BOOKMARK [3][-]{subsubsection.63.4.2}{Properties}{subsection.63.4}
\BOOKMARK [2][-]{subsection.63.5}{Class NoSubject\137Exception}{section.63}
\BOOKMARK [3][-]{subsubsection.63.5.1}{Methods}{subsection.63.5}
\BOOKMARK [3][-]{subsubsection.63.5.2}{Properties}{subsection.63.5}
\BOOKMARK [2][-]{subsection.63.6}{Class AttachmentNotFound\137Exception}{section.63}
\BOOKMARK [3][-]{subsubsection.63.6.1}{Methods}{subsection.63.6}
\BOOKMARK [3][-]{subsubsection.63.6.2}{Properties}{subsection.63.6}
\BOOKMARK [2][-]{subsection.63.7}{Class Attachments}{section.63}
\BOOKMARK [3][-]{subsubsection.63.7.1}{Methods}{subsection.63.7}
\BOOKMARK [3][-]{subsubsection.63.7.2}{Properties}{subsection.63.7}
\BOOKMARK [2][-]{subsection.63.8}{Class Recipients}{section.63}
\BOOKMARK [3][-]{subsubsection.63.8.1}{Methods}{subsection.63.8}
\BOOKMARK [3][-]{subsubsection.63.8.2}{Properties}{subsection.63.8}
\BOOKMARK [2][-]{subsection.63.9}{Class CCRecipients}{section.63}
\BOOKMARK [3][-]{subsubsection.63.9.1}{Methods}{subsection.63.9}
\BOOKMARK [3][-]{subsubsection.63.9.2}{Properties}{subsection.63.9}
\BOOKMARK [2][-]{subsection.63.10}{Class BCCRecipients}{section.63}
\BOOKMARK [3][-]{subsubsection.63.10.1}{Methods}{subsection.63.10}
\BOOKMARK [3][-]{subsubsection.63.10.2}{Properties}{subsection.63.10}
\BOOKMARK [2][-]{subsection.63.11}{Class Email}{section.63}
\BOOKMARK [3][-]{subsubsection.63.11.1}{Methods}{subsection.63.11}
\BOOKMARK [3][-]{subsubsection.63.11.2}{Properties}{subsection.63.11}
\BOOKMARK [1][-]{section.64}{Module cuon.web\137root}{}
\BOOKMARK [2][-]{subsection.64.1}{Class Image}{section.64}
\BOOKMARK [3][-]{subsubsection.64.1.1}{Methods}{subsection.64.1}
\BOOKMARK [2][-]{subsection.64.2}{Class WebRoots}{section.64}
\BOOKMARK [3][-]{subsubsection.64.2.1}{Methods}{subsection.64.2}
\BOOKMARK [1][-]{section*.4}{Index}{}
