This is pdfTeX, Version 3.14159-1.10b (Web2C 7.4.5) (format=pdfjadetex 2003.12.3)  6 APR 2004 13:21
**cuon.tex
(/home/jhamel/Projekte/cuon/doc/cuon.tex{/usr/share/texmf/pdftex/config/pdftex.
cfg
Warning: pdfjadetex (file /usr/share/texmf/pdftex/config/pdftex.cfg): expected 
number in 
 returning 10
}
JadeTeX 2003/04/27: 3.13
LaTeX Font Info:    Try loading font information for T1+ptm on input line 1.
(/usr/share/texmf/tex/latex/psnfss/t1ptm.fd
File: t1ptm.fd 2001/06/04 font definitions for T1/ptm.
)
Elements will be labelled
Jade begin document sequence at 20
(/home/jhamel/Projekte/cuon/doc/cuon.aux)
\openout1 = `cuon.aux'.

LaTeX Font Info:    Checking defaults for OML/cmm/m/it on input line 20.
LaTeX Font Info:    ... okay on input line 20.
LaTeX Font Info:    Checking defaults for T1/cmr/m/n on input line 20.
LaTeX Font Info:    ... okay on input line 20.
LaTeX Font Info:    Checking defaults for OT1/cmr/m/n on input line 20.
LaTeX Font Info:    ... okay on input line 20.
LaTeX Font Info:    Checking defaults for OMS/cmsy/m/n on input line 20.
LaTeX Font Info:    ... okay on input line 20.
LaTeX Font Info:    Checking defaults for OMX/cmex/m/n on input line 20.
LaTeX Font Info:    ... okay on input line 20.
LaTeX Font Info:    Checking defaults for U/cmr/m/n on input line 20.
LaTeX Font Info:    ... okay on input line 20.
LaTeX Font Info:    Checking defaults for PD1/pdf/m/n on input line 20.
LaTeX Font Info:    ... okay on input line 20.
LaTeX Font Info:    Checking defaults for T2A/cmr/m/n on input line 20.
LaTeX Font Info:    Try loading font information for T2A+cmr on input line 20.

(/usr/share/texmf/tex/latex/cyrillic/t2acmr.fd
File: t2acmr.fd 2001/08/11 v1.0a Computer Modern Cyrillic font definitions
)
LaTeX Font Info:    ... okay on input line 20.
LaTeX Font Info:    Checking defaults for TS1/cmr/m/n on input line 20.
LaTeX Font Info:    Try loading font information for TS1+cmr on input line 20.

(/usr/share/texmf/tex/latex/base/ts1cmr.fd
File: ts1cmr.fd 1999/05/25 v2.5h Standard LaTeX font definitions
)
LaTeX Font Info:    ... okay on input line 20.
LaTeX Font Info:    Checking defaults for LECO/omseco/m/n on input line 20.
LaTeX Font Info:    ... okay on input line 20.
LaTeX Font Info:    Checking defaults for LECX/omsecx/m/n on input line 20.
LaTeX Font Info:    ... okay on input line 20.
LaTeX Font Info:    Checking defaults for LECY/omsecy/m/n on input line 20.
LaTeX Font Info:    ... okay on input line 20.
LaTeX Font Info:    Checking defaults for LEGR/omsegr/m/n on input line 20.
LaTeX Font Info:    ... okay on input line 20.
LaTeX Font Info:    Checking defaults for LEHA/omseha/m/n on input line 20.
LaTeX Font Info:    ... okay on input line 20.
LaTeX Font Info:    Checking defaults for LEIP/omseip/m/n on input line 20.
LaTeX Font Info:    ... okay on input line 20.
LaTeX Font Info:    Checking defaults for LELA/omsela/m/n on input line 20.
LaTeX Font Info:    ... okay on input line 20.
LaTeX Font Info:    Checking defaults for LETI/omseti/m/n on input line 20.
LaTeX Font Info:    ... okay on input line 20.

(/usr/share/texmf/tex/context/base/supp-pdf.tex
(/usr/share/texmf/tex/context/base/supp-mis.tex
loading : Context Support Macros / Missing
\protectiondepth=\count116
\scratchcounter=\count117
\scratchtoks=\toks23
\scratchdimen=\dimen131
\scratchskip=\skip54
\scratchmuskip=\muskip10
\scratchbox=\box62
\scratchread=\read1
\scratchwrite=\write4
\zeropoint=\dimen132
\minusone=\count118
\thousandpoint=\dimen133
\emptytoks=\toks24
\nextbox=\box63
\nextdepth=\dimen134
\everyline=\toks25
\!!counta=\count119
\!!countb=\count120
\recursecounter=\count121
)
loading : Context Support Macros / PDF
\nofMPsegments=\count122
\nofMParguments=\count123
\everyMPtoPDFconversion=\toks26
)
Package hyperref Info: Link coloring ON on input line 20.
 (/usr/share/texmf/tex/latex/hyperref/nameref.sty
Package: nameref 2001/01/27 v2.19 Cross-referencing by name of section
\c@section@level=\count124
)
LaTeX Info: Redefining \ref on input line 20.
LaTeX Info: Redefining \pageref on input line 20.

(/home/jhamel/Projekte/cuon/doc/cuon.out)
(/home/jhamel/Projekte/cuon/doc/cuon.out)
\openout3 = `cuon.out'.

LaTeX Font Info:    Font shape `T1/ptm/bx/n' in size <24.883> not available
(Font)              Font shape `T1/ptm/b/n' tried instead on input line 100.
LaTeX Font Info:    Font shape `T1/ptm/bx/n' in size <17.28> not available
(Font)              Font shape `T1/ptm/b/n' tried instead on input line 125.
 [1.0.52{/usr/share/texmf/dvips/config/pdftex.map}]
LaTeX Font Info:    Font shape `T1/ptm/bx/n' in size <10> not available
(Font)              Font shape `T1/ptm/b/n' tried instead on input line 137.
 [2.0.52]

Package Fancyhdr Warning: fancyhdr's E option without twoside option is useless
 on input line 220.

LaTeX Font Info:    Font shape `T1/ptm/bx/n' in size <20.736> not available
(Font)              Font shape `T1/ptm/b/n' tried instead on input line 241.

LaTeX Warning: Reference `16' on page iii undefined on input line 314.


LaTeX Warning: Reference `18' on page iii undefined on input line 340.


LaTeX Warning: Reference `20' on page iii undefined on input line 366.


LaTeX Warning: Reference `26' on page iii undefined on input line 391.


LaTeX Warning: Reference `33' on page iii undefined on input line 416.


LaTeX Warning: Reference `35' on page iii undefined on input line 442.


LaTeX Warning: Reference `61' on page iii undefined on input line 532.


LaTeX Warning: Reference `74' on page iii undefined on input line 557.


LaTeX Warning: Reference `76' on page iii undefined on input line 583.


LaTeX Warning: Reference `82' on page iii undefined on input line 608.


LaTeX Warning: Reference `111' on page iii undefined on input line 633.


LaTeX Warning: Reference `121' on page iii undefined on input line 658.


LaTeX Warning: Reference `127' on page iii undefined on input line 683.


LaTeX Warning: Reference `143' on page iii undefined on input line 708.


Package Fancyhdr Warning: fancyhdr's E option without twoside option is useless
 on input line 708.

[3.0.52

]

Package Fancyhdr Warning: fancyhdr's E option without twoside option is useless
 on input line 777.


LaTeX Warning: Reference `SCREENADDRESSES1' on page iv undefined on input line 
823.


Package Fancyhdr Warning: fancyhdr's E option without twoside option is useless
 on input line 848.

[4.0.52

]

Package Fancyhdr Warning: fancyhdr's E option without twoside option is useless
 on input line 947.


Package Fancyhdr Warning: fancyhdr's E option without twoside option is useless
 on input line 947.

LaTeX Font Info:    Font shape `T1/ptm/bx/it' in size <17.28> not available
(Font)              Font shape `T1/ptm/b/it' tried instead on input line 994.

Package Fancyhdr Warning: fancyhdr's E option without twoside option is useless
 on input line 1070.

! pdfTeX warning (ext4): destination with the same identifier (name{page.1}) ha
s been already used, duplicate ignored
<to be read again> 
                   \penalty 
l.1070     \endPar{}\endNode{}\endSeq{}\endSpS
                                              {}\endNode{}\Node% [1.0.52

]
! pdfTeX warning (ext4): destination with the same identifier (name{page.1}) ha
s been already used, duplicate ignored
<to be read again> 
                   \penalty 
l.1151 {page}}
              \endDisplayGroup{}\endSpS{}\Node% [1.0.52

]

Package Fancyhdr Warning: fancyhdr's E option without twoside option is useless
 on input line 1240.


Package Fancyhdr Warning: fancyhdr's E option without twoside option is useless
 on input line 1240.


Package Fancyhdr Warning: fancyhdr's E option without twoside option is useless
 on input line 1487.

! pdfTeX warning (ext4): destination with the same identifier (name{page.2}) ha
s been already used, duplicate ignored
<to be read again> 
                   \penalty 
l.1487 ...DisplayGroup{}\endNode{}\endSeq{}\endSpS
                                                  {}\endNode{}\Node% [2.0.52

]

Package Fancyhdr Warning: fancyhdr's E option without twoside option is useless
 on input line 1574.


Package Fancyhdr Warning: fancyhdr's E option without twoside option is useless
 on input line 1574.


LaTeX Warning: File `../images/screen_addresses_1.png' not found on input line 
1743.


Error: pdfjadetex (file ../images/screen_addresses_1.png): cannot find image fi
le
 ==> Fatal error occurred, the output PDF file is not finished!
