cp ./src/*.py ./Py 
cp ./cuon_server.py ./Py 
cp ./src/Login/src/*.py ./Py/cuon/Login 
cp ./src/Addresses/src/*.py ./Py/cuon/Addresses 
cp ./src/Articles/src/*.py ./Py/cuon/Articles 
cp ./src/Databases/src/*.py ./Py/cuon/Databases 
cp ./src/XML/src/*.py ./Py/cuon/XML 
cp ./src/XMLRPC/src/*.py ./Py/cuon/XMLRPC 
cp ./src/TypeDefs/src/*.py ./Py/cuon/TypeDefs 
cp ./src/Windows/src/*.py ./Py/cuon/Windows 
cp ./src/Logging/src/*.py ./Py/cuon/Logging 
cp ./*.xml ~/Projekte/Primus/Py/cuon 	
sudo cp ./*.xml /usr/share/cuon
sudo find ./ -name "*.glade2" -exec cp {} /usr/share/cuon/glade \; 
sudo find ./ -name "entry_*" -exec cp {} /usr/share/cuon \; 
cp -R ./Py/cuon/* ~/Projekte/Primus/Py/cuon
cp ./cuon_server.py ~/Projekte/Primus/Py
Server by typedef : sat1:9673/Cuon
-----------------> cyNodes(glade) = [<DOM Element: Glade_Init_Files at 0x40f9610c>]
-----------------> cyRootNode = [<DOM Element: IniFile at 0x40f808cc>]
-----------------> cyNodes = [<DOM Element: Grant_Init_Files at 0x40f9698c>]
{u'grant_cuon_grants.xml': u'/usr/share/cuon/grants.xml'}
Save = td, /home/jhamel/cuon/cuonObjects
Home = /home/jhamel/cuon/cuonObjects
Home = /home/jhamel/cuon/cuonObjects
Home = /home/jhamel/cuon/cuonObjects
Server by typedef : sat1:9673/Cuon
-----------------> cyNodes(glade) = [<DOM Element: Glade_Init_Files at 0x40fb15cc>]
-----------------> cyRootNode = [<DOM Element: IniFile at 0x40fa8b2c>]
-----------------> cyNodes = [<DOM Element: Grant_Init_Files at 0x40fb1e4c>]
{u'grant_cuon_grants.xml': u'/usr/share/cuon/grants.xml'}
Home = /home/jhamel/cuon/cuonObjects
Home = /home/jhamel/cuon/cuonObjects
Home = /home/jhamel/cuon/cuonObjects
Home = /home/jhamel/cuon/cuonObjects
Home = /home/jhamel/cuon/cuonObjects
Home = /home/jhamel/cuon/cuonObjects
Home = /home/jhamel/cuon/cuonObjects
192.168.17.251:9673/Cuon
http://u'192.168.17.251:9673/Cuon'
++++++++++++++++++++++++++++++++++++++++++++++++++++++++
 
192.168.17.251:9673/Cuon
http://u'192.168.17.251:9673/Cuon'
++++++++++++++++++++++++++++++++++++++++++++++++++++++++
 
192.168.17.251:9673/Cuon
http://u'192.168.17.251:9673/Cuon'
++++++++++++++++++++++++++++++++++++++++++++++++++++++++
 
192.168.17.251:9673/Cuon
http://u'192.168.17.251:9673/Cuon'
++++++++++++++++++++++++++++++++++++++++++++++++++++++++
 
192.168.17.251:9673/Cuon
http://u'192.168.17.251:9673/Cuon'
++++++++++++++++++++++++++++++++++++++++++++++++++++++++
 
exit cuon
