if [ ! -d ./Py ] ; then mkdir ./Py ; fi ; cp ./src/*.py ./Py 
if [ ! -d ./Py ] ; then mkdir ./Py ; fi ; cp ./cuon_server.py ./Py 
if [ ! -d ./Py/cuon/Login ] ; then mkdir ./Py/cuon/Login ; fi ; cp ./src/Login/src/*.py ./Py/cuon/Login 
if [ ! -d ./Py/cuon/Addresses ] ; then mkdir ./Py/cuon/Addresses ; fi ; cp ./src/Addresses/src/*.py ./Py/cuon/Addresses 
if [ ! -d ./Py/cuon/Articles ] ; then mkdir ./Py/cuon/Articles ; fi ; cp ./src/Articles/src/*.py ./Py/cuon/Articles 
if [ ! -d ./Py/cuon/Databases ] ; then mkdir ./Py/cuon/Databases ; fi ; cp ./src/Databases/src/*.py ./Py/cuon/Databases 
if [ ! -d ./Py/cuon/XML ] ; then mkdir ./Py/cuon/XML ; fi ; cp ./src/XML/src/*.py ./Py/cuon/XML 
if [ ! -d ./Py/cuon/XMLRPC ] ; then mkdir ./Py/cuon/XMLRPC ; fi ; cp ./src/XMLRPC/src/*.py ./Py/cuon/XMLRPC 
if [ ! -d ./Py/cuon/TypeDefs ] ; then mkdir ./Py/cuon/TypeDefs ; fi ; cp ./src/TypeDefs/src/*.py ./Py/cuon/TypeDefs 
if [ ! -d ./Py/cuon/Windows ] ; then mkdir ./Py/cuon/Windows ; fi ; cp ./src/Windows/src/*.py ./Py/cuon/Windows 
if [ ! -d ./Py/cuon/Logging ] ; then mkdir ./Py/cuon/Logging ; fi ; cp ./src/Logging/src/*.py ./Py/cuon/Logging 
if [ ! -d ./Py/cuon/OpenOffice ] ; then mkdir ./Py/cuon/OpenOffice ; fi ; cp ./src/OpenOffice/src/*.py ./Py/cuon/OpenOffice 
if [ ! -d ./Py/cuon/PDF ] ; then mkdir ./Py/cuon/PDF ; fi ; cp ./src/PDF/src/*.py ./Py/cuon/PDF 
sudo cp ./*.xml /usr/share/cuon
sudo find ./ -name "*.glade2" -exec cp {} /usr/share/cuon/glade \; 
sudo find ./ -name "entry_*" -exec cp {}  /usr/share/cuon \; 
if [ ! -e ./Py/__init__.py ] ; then touch ./Py/__init__.py ; fi
if [ ! -e ./Py/cuon/__init__.py ] ; then touch ./Py/cuon/__init__.py ; fi
make -f Makefile.pyth all
make[1]: Entering directory `/home/jhamel/Projekte/cuon_client'
if [ ! -d ./Py ] ; then mkdir ./Py ; fi ; cp ./src/*.py ./Py 
if [ ! -d ./Py ] ; then mkdir ./Py ; fi ; cp ./cuon_server.py ./Py 
if [ ! -d ./Py/cuon/Login ] ; then mkdir ./Py/cuon/Login ; fi ; cp ./src/Login/src/*.py ./Py/cuon/Login 
if [ ! -d ./Py/cuon/Addresses ] ; then mkdir ./Py/cuon/Addresses ; fi ; cp ./src/Addresses/src/*.py ./Py/cuon/Addresses 
if [ ! -d ./Py/cuon/Articles ] ; then mkdir ./Py/cuon/Articles ; fi ; cp ./src/Articles/src/*.py ./Py/cuon/Articles 
if [ ! -d ./Py/cuon/Databases ] ; then mkdir ./Py/cuon/Databases ; fi ; cp ./src/Databases/src/*.py ./Py/cuon/Databases 
if [ ! -d ./Py/cuon/XML ] ; then mkdir ./Py/cuon/XML ; fi ; cp ./src/XML/src/*.py ./Py/cuon/XML 
if [ ! -d ./Py/cuon/XMLRPC ] ; then mkdir ./Py/cuon/XMLRPC ; fi ; cp ./src/XMLRPC/src/*.py ./Py/cuon/XMLRPC 
if [ ! -d ./Py/cuon/TypeDefs ] ; then mkdir ./Py/cuon/TypeDefs ; fi ; cp ./src/TypeDefs/src/*.py ./Py/cuon/TypeDefs 
if [ ! -d ./Py/cuon/Windows ] ; then mkdir ./Py/cuon/Windows ; fi ; cp ./src/Windows/src/*.py ./Py/cuon/Windows 
if [ ! -d ./Py/cuon/Logging ] ; then mkdir ./Py/cuon/Logging ; fi ; cp ./src/Logging/src/*.py ./Py/cuon/Logging 
if [ ! -d ./Py/cuon/OpenOffice ] ; then mkdir ./Py/cuon/OpenOffice ; fi ; cp ./src/OpenOffice/src/*.py ./Py/cuon/OpenOffice 
if [ ! -d ./Py/cuon/PDF ] ; then mkdir ./Py/cuon/PDF ; fi ; cp ./src/PDF/src/*.py ./Py/cuon/PDF 
sudo cp ./*.xml /usr/share/cuon
sudo find ./ -name "*.glade2" -exec cp {} /usr/share/cuon/glade \; 
sudo find ./ -name "entry_*" -exec cp {}  /usr/share/cuon \; 
if [ ! -e ./Py/__init__.py ] ; then touch ./Py/__init__.py ; fi
if [ ! -e ./Py/cuon/__init__.py ] ; then touch ./Py/cuon/__init__.py ; fi
make[1]: Leaving directory `/home/jhamel/Projekte/cuon_client'
if  [ ! -d /usr/bin/cuon ] ; then mkdir /usr/bin/cuon ; fi 
cp -R Py/* /usr/bin/cuon
cp pycuon /usr/bin
if [ -f de.mo ] ; then rm de.mo ; fi 
msgfmt -o de.mo de.po
if [ ! -d /usr/share/locale/de/LC_MESSAGES ] ; then mkdir /usr/share/locale/de/LC_MESSAGES ; fi ; 
cp ./de.mo /usr/share/locale/de/LC_MESSAGES/cuon.mo 
sys:1: DeprecationWarning: Non-ASCII character '\xfc' in file Cuon.py on line 287, but no encoding declared; see http://www.python.org/peps/pep-0263.html for details
Cuon.py:313: DeprecationWarning: Non-ASCII character '\xfc' in file /home/jhamel/Projekte/cuon_client/Py/cuon/Addresses/addresses.py on line 1, but no encoding declared; see http://www.python.org/peps/pep-0263.html for details
  import cuon.Addresses.addresses
/home/jhamel/Projekte/cuon_client/Py/cuon/Addresses/addresses.py:24: DeprecationWarning: Non-ASCII character '\xfc' in file /home/jhamel/Projekte/cuon_client/Py/cuon/Databases/SingleData.py on line 1, but no encoding declared; see http://www.python.org/peps/pep-0263.html for details
  from cuon.Databases.SingleData import SingleData
/home/jhamel/Projekte/cuon_client/Py/cuon/Databases/SingleData.py:27: DeprecationWarning: Non-ASCII character '\xfc' in file /home/jhamel/Projekte/cuon_client/Py/cuon/Databases/cyr_table.py on line 1, but no encoding declared; see http://www.python.org/peps/pep-0263.html for details
  from cuon.Databases.cyr_table import cyr_table
/home/jhamel/Projekte/cuon_client/Py/cuon/Databases/cyr_table.py:21: DeprecationWarning: Non-ASCII character '\xfc' in file /home/jhamel/Projekte/cuon_client/Py/cuon/Databases/cyr_column.py on line 2, but no encoding declared; see http://www.python.org/peps/pep-0263.html for details
  import cyr_column
/home/jhamel/Projekte/cuon_client/Py/cuon/Databases/cyr_table.py:22: DeprecationWarning: Non-ASCII character '\xfc' in file /home/jhamel/Projekte/cuon_client/Py/cuon/Databases/cyr_load_table.py on line 2, but no encoding declared; see http://www.python.org/peps/pep-0263.html for details
  import cyr_load_table
/home/jhamel/Projekte/cuon_client/Py/cuon/Databases/cyr_load_table.py:18: DeprecationWarning: Non-ASCII character '\xfc' in file /home/jhamel/Projekte/cuon_client/Py/cuon/XMLRPC/xmlrpc.py on line 1, but no encoding declared; see http://www.python.org/peps/pep-0263.html for details
  import cuon.XMLRPC.xmlrpc
/home/jhamel/Projekte/cuon_client/Py/cuon/XMLRPC/xmlrpc.py:17: DeprecationWarning: Non-ASCII character '\xfc' in file /home/jhamel/Projekte/cuon_client/Py/cuon/Databases/dumps.py on line 1, but no encoding declared; see http://www.python.org/peps/pep-0263.html for details
  from cuon.Databases.dumps import dumps
/home/jhamel/Projekte/cuon_client/Py/cuon/Databases/SingleData.py:29: DeprecationWarning: Non-ASCII character '\xfc' in file /home/jhamel/Projekte/cuon_client/Py/cuon/Databases/SingleDataTreeModel.py on line 1, but no encoding declared; see http://www.python.org/peps/pep-0263.html for details
  import cuon.Databases.SingleDataTreeModel
/home/jhamel/Projekte/cuon_client/Py/cuon/Addresses/addresses.py:25: DeprecationWarning: Non-ASCII character '\xfc' in file /home/jhamel/Projekte/cuon_client/Py/cuon/Addresses/SingleAddress.py on line 1, but no encoding declared; see http://www.python.org/peps/pep-0263.html for details
  import SingleAddress
/home/jhamel/Projekte/cuon_client/Py/cuon/Addresses/addresses.py:26: DeprecationWarning: Non-ASCII character '\xfc' in file /home/jhamel/Projekte/cuon_client/Py/cuon/Addresses/SingleMisc.py on line 2, but no encoding declared; see http://www.python.org/peps/pep-0263.html for details
  import SingleMisc
/home/jhamel/Projekte/cuon_client/Py/cuon/Addresses/addresses.py:27: DeprecationWarning: Non-ASCII character '\xfc' in file /home/jhamel/Projekte/cuon_client/Py/cuon/Addresses/SinglePartner.py on line 2, but no encoding declared; see http://www.python.org/peps/pep-0263.html for details
  import SinglePartner
/home/jhamel/Projekte/cuon_client/Py/cuon/Addresses/addresses.py:28: DeprecationWarning: Non-ASCII character '\xfc' in file /home/jhamel/Projekte/cuon_client/Py/cuon/Addresses/SingleScheduling.py on line 2, but no encoding declared; see http://www.python.org/peps/pep-0263.html for details
  import SingleScheduling
/home/jhamel/Projekte/cuon_client/Py/cuon/Addresses/addresses.py:29: DeprecationWarning: Non-ASCII character '\xfc' in file /home/jhamel/Projekte/cuon_client/Py/cuon/Addresses/lists.py on line 1, but no encoding declared; see http://www.python.org/peps/pep-0263.html for details
  import lists
/home/jhamel/Projekte/cuon_client/Py/cuon/Addresses/lists.py:25: DeprecationWarning: Non-ASCII character '\xfc' in file /home/jhamel/Projekte/cuon_client/Py/cuon/Addresses/selectionDialog.py on line 1, but no encoding declared; see http://www.python.org/peps/pep-0263.html for details
  from  cuon.Addresses.selectionDialog import selectionDialog1
Cuon.py:314: DeprecationWarning: Non-ASCII character '\xfc' in file /home/jhamel/Projekte/cuon_client/Py/cuon/Articles/articles.py on line 1, but no encoding declared; see http://www.python.org/peps/pep-0263.html for details
  import cuon.Articles.articles
/home/jhamel/Projekte/cuon_client/Py/cuon/Articles/articles.py:23: DeprecationWarning: Non-ASCII character '\xfc' in file /home/jhamel/Projekte/cuon_client/Py/cuon/Articles/SingleArticle.py on line 1, but no encoding declared; see http://www.python.org/peps/pep-0263.html for details
  import SingleArticle
/home/jhamel/Projekte/cuon_client/Py/cuon/Articles/articles.py:24: DeprecationWarning: Non-ASCII character '\xfc' in file /home/jhamel/Projekte/cuon_client/Py/cuon/Articles/SingleArticlePurchase.py on line 1, but no encoding declared; see http://www.python.org/peps/pep-0263.html for details
  import SingleArticlePurchase
Cuon.py:315: DeprecationWarning: Non-ASCII character '\xfc' in file /home/jhamel/Projekte/cuon_client/Py/cuon/Login/User.py on line 1, but no encoding declared; see http://www.python.org/peps/pep-0263.html for details
  import cuon.Login.User
Cuon.py:317: DeprecationWarning: Non-ASCII character '\xfc' in file /home/jhamel/Projekte/cuon_client/Py/cuon/Databases/databases.py on line 1, but no encoding declared; see http://www.python.org/peps/pep-0263.html for details
  import  cuon.Databases.databases
/home/jhamel/Projekte/cuon_client/Py/cuon/Databases/databases.py:20: DeprecationWarning: Non-ASCII character '\xfc' in file /home/jhamel/Projekte/cuon_client/Py/cuon/Databases/SingleImportZip.py on line 1, but no encoding declared; see http://www.python.org/peps/pep-0263.html for details
  import SingleImportZip
Cuon.py:321: DeprecationWarning: Non-ASCII character '\xfc' in file /home/jhamel/Projekte/cuon_client/Py/cuon/Login/login.py on line 1, but no encoding declared; see http://www.python.org/peps/pep-0263.html for details
  import cuon.Login.login
ERROR:cuon:server2:9673/Cuon
ERROR:cuon:http://'server2:9673/Cuon'
ERROR:cuon:++++++++++++++++++++++++++++++++++++++++++++++++++++++++
ERROR:cuon: 
ERROR:cuon:server2:9673/Cuon
ERROR:cuon:http://'server2:9673/Cuon'
ERROR:cuon:++++++++++++++++++++++++++++++++++++++++++++++++++++++++
ERROR:cuon: 
ERROR:cuon:server2:9673/Cuon
ERROR:cuon:http://'server2:9673/Cuon'
ERROR:cuon:++++++++++++++++++++++++++++++++++++++++++++++++++++++++
ERROR:cuon: 
ERROR:cuon:server2:9673/Cuon
ERROR:cuon:http://'server2:9673/Cuon'
ERROR:cuon:++++++++++++++++++++++++++++++++++++++++++++++++++++++++
ERROR:cuon: 
ERROR:cuon:server2:9673/Cuon
ERROR:cuon:http://'server2:9673/Cuon'
ERROR:cuon:++++++++++++++++++++++++++++++++++++++++++++++++++++++++
ERROR:cuon: 
ERROR:cuon:server2:9673/Cuon
ERROR:cuon:http://'server2:9673/Cuon'
ERROR:cuon:++++++++++++++++++++++++++++++++++++++++++++++++++++++++
ERROR:cuon: 

(Cuon.py:10665): libglade-WARNING **: Error loading image: Datei »/home/jhamel/cuon/gnome-stock-about« konnte nicht geöffnet werden: Datei oder Verzeichnis nicht gefunden

(Cuon.py:10665): libglade-WARNING **: could not convert string to type `GdkPixbuf' for property `pixbuf'
ERROR:cuon:Test
ERROR:cuon:server2:9673/Cuon
ERROR:cuon:http://'server2:9673/Cuon'
ERROR:cuon:++++++++++++++++++++++++++++++++++++++++++++++++++++++++
ERROR:cuon: 
ERROR:cuon:server2:9673/Cuon
ERROR:cuon:http://'server2:9673/Cuon'
ERROR:cuon:++++++++++++++++++++++++++++++++++++++++++++++++++++++++
ERROR:cuon: 
ERROR:cuon:server2:9673/Cuon
ERROR:cuon:http://'server2:9673/Cuon'
ERROR:cuon:++++++++++++++++++++++++++++++++++++++++++++++++++++++++
ERROR:cuon: 
ERROR:cuon:server2:9673/Cuon
ERROR:cuon:http://'server2:9673/Cuon'
ERROR:cuon:++++++++++++++++++++++++++++++++++++++++++++++++++++++++
ERROR:cuon: 
ERROR:cuon:server2:9673/Cuon
ERROR:cuon:http://'server2:9673/Cuon'
ERROR:cuon:++++++++++++++++++++++++++++++++++++++++++++++++++++++++
ERROR:cuon: 
ERROR:cuon:server2:9673/Cuon
ERROR:cuon:http://'server2:9673/Cuon'
ERROR:cuon:++++++++++++++++++++++++++++++++++++++++++++++++++++++++
ERROR:cuon: 
ERROR:cuon:server2:9673/Cuon
ERROR:cuon:http://'server2:9673/Cuon'
ERROR:cuon:++++++++++++++++++++++++++++++++++++++++++++++++++++++++
ERROR:cuon: 
ERROR:cuon:server2:9673/Cuon
ERROR:cuon:http://'server2:9673/Cuon'
ERROR:cuon:++++++++++++++++++++++++++++++++++++++++++++++++++++++++
ERROR:cuon: 
ERROR:cuon:server2:9673/Cuon
ERROR:cuon:http://'server2:9673/Cuon'
ERROR:cuon:++++++++++++++++++++++++++++++++++++++++++++++++++++++++
ERROR:cuon: 
ERROR:cuon:server2:9673/Cuon
ERROR:cuon:http://'server2:9673/Cuon'
ERROR:cuon:++++++++++++++++++++++++++++++++++++++++++++++++++++++++
ERROR:cuon: 
ERROR:cuon:server2:9673/Cuon
ERROR:cuon:http://'server2:9673/Cuon'
ERROR:cuon:++++++++++++++++++++++++++++++++++++++++++++++++++++++++
ERROR:cuon: 
ERROR:cuon:server2:9673/Cuon
ERROR:cuon:http://'server2:9673/Cuon'
ERROR:cuon:++++++++++++++++++++++++++++++++++++++++++++++++++++++++
ERROR:cuon: 
ERROR:cuon:server2:9673/Cuon
ERROR:cuon:http://'server2:9673/Cuon'
ERROR:cuon:++++++++++++++++++++++++++++++++++++++++++++++++++++++++
ERROR:cuon: 
ERROR:cuon:server2:9673/Cuon
ERROR:cuon:http://'server2:9673/Cuon'
ERROR:cuon:++++++++++++++++++++++++++++++++++++++++++++++++++++++++
ERROR:cuon: 
ERROR:cuon:server2:9673/Cuon
ERROR:cuon:http://'server2:9673/Cuon'
ERROR:cuon:++++++++++++++++++++++++++++++++++++++++++++++++++++++++
ERROR:cuon: 
ERROR:cuon:server2:9673/Cuon
ERROR:cuon:http://'server2:9673/Cuon'
ERROR:cuon:++++++++++++++++++++++++++++++++++++++++++++++++++++++++
ERROR:cuon: 
ERROR:cuon:server2:9673/Cuon
ERROR:cuon:http://'server2:9673/Cuon'
ERROR:cuon:++++++++++++++++++++++++++++++++++++++++++++++++++++++++
ERROR:cuon: 
ERROR:cuon:server2:9673/Cuon
ERROR:cuon:http://'server2:9673/Cuon'
ERROR:cuon:++++++++++++++++++++++++++++++++++++++++++++++++++++++++
ERROR:cuon: 
ERROR:cuon:server2:9673/Cuon
ERROR:cuon:http://'server2:9673/Cuon'
ERROR:cuon:++++++++++++++++++++++++++++++++++++++++++++++++++++++++
ERROR:cuon: 
ERROR:cuon:server2:9673/Cuon
ERROR:cuon:http://'server2:9673/Cuon'
ERROR:cuon:++++++++++++++++++++++++++++++++++++++++++++++++++++++++
ERROR:cuon: 
ERROR:cuon:server2:9673/Cuon
ERROR:cuon:http://'server2:9673/Cuon'
ERROR:cuon:++++++++++++++++++++++++++++++++++++++++++++++++++++++++
ERROR:cuon: 
ERROR:cuon:server2:9673/Cuon
ERROR:cuon:http://'server2:9673/Cuon'
ERROR:cuon:++++++++++++++++++++++++++++++++++++++++++++++++++++++++
ERROR:cuon: 
ERROR:cuon:server2:9673/Cuon
ERROR:cuon:http://'server2:9673/Cuon'
ERROR:cuon:++++++++++++++++++++++++++++++++++++++++++++++++++++++++
ERROR:cuon: 
ERROR:cuon:server2:9673/Cuon
ERROR:cuon:http://'server2:9673/Cuon'
ERROR:cuon:++++++++++++++++++++++++++++++++++++++++++++++++++++++++
ERROR:cuon: 
ERROR:cuon:server2:9673/Cuon
ERROR:cuon:http://'server2:9673/Cuon'
ERROR:cuon:++++++++++++++++++++++++++++++++++++++++++++++++++++++++
ERROR:cuon: 
ERROR:cuon:server2:9673/Cuon
ERROR:cuon:http://'server2:9673/Cuon'
ERROR:cuon:++++++++++++++++++++++++++++++++++++++++++++++++++++++++
ERROR:cuon: 
ERROR:cuon:server2:9673/Cuon
ERROR:cuon:http://'server2:9673/Cuon'
ERROR:cuon:++++++++++++++++++++++++++++++++++++++++++++++++++++++++
ERROR:cuon: 
ERROR:cuon:server2:9673/Cuon
ERROR:cuon:http://'server2:9673/Cuon'
ERROR:cuon:++++++++++++++++++++++++++++++++++++++++++++++++++++++++
ERROR:cuon: 
ERROR:cuon:server2:9673/Cuon
ERROR:cuon:http://'server2:9673/Cuon'
ERROR:cuon:++++++++++++++++++++++++++++++++++++++++++++++++++++++++
ERROR:cuon: 
ERROR:cuon:server2:9673/Cuon
ERROR:cuon:http://'server2:9673/Cuon'
ERROR:cuon:++++++++++++++++++++++++++++++++++++++++++++++++++++++++
ERROR:cuon: 
ERROR:cuon:server2:9673/Cuon
ERROR:cuon:http://'server2:9673/Cuon'
ERROR:cuon:++++++++++++++++++++++++++++++++++++++++++++++++++++++++
ERROR:cuon: 
ERROR:cuon:server2:9673/Cuon
ERROR:cuon:http://'server2:9673/Cuon'
ERROR:cuon:++++++++++++++++++++++++++++++++++++++++++++++++++++++++
ERROR:cuon: 
ERROR:cuon:server2:9673/Cuon
ERROR:cuon:http://'server2:9673/Cuon'
ERROR:cuon:++++++++++++++++++++++++++++++++++++++++++++++++++++++++
ERROR:cuon: 
ERROR:cuon:server2:9673/Cuon
ERROR:cuon:http://'server2:9673/Cuon'
ERROR:cuon:++++++++++++++++++++++++++++++++++++++++++++++++++++++++
ERROR:cuon: 
ERROR:cuon:server2:9673/Cuon
ERROR:cuon:http://'server2:9673/Cuon'
ERROR:cuon:++++++++++++++++++++++++++++++++++++++++++++++++++++++++
ERROR:cuon: 
ERROR:cuon:server2:9673/Cuon
ERROR:cuon:http://'server2:9673/Cuon'
ERROR:cuon:++++++++++++++++++++++++++++++++++++++++++++++++++++++++
ERROR:cuon: 
ERROR:cuon:server2:9673/Cuon
ERROR:cuon:http://'server2:9673/Cuon'
ERROR:cuon:++++++++++++++++++++++++++++++++++++++++++++++++++++++++
ERROR:cuon: 
ERROR:cuon:number of Columns 
ERROR:cuon:72
ERROR:cuon:Test
ERROR:cuon:server2:9673/Cuon
ERROR:cuon:http://'server2:9673/Cuon'
ERROR:cuon:++++++++++++++++++++++++++++++++++++++++++++++++++++++++
ERROR:cuon: 
ERROR:cuon:server2:9673/Cuon
ERROR:cuon:http://'server2:9673/Cuon'
ERROR:cuon:++++++++++++++++++++++++++++++++++++++++++++++++++++++++
ERROR:cuon: 
ERROR:cuon:server2:9673/Cuon
ERROR:cuon:http://'server2:9673/Cuon'
ERROR:cuon:++++++++++++++++++++++++++++++++++++++++++++++++++++++++
ERROR:cuon: 
ERROR:cuon:server2:9673/Cuon
ERROR:cuon:http://'server2:9673/Cuon'
ERROR:cuon:++++++++++++++++++++++++++++++++++++++++++++++++++++++++
ERROR:cuon: 
ERROR:cuon:server2:9673/Cuon
ERROR:cuon:http://'server2:9673/Cuon'
ERROR:cuon:++++++++++++++++++++++++++++++++++++++++++++++++++++++++
ERROR:cuon: 
ERROR:cuon:server2:9673/Cuon
ERROR:cuon:http://'server2:9673/Cuon'
ERROR:cuon:++++++++++++++++++++++++++++++++++++++++++++++++++++++++
ERROR:cuon: 
ERROR:cuon:server2:9673/Cuon
ERROR:cuon:http://'server2:9673/Cuon'
ERROR:cuon:++++++++++++++++++++++++++++++++++++++++++++++++++++++++
ERROR:cuon: 
ERROR:cuon:server2:9673/Cuon
ERROR:cuon:http://'server2:9673/Cuon'
ERROR:cuon:++++++++++++++++++++++++++++++++++++++++++++++++++++++++
ERROR:cuon: 
ERROR:cuon:server2:9673/Cuon
ERROR:cuon:http://'server2:9673/Cuon'
ERROR:cuon:++++++++++++++++++++++++++++++++++++++++++++++++++++++++
ERROR:cuon: 
ERROR:cuon:server2:9673/Cuon
ERROR:cuon:http://'server2:9673/Cuon'
ERROR:cuon:++++++++++++++++++++++++++++++++++++++++++++++++++++++++
ERROR:cuon: 
ERROR:cuon:server2:9673/Cuon
ERROR:cuon:http://'server2:9673/Cuon'
ERROR:cuon:++++++++++++++++++++++++++++++++++++++++++++++++++++++++
ERROR:cuon: 
ERROR:cuon:number of Columns 
ERROR:cuon:20
ERROR:cuon:Test
ERROR:cuon:server2:9673/Cuon
ERROR:cuon:http://'server2:9673/Cuon'
ERROR:cuon:++++++++++++++++++++++++++++++++++++++++++++++++++++++++
ERROR:cuon: 
ERROR:cuon:server2:9673/Cuon
ERROR:cuon:http://'server2:9673/Cuon'
ERROR:cuon:++++++++++++++++++++++++++++++++++++++++++++++++++++++++
ERROR:cuon: 
ERROR:cuon:server2:9673/Cuon
ERROR:cuon:http://'server2:9673/Cuon'
ERROR:cuon:++++++++++++++++++++++++++++++++++++++++++++++++++++++++
ERROR:cuon: 
ERROR:cuon:server2:9673/Cuon
ERROR:cuon:http://'server2:9673/Cuon'
ERROR:cuon:++++++++++++++++++++++++++++++++++++++++++++++++++++++++
ERROR:cuon: 
ERROR:cuon:server2:9673/Cuon
ERROR:cuon:http://'server2:9673/Cuon'
ERROR:cuon:++++++++++++++++++++++++++++++++++++++++++++++++++++++++
ERROR:cuon: 
ERROR:cuon:server2:9673/Cuon
ERROR:cuon:http://'server2:9673/Cuon'
ERROR:cuon:++++++++++++++++++++++++++++++++++++++++++++++++++++++++
ERROR:cuon: 
ERROR:cuon:server2:9673/Cuon
ERROR:cuon:http://'server2:9673/Cuon'
ERROR:cuon:++++++++++++++++++++++++++++++++++++++++++++++++++++++++
ERROR:cuon: 
ERROR:cuon:server2:9673/Cuon
ERROR:cuon:http://'server2:9673/Cuon'
ERROR:cuon:++++++++++++++++++++++++++++++++++++++++++++++++++++++++
ERROR:cuon: 
ERROR:cuon:server2:9673/Cuon
ERROR:cuon:http://'server2:9673/Cuon'
ERROR:cuon:++++++++++++++++++++++++++++++++++++++++++++++++++++++++
ERROR:cuon: 
ERROR:cuon:server2:9673/Cuon
ERROR:cuon:http://'server2:9673/Cuon'
ERROR:cuon:++++++++++++++++++++++++++++++++++++++++++++++++++++++++
ERROR:cuon: 
ERROR:cuon:server2:9673/Cuon
ERROR:cuon:http://'server2:9673/Cuon'
ERROR:cuon:++++++++++++++++++++++++++++++++++++++++++++++++++++++++
ERROR:cuon: 
ERROR:cuon:server2:9673/Cuon
ERROR:cuon:http://'server2:9673/Cuon'
ERROR:cuon:++++++++++++++++++++++++++++++++++++++++++++++++++++++++
ERROR:cuon: 
ERROR:cuon:server2:9673/Cuon
ERROR:cuon:http://'server2:9673/Cuon'
ERROR:cuon:++++++++++++++++++++++++++++++++++++++++++++++++++++++++
ERROR:cuon: 
ERROR:cuon:server2:9673/Cuon
ERROR:cuon:http://'server2:9673/Cuon'
ERROR:cuon:++++++++++++++++++++++++++++++++++++++++++++++++++++++++
ERROR:cuon: 
ERROR:cuon:server2:9673/Cuon
ERROR:cuon:http://'server2:9673/Cuon'
ERROR:cuon:++++++++++++++++++++++++++++++++++++++++++++++++++++++++
ERROR:cuon: 
ERROR:cuon:server2:9673/Cuon
ERROR:cuon:http://'server2:9673/Cuon'
ERROR:cuon:++++++++++++++++++++++++++++++++++++++++++++++++++++++++
ERROR:cuon: 
ERROR:cuon:server2:9673/Cuon
ERROR:cuon:http://'server2:9673/Cuon'
ERROR:cuon:++++++++++++++++++++++++++++++++++++++++++++++++++++++++
ERROR:cuon: 
ERROR:cuon:server2:9673/Cuon
ERROR:cuon:http://'server2:9673/Cuon'
ERROR:cuon:++++++++++++++++++++++++++++++++++++++++++++++++++++++++
ERROR:cuon: 
ERROR:cuon:server2:9673/Cuon
ERROR:cuon:http://'server2:9673/Cuon'
ERROR:cuon:++++++++++++++++++++++++++++++++++++++++++++++++++++++++
ERROR:cuon: 
ERROR:cuon:server2:9673/Cuon
ERROR:cuon:http://'server2:9673/Cuon'
ERROR:cuon:++++++++++++++++++++++++++++++++++++++++++++++++++++++++
ERROR:cuon: 
ERROR:cuon:server2:9673/Cuon
ERROR:cuon:http://'server2:9673/Cuon'
ERROR:cuon:++++++++++++++++++++++++++++++++++++++++++++++++++++++++
ERROR:cuon: 
ERROR:cuon:server2:9673/Cuon
ERROR:cuon:http://'server2:9673/Cuon'
ERROR:cuon:++++++++++++++++++++++++++++++++++++++++++++++++++++++++
ERROR:cuon: 
ERROR:cuon:server2:9673/Cuon
ERROR:cuon:http://'server2:9673/Cuon'
ERROR:cuon:++++++++++++++++++++++++++++++++++++++++++++++++++++++++
ERROR:cuon: 
ERROR:cuon:server2:9673/Cuon
ERROR:cuon:http://'server2:9673/Cuon'
ERROR:cuon:++++++++++++++++++++++++++++++++++++++++++++++++++++++++
ERROR:cuon: 
ERROR:cuon:server2:9673/Cuon
ERROR:cuon:http://'server2:9673/Cuon'
ERROR:cuon:++++++++++++++++++++++++++++++++++++++++++++++++++++++++
ERROR:cuon: 
ERROR:cuon:server2:9673/Cuon
ERROR:cuon:http://'server2:9673/Cuon'
ERROR:cuon:++++++++++++++++++++++++++++++++++++++++++++++++++++++++
ERROR:cuon: 
ERROR:cuon:server2:9673/Cuon
ERROR:cuon:http://'server2:9673/Cuon'
ERROR:cuon:++++++++++++++++++++++++++++++++++++++++++++++++++++++++
ERROR:cuon: 
ERROR:cuon:server2:9673/Cuon
ERROR:cuon:http://'server2:9673/Cuon'
ERROR:cuon:++++++++++++++++++++++++++++++++++++++++++++++++++++++++
ERROR:cuon: 
ERROR:cuon:server2:9673/Cuon
ERROR:cuon:http://'server2:9673/Cuon'
ERROR:cuon:++++++++++++++++++++++++++++++++++++++++++++++++++++++++
ERROR:cuon: 
ERROR:cuon:server2:9673/Cuon
ERROR:cuon:http://'server2:9673/Cuon'
ERROR:cuon:++++++++++++++++++++++++++++++++++++++++++++++++++++++++
ERROR:cuon: 
ERROR:cuon:server2:9673/Cuon
ERROR:cuon:http://'server2:9673/Cuon'
ERROR:cuon:++++++++++++++++++++++++++++++++++++++++++++++++++++++++
ERROR:cuon: 
ERROR:cuon:server2:9673/Cuon
ERROR:cuon:http://'server2:9673/Cuon'
ERROR:cuon:++++++++++++++++++++++++++++++++++++++++++++++++++++++++
ERROR:cuon: 
ERROR:cuon:server2:9673/Cuon
ERROR:cuon:http://'server2:9673/Cuon'
ERROR:cuon:++++++++++++++++++++++++++++++++++++++++++++++++++++++++
ERROR:cuon: 
ERROR:cuon:server2:9673/Cuon
ERROR:cuon:http://'server2:9673/Cuon'
ERROR:cuon:++++++++++++++++++++++++++++++++++++++++++++++++++++++++
ERROR:cuon: 
ERROR:cuon:server2:9673/Cuon
ERROR:cuon:http://'server2:9673/Cuon'
ERROR:cuon:++++++++++++++++++++++++++++++++++++++++++++++++++++++++
ERROR:cuon: 
ERROR:cuon:server2:9673/Cuon
ERROR:cuon:http://'server2:9673/Cuon'
ERROR:cuon:++++++++++++++++++++++++++++++++++++++++++++++++++++++++
ERROR:cuon: 
ERROR:cuon:server2:9673/Cuon
ERROR:cuon:http://'server2:9673/Cuon'
ERROR:cuon:++++++++++++++++++++++++++++++++++++++++++++++++++++++++
ERROR:cuon: 
ERROR:cuon:server2:9673/Cuon
ERROR:cuon:http://'server2:9673/Cuon'
ERROR:cuon:++++++++++++++++++++++++++++++++++++++++++++++++++++++++
ERROR:cuon: 
ERROR:cuon:server2:9673/Cuon
ERROR:cuon:http://'server2:9673/Cuon'
ERROR:cuon:++++++++++++++++++++++++++++++++++++++++++++++++++++++++
ERROR:cuon: 
ERROR:cuon:server2:9673/Cuon
ERROR:cuon:http://'server2:9673/Cuon'
ERROR:cuon:++++++++++++++++++++++++++++++++++++++++++++++++++++++++
ERROR:cuon: 
ERROR:cuon:server2:9673/Cuon
ERROR:cuon:http://'server2:9673/Cuon'
ERROR:cuon:++++++++++++++++++++++++++++++++++++++++++++++++++++++++
ERROR:cuon: 
ERROR:cuon:server2:9673/Cuon
ERROR:cuon:http://'server2:9673/Cuon'
ERROR:cuon:++++++++++++++++++++++++++++++++++++++++++++++++++++++++
ERROR:cuon: 
ERROR:cuon:server2:9673/Cuon
ERROR:cuon:http://'server2:9673/Cuon'
ERROR:cuon:++++++++++++++++++++++++++++++++++++++++++++++++++++++++
ERROR:cuon: 
ERROR:cuon:server2:9673/Cuon
ERROR:cuon:http://'server2:9673/Cuon'
ERROR:cuon:++++++++++++++++++++++++++++++++++++++++++++++++++++++++
ERROR:cuon: 
ERROR:cuon:number of Columns 
ERROR:cuon:86
ERROR:cuon:Test
ERROR:cuon:server2:9673/Cuon
ERROR:cuon:http://'server2:9673/Cuon'
ERROR:cuon:++++++++++++++++++++++++++++++++++++++++++++++++++++++++
ERROR:cuon: 
ERROR:cuon:server2:9673/Cuon
ERROR:cuon:http://'server2:9673/Cuon'
ERROR:cuon:++++++++++++++++++++++++++++++++++++++++++++++++++++++++
ERROR:cuon: 
ERROR:cuon:server2:9673/Cuon
ERROR:cuon:http://'server2:9673/Cuon'
ERROR:cuon:++++++++++++++++++++++++++++++++++++++++++++++++++++++++
ERROR:cuon: 
ERROR:cuon:server2:9673/Cuon
ERROR:cuon:http://'server2:9673/Cuon'
ERROR:cuon:++++++++++++++++++++++++++++++++++++++++++++++++++++++++
ERROR:cuon: 
ERROR:cuon:server2:9673/Cuon
ERROR:cuon:http://'server2:9673/Cuon'
ERROR:cuon:++++++++++++++++++++++++++++++++++++++++++++++++++++++++
ERROR:cuon: 
ERROR:cuon:server2:9673/Cuon
ERROR:cuon:http://'server2:9673/Cuon'
ERROR:cuon:++++++++++++++++++++++++++++++++++++++++++++++++++++++++
ERROR:cuon: 
ERROR:cuon:server2:9673/Cuon
ERROR:cuon:http://'server2:9673/Cuon'
ERROR:cuon:++++++++++++++++++++++++++++++++++++++++++++++++++++++++
ERROR:cuon: 
ERROR:cuon:server2:9673/Cuon
ERROR:cuon:http://'server2:9673/Cuon'
ERROR:cuon:++++++++++++++++++++++++++++++++++++++++++++++++++++++++
ERROR:cuon: 
ERROR:cuon:server2:9673/Cuon
ERROR:cuon:http://'server2:9673/Cuon'
ERROR:cuon:++++++++++++++++++++++++++++++++++++++++++++++++++++++++
ERROR:cuon: 
ERROR:cuon:server2:9673/Cuon
ERROR:cuon:http://'server2:9673/Cuon'
ERROR:cuon:++++++++++++++++++++++++++++++++++++++++++++++++++++++++
ERROR:cuon: 
ERROR:cuon:server2:9673/Cuon
ERROR:cuon:http://'server2:9673/Cuon'
ERROR:cuon:++++++++++++++++++++++++++++++++++++++++++++++++++++++++
ERROR:cuon: 
ERROR:cuon:server2:9673/Cuon
ERROR:cuon:http://'server2:9673/Cuon'
ERROR:cuon:++++++++++++++++++++++++++++++++++++++++++++++++++++++++
ERROR:cuon: 
ERROR:cuon:server2:9673/Cuon
ERROR:cuon:http://'server2:9673/Cuon'
ERROR:cuon:++++++++++++++++++++++++++++++++++++++++++++++++++++++++
ERROR:cuon: 
ERROR:cuon:server2:9673/Cuon
ERROR:cuon:http://'server2:9673/Cuon'
ERROR:cuon:++++++++++++++++++++++++++++++++++++++++++++++++++++++++
ERROR:cuon: 
ERROR:cuon:number of Columns 
ERROR:cuon:26

(Cuon.py:10665): Gtk-CRITICAL **: file gtkwidget.c: line 3690 (gtk_widget_grab_default): assertion `GTK_WIDGET_CAN_DEFAULT (widget)' failed
ERROR:cuon:server2:9673/Cuon
ERROR:cuon:http://'server2:9673/Cuon'
ERROR:cuon:++++++++++++++++++++++++++++++++++++++++++++++++++++++++
ERROR:cuon: 
ERROR:cuon:singleData - set Entries ++++++++++++++++++++++++++++++++++++++++++++++++++ 
ERROR:cuon:<cuon.Windows.setOfEntries.setOfEntries instance at 0x410cecac>
ERROR:cuon:lifield = ['lastname', 'firstname', 'city', 'id']
ERROR:cuon:dicFields = 
ERROR:cuon:{'lastname': u'string', 'id': 'int', 'firstname': u'string', 'city': u'string'}
ERROR:cuon:server2:9673/Cuon
ERROR:cuon:http://'server2:9673/Cuon'
ERROR:cuon:++++++++++++++++++++++++++++++++++++++++++++++++++++++++
ERROR:cuon: 
ERROR:cuon:[{'lastname': 'Area 51', 'id': 2, 'firstname': '', 'city': 'Herford'}, {'lastname': 'Cyrus-Computer GmbH', 'id': 1, 'firstname': '', 'city': 'L+APY-hne'}, {'lastname': 'Dietzel-Technik ', 'id': 5, 'firstname': '', 'city': ''}, {'lastname': 'Handy-Treff GmbH', 'id': 3, 'firstname': '', 'city': 'B+APw-nde'}, {'lastname': 'Innovatec', 'id': 4, 'firstname': '', 'city': 'B+APw-ckeburg'}, {'lastname': 'Internet-Service', 'id': 8, 'firstname': '', 'city': 'Bielefeld'}, {'lastname': 'Primus', 'id': 7, 'firstname': '', 'city': 'B+APw-nde'}, {'lastname': 'Softconcept GmbH', 'id': 6, 'firstname': '', 'city': 'B+APw-nde'}]
ERROR:cuon:name of j = 'lastname'
ERROR:cuon:eLastName
ERROR:cuon:name of j = 'firstname'
ERROR:cuon:eFirstName
ERROR:cuon:name of j = 'city'
ERROR:cuon:eCity
ERROR:cuon:name of j = 'id'
ERROR:cuon:name of j = 'lastname'
ERROR:cuon:eLastName
ERROR:cuon:name of j = 'firstname'
ERROR:cuon:eFirstName
ERROR:cuon:name of j = 'city'
ERROR:cuon:eCity
ERROR:cuon:name of j = 'id'
ERROR:cuon:name of j = 'lastname'
ERROR:cuon:eLastName
ERROR:cuon:name of j = 'firstname'
ERROR:cuon:eFirstName
ERROR:cuon:name of j = 'city'
ERROR:cuon:eCity
ERROR:cuon:name of j = 'id'
ERROR:cuon:name of j = 'lastname'
ERROR:cuon:eLastName
ERROR:cuon:name of j = 'firstname'
ERROR:cuon:eFirstName
ERROR:cuon:name of j = 'city'
ERROR:cuon:eCity
ERROR:cuon:name of j = 'id'
ERROR:cuon:name of j = 'lastname'
ERROR:cuon:eLastName
ERROR:cuon:name of j = 'firstname'
ERROR:cuon:eFirstName
ERROR:cuon:name of j = 'city'
ERROR:cuon:eCity
ERROR:cuon:name of j = 'id'
ERROR:cuon:name of j = 'lastname'
ERROR:cuon:eLastName
ERROR:cuon:name of j = 'firstname'
ERROR:cuon:eFirstName
ERROR:cuon:name of j = 'city'
ERROR:cuon:eCity
ERROR:cuon:name of j = 'id'
ERROR:cuon:name of j = 'lastname'
ERROR:cuon:eLastName
ERROR:cuon:name of j = 'firstname'
ERROR:cuon:eFirstName
ERROR:cuon:name of j = 'city'
ERROR:cuon:eCity
ERROR:cuon:name of j = 'id'
ERROR:cuon:name of j = 'lastname'
ERROR:cuon:eLastName
ERROR:cuon:name of j = 'firstname'
ERROR:cuon:eFirstName
ERROR:cuon:name of j = 'city'
ERROR:cuon:eCity
ERROR:cuon:name of j = 'id'
ERROR:cuon:-----------------------------------------------------------------------------------------------------------------------------------
ERROR:cuon:[[u'Area 51', u'', u'Herford', 2], [u'Cyrus-Computer GmbH', u'', u'L\xf6hne', 1], [u'Dietzel-Technik ', u'', u'', 5], [u'Handy-Treff GmbH', u'', u'B\xfcnde', 3], [u'Innovatec', u'', u'B\xfcckeburg', 4], [u'Internet-Service', u'', u'Bielefeld', 8], [u'Primus', u'', u'B\xfcnde', 7], [u'Softconcept GmbH', u'', u'B\xfcnde', 6]]
ERROR:cuon:+++++++++++++++++++++++++++++++++++++++++++++++++++++++++++++++++++++++++++++++
ERROR:cuon:server2:9673/Cuon
ERROR:cuon:http://'server2:9673/Cuon'
ERROR:cuon:++++++++++++++++++++++++++++++++++++++++++++++++++++++++
ERROR:cuon: 
ERROR:cuon:singleData - set Entries ++++++++++++++++++++++++++++++++++++++++++++++++++ 
ERROR:cuon:<cuon.Windows.setOfEntries.setOfEntries instance at 0x410ce4cc>
ERROR:cuon:lifield = ['id']
ERROR:cuon:dicFields = 
ERROR:cuon:{'id': 'int'}
ERROR:cuon:server2:9673/Cuon
ERROR:cuon:http://'server2:9673/Cuon'
ERROR:cuon:++++++++++++++++++++++++++++++++++++++++++++++++++++++++
ERROR:cuon: 
ERROR:cuon:[]
ERROR:cuon:-----------------------------------------------------------------------------------------------------------------------------------
ERROR:cuon:[]
ERROR:cuon:+++++++++++++++++++++++++++++++++++++++++++++++++++++++++++++++++++++++++++++++
ERROR:cuon:server2:9673/Cuon
ERROR:cuon:http://'server2:9673/Cuon'
ERROR:cuon:++++++++++++++++++++++++++++++++++++++++++++++++++++++++
ERROR:cuon: 
ERROR:cuon:singleData - set Entries ++++++++++++++++++++++++++++++++++++++++++++++++++ 
ERROR:cuon:<cuon.Windows.setOfEntries.setOfEntries instance at 0x410c370c>
ERROR:cuon:lifield = ['lastname', 'firstname', 'city', 'id']
ERROR:cuon:dicFields = 
ERROR:cuon:{'lastname': u'string', 'id': 'int', 'firstname': u'string', 'city': u'string'}
ERROR:cuon:server2:9673/Cuon
ERROR:cuon:http://'server2:9673/Cuon'
ERROR:cuon:++++++++++++++++++++++++++++++++++++++++++++++++++++++++
ERROR:cuon: 
ERROR:cuon:[]
ERROR:cuon:-----------------------------------------------------------------------------------------------------------------------------------
ERROR:cuon:[]
ERROR:cuon:+++++++++++++++++++++++++++++++++++++++++++++++++++++++++++++++++++++++++++++++
ERROR:cuon:server2:9673/Cuon
ERROR:cuon:http://'server2:9673/Cuon'
ERROR:cuon:++++++++++++++++++++++++++++++++++++++++++++++++++++++++
ERROR:cuon: 
ERROR:cuon:singleData - set Entries ++++++++++++++++++++++++++++++++++++++++++++++++++ 
ERROR:cuon:<cuon.Windows.setOfEntries.setOfEntries instance at 0x410ce08c>
ERROR:cuon:lifield = ['schedul_date', 'schedul_time', 'short_remark', 'priority', 'process_status', 'id']
ERROR:cuon:dicFields = 
ERROR:cuon:{'process_status': u'int', 'schedul_date': u'date', 'priority': u'int', 'schedul_time': u'time', 'short_remark': u'textline', 'id': 'int'}
ERROR:cuon:server2:9673/Cuon
ERROR:cuon:http://'server2:9673/Cuon'
ERROR:cuon:++++++++++++++++++++++++++++++++++++++++++++++++++++++++
ERROR:cuon: 
ERROR:cuon:[]
ERROR:cuon:-----------------------------------------------------------------------------------------------------------------------------------
ERROR:cuon:[]
ERROR:cuon:+++++++++++++++++++++++++++++++++++++++++++++++++++++++++++++++++++++++++++++++
ERROR:cuon:singleData - get Entries ++++++++++++++++++++++++++++++++++++++++++++++++++ 

(Cuon.py:10665): GLib-GObject-CRITICAL **: file gsignal.c: line 1999 (g_signal_handler_disconnect): assertion `handler_id > 0' failed

(Cuon.py:10665): GLib-GObject-CRITICAL **: file gsignal.c: line 1999 (g_signal_handler_disconnect): assertion `handler_id > 0' failed
ERROR:cuon:index : 0
ERROR:cuon:entry : <cuon.Windows.dataEntry.dataEntry instance at 0x410ce68c>
ERROR:cuon:name  : eAddress
ERROR:cuon:widget: <gtk.Entry object (GtkEntry) at 0x410d8c84>
ERROR:cuon:index : 1
ERROR:cuon:entry : <cuon.Windows.dataEntry.dataEntry instance at 0x410ce90c>
ERROR:cuon:name  : eLastName
ERROR:cuon:widget: <gtk.Entry object (GtkEntry) at 0x410d8d74>
ERROR:cuon:index : 2
ERROR:cuon:entry : <cuon.Windows.dataEntry.dataEntry instance at 0x410d096c>
ERROR:cuon:name  : eLastName2
ERROR:cuon:widget: <gtk.Entry object (GtkEntry) at 0x410d8dc4>
ERROR:cuon:index : 3
ERROR:cuon:entry : <cuon.Windows.dataEntry.dataEntry instance at 0x410d01ec>
ERROR:cuon:name  : eFirstName
ERROR:cuon:widget: <gtk.Entry object (GtkEntry) at 0x410d8e14>
ERROR:cuon:index : 4
ERROR:cuon:entry : <cuon.Windows.dataEntry.dataEntry instance at 0x410d0c6c>
ERROR:cuon:name  : eStreet
ERROR:cuon:widget: <gtk.Entry object (GtkEntry) at 0x410d8e3c>
ERROR:cuon:index : 5
ERROR:cuon:entry : <cuon.Windows.dataEntry.dataEntry instance at 0x410d0dcc>
ERROR:cuon:name  : eCountry
ERROR:cuon:widget: <gtk.Entry object (GtkEntry) at 0x410d8e64>
ERROR:cuon:index : 6
ERROR:cuon:entry : <cuon.Windows.dataEntry.dataEntry instance at 0x410d02ec>
ERROR:cuon:name  : eState
ERROR:cuon:widget: <gtk.Entry object (GtkEntry) at 0x410d8e8c>
ERROR:cuon:index : 7
ERROR:cuon:entry : <cuon.Windows.dataEntry.dataEntry instance at 0x410d064c>
ERROR:cuon:name  : eZip
ERROR:cuon:widget: <gtk.Entry object (GtkEntry) at 0x410d8eb4>
ERROR:cuon:index : 8
ERROR:cuon:entry : <cuon.Windows.dataEntry.dataEntry instance at 0x410d006c>
ERROR:cuon:name  : eCity
ERROR:cuon:widget: <gtk.Entry object (GtkEntry) at 0x410d8edc>
ERROR:cuon:index : 9
ERROR:cuon:entry : <cuon.Windows.dataEntry.dataEntry instance at 0x410d0f0c>
ERROR:cuon:name  : ePhone
ERROR:cuon:widget: <gtk.Entry object (GtkEntry) at 0x410d8f04>
ERROR:cuon:index : 10
ERROR:cuon:entry : <cuon.Windows.dataEntry.dataEntry instance at 0x410d052c>
ERROR:cuon:name  : eEmail
ERROR:cuon:widget: <gtk.Entry object (GtkEntry) at 0x410d8f2c>
ERROR:cuon:index : 11
ERROR:cuon:entry : <cuon.Windows.dataEntry.dataEntry instance at 0x410d082c>
ERROR:cuon:name  : eFax
ERROR:cuon:widget: <gtk.Entry object (GtkEntry) at 0x410d8f54>
ERROR:cuon:dicFields = 
ERROR:cuon:{'lastname': u'string', 'id': 'int', 'firstname': u'string', 'city': u'string'}
ERROR:cuon:server2:9673/Cuon
ERROR:cuon:http://'server2:9673/Cuon'
ERROR:cuon:++++++++++++++++++++++++++++++++++++++++++++++++++++++++
ERROR:cuon: 
ERROR:cuon:[{'lastname': 'Area 51', 'id': 2, 'firstname': '', 'city': 'Herford'}, {'lastname': 'Cyrus-Computer GmbH', 'id': 1, 'firstname': '', 'city': 'L+APY-hne'}, {'lastname': 'Dietzel-Technik ', 'id': 5, 'firstname': '', 'city': ''}, {'lastname': 'Handy-Treff GmbH', 'id': 3, 'firstname': '', 'city': 'B+APw-nde'}, {'lastname': 'Innovatec', 'id': 4, 'firstname': '', 'city': 'B+APw-ckeburg'}, {'lastname': 'Internet-Service', 'id': 8, 'firstname': '', 'city': 'Bielefeld'}, {'lastname': 'Primus', 'id': 7, 'firstname': '', 'city': 'B+APw-nde'}, {'lastname': 'Softconcept GmbH', 'id': 6, 'firstname': '', 'city': 'B+APw-nde'}]
ERROR:cuon:name of j = 'lastname'
ERROR:cuon:eLastName
ERROR:cuon:name of j = 'firstname'
ERROR:cuon:eFirstName
ERROR:cuon:name of j = 'city'
ERROR:cuon:eCity
ERROR:cuon:name of j = 'id'
ERROR:cuon:name of j = 'lastname'
ERROR:cuon:eLastName
ERROR:cuon:name of j = 'firstname'
ERROR:cuon:eFirstName
ERROR:cuon:name of j = 'city'
ERROR:cuon:eCity
ERROR:cuon:name of j = 'id'
ERROR:cuon:name of j = 'lastname'
ERROR:cuon:eLastName
ERROR:cuon:name of j = 'firstname'
ERROR:cuon:eFirstName
ERROR:cuon:name of j = 'city'
ERROR:cuon:eCity
ERROR:cuon:name of j = 'id'
ERROR:cuon:name of j = 'lastname'
ERROR:cuon:eLastName
ERROR:cuon:name of j = 'firstname'
ERROR:cuon:eFirstName
ERROR:cuon:name of j = 'city'
ERROR:cuon:eCity
ERROR:cuon:name of j = 'id'
ERROR:cuon:name of j = 'lastname'
ERROR:cuon:eLastName
ERROR:cuon:name of j = 'firstname'
ERROR:cuon:eFirstName
ERROR:cuon:name of j = 'city'
ERROR:cuon:eCity
ERROR:cuon:name of j = 'id'
ERROR:cuon:name of j = 'lastname'
ERROR:cuon:eLastName
ERROR:cuon:name of j = 'firstname'
ERROR:cuon:eFirstName
ERROR:cuon:name of j = 'city'
ERROR:cuon:eCity
ERROR:cuon:name of j = 'id'
ERROR:cuon:name of j = 'lastname'
ERROR:cuon:eLastName
ERROR:cuon:name of j = 'firstname'
ERROR:cuon:eFirstName
ERROR:cuon:name of j = 'city'
ERROR:cuon:eCity
ERROR:cuon:name of j = 'id'
ERROR:cuon:name of j = 'lastname'
ERROR:cuon:eLastName
ERROR:cuon:name of j = 'firstname'
ERROR:cuon:eFirstName
ERROR:cuon:name of j = 'city'
ERROR:cuon:eCity
ERROR:cuon:name of j = 'id'
ERROR:cuon:-----------------------------------------------------------------------------------------------------------------------------------
ERROR:cuon:[[u'Area 51', u'', u'Herford', 2], [u'Cyrus-Computer GmbH', u'', u'L\xf6hne', 1], [u'Dietzel-Technik ', u'', u'', 5], [u'Handy-Treff GmbH', u'', u'B\xfcnde', 3], [u'Innovatec', u'', u'B\xfcckeburg', 4], [u'Internet-Service', u'', u'Bielefeld', 8], [u'Primus', u'', u'B\xfcnde', 7], [u'Softconcept GmbH', u'', u'B\xfcnde', 6]]
ERROR:cuon:+++++++++++++++++++++++++++++++++++++++++++++++++++++++++++++++++++++++++++++++
ERROR:cuon:tree_select entered
ERROR:cuon:2
ERROR:cuon:+++++++++++++++++++++++++++++++++++++++++++++++++++++++++++++++++***
ERROR:cuon:address
ERROR:cuon:<cuon.Databases.cyr_table.cyr_table instance at 0x410bf7cc>
ERROR:cuon:len von dicUser6 --> {'SQLTimeFormat': 'HH24:MI', 'SQLDateFormat': 'DD.MM.YYYY', 'Name': '', 'Encoding': 'utf-7', 'DateTimeformatString': '%d.%m.%Y', 'Locales': 'de'}
ERROR:cuon:diccolumns = 
ERROR:cuon:{'status': 'char', 'city': 'varchar', 'fax': 'varchar', 'user_id': 'char', 'zip': 'varchar', 'firstname': 'varchar', 'lastname': 'varchar', 'email': 'varchar', 'phone': 'varchar', 'state': 'varchar', 'street': 'varchar', 'address': 'varchar', 'lastname2': 'varchar', 'country': 'varchar', 'id': 'int'}
ERROR:cuon:server2:9673/Cuon
ERROR:cuon:http://'server2:9673/Cuon'
ERROR:cuon:++++++++++++++++++++++++++++++++++++++++++++++++++++++++
ERROR:cuon: 
ERROR:cuon:[{'status': False, 'city': 'Herford', 'fax': '05221 689186', 'user_id': False, 'firstname': '', 'zip': '32049', 'country': 'D', 'email': 'info@area51.de', 'phone': '05221 689199', 'state': 'NRW', 'street': 'Bismarckstr. 12', 'lastname': 'Area 51', 'address': 'Fa.', 'lastname2': 'Computertechnik', 'id': 2}]
ERROR:cuon:dicEntries-getEntryByName: None
ERROR:cuon:#################################
ERROR:cuon:DICENTRIES: [<cuon.Windows.dataEntry.dataEntry instance at 0x410ce68c>, <cuon.Windows.dataEntry.dataEntry instance at 0x410ce90c>, <cuon.Windows.dataEntry.dataEntry instance at 0x410d096c>, <cuon.Windows.dataEntry.dataEntry instance at 0x410d01ec>, <cuon.Windows.dataEntry.dataEntry instance at 0x410d0c6c>, <cuon.Windows.dataEntry.dataEntry instance at 0x410d0dcc>, <cuon.Windows.dataEntry.dataEntry instance at 0x410d02ec>, <cuon.Windows.dataEntry.dataEntry instance at 0x410d064c>, <cuon.Windows.dataEntry.dataEntry instance at 0x410d006c>, <cuon.Windows.dataEntry.dataEntry instance at 0x410d0f0c>, <cuon.Windows.dataEntry.dataEntry instance at 0x410d052c>, <cuon.Windows.dataEntry.dataEntry instance at 0x410d082c>]
ERROR:cuon:#################################
ERROR:cuon:sValue: status
ERROR:cuon:id: 2
ERROR:cuon:SingleData.fillExternalWidget()
ERROR:cuon:Value: status
ERROR:cuon:ID: False
ERROR:cuon:dicEntries-getEntryByName: <cuon.Windows.dataEntry.dataEntry instance at 0x410d006c>
ERROR:cuon:entry: <cuon.Windows.dataEntry.dataEntry instance at 0x410d006c>
ERROR:cuon:name : eCity
ERROR:cuon:sql  : city
ERROR:cuon:wert : Herford
ERROR:cuon:typ  : string
ERROR:cuon:<type 'str'>
ERROR:cuon:widget: <gtk.Entry object (GtkEntry) at 0x410d8edc>
ERROR:cuon:GtkEntry:
ERROR:cuon:Name: eCity
ERROR:cuon:dicEntries-getEntryByName: <cuon.Windows.dataEntry.dataEntry instance at 0x410d082c>
ERROR:cuon:entry: <cuon.Windows.dataEntry.dataEntry instance at 0x410d082c>
ERROR:cuon:name : eFax
ERROR:cuon:sql  : fax
ERROR:cuon:wert : 05221 689186
ERROR:cuon:typ  : string
ERROR:cuon:<type 'str'>
ERROR:cuon:widget: <gtk.Entry object (GtkEntry) at 0x410d8f54>
ERROR:cuon:GtkEntry:
ERROR:cuon:Name: eFax
ERROR:cuon:dicEntries-getEntryByName: None
ERROR:cuon:#################################
ERROR:cuon:DICENTRIES: [<cuon.Windows.dataEntry.dataEntry instance at 0x410ce68c>, <cuon.Windows.dataEntry.dataEntry instance at 0x410ce90c>, <cuon.Windows.dataEntry.dataEntry instance at 0x410d096c>, <cuon.Windows.dataEntry.dataEntry instance at 0x410d01ec>, <cuon.Windows.dataEntry.dataEntry instance at 0x410d0c6c>, <cuon.Windows.dataEntry.dataEntry instance at 0x410d0dcc>, <cuon.Windows.dataEntry.dataEntry instance at 0x410d02ec>, <cuon.Windows.dataEntry.dataEntry instance at 0x410d064c>, <cuon.Windows.dataEntry.dataEntry instance at 0x410d006c>, <cuon.Windows.dataEntry.dataEntry instance at 0x410d0f0c>, <cuon.Windows.dataEntry.dataEntry instance at 0x410d052c>, <cuon.Windows.dataEntry.dataEntry instance at 0x410d082c>]
ERROR:cuon:#################################
ERROR:cuon:sValue: user_id
ERROR:cuon:id: 2
ERROR:cuon:SingleData.fillExternalWidget()
ERROR:cuon:Value: user_id
ERROR:cuon:ID: False
ERROR:cuon:dicEntries-getEntryByName: <cuon.Windows.dataEntry.dataEntry instance at 0x410d01ec>
ERROR:cuon:entry: <cuon.Windows.dataEntry.dataEntry instance at 0x410d01ec>
ERROR:cuon:name : eFirstName
ERROR:cuon:sql  : firstname
ERROR:cuon:wert : 
ERROR:cuon:typ  : string
ERROR:cuon:<type 'str'>
ERROR:cuon:widget: <gtk.Entry object (GtkEntry) at 0x410d8e14>
ERROR:cuon:GtkEntry:
ERROR:cuon:Name: eFirstName
ERROR:cuon:dicEntries-getEntryByName: <cuon.Windows.dataEntry.dataEntry instance at 0x410d064c>
ERROR:cuon:entry: <cuon.Windows.dataEntry.dataEntry instance at 0x410d064c>
ERROR:cuon:name : eZip
ERROR:cuon:sql  : zip
ERROR:cuon:wert : 32049
ERROR:cuon:typ  : string
ERROR:cuon:<type 'str'>
ERROR:cuon:widget: <gtk.Entry object (GtkEntry) at 0x410d8eb4>
ERROR:cuon:GtkEntry:
ERROR:cuon:Name: eZip
ERROR:cuon:dicEntries-getEntryByName: <cuon.Windows.dataEntry.dataEntry instance at 0x410d0dcc>
ERROR:cuon:entry: <cuon.Windows.dataEntry.dataEntry instance at 0x410d0dcc>
ERROR:cuon:name : eCountry
ERROR:cuon:sql  : country
ERROR:cuon:wert : D
ERROR:cuon:typ  : string
ERROR:cuon:<type 'str'>
ERROR:cuon:widget: <gtk.Entry object (GtkEntry) at 0x410d8e64>
ERROR:cuon:GtkEntry:
ERROR:cuon:Name: eCountry
ERROR:cuon:dicEntries-getEntryByName: <cuon.Windows.dataEntry.dataEntry instance at 0x410d052c>
ERROR:cuon:entry: <cuon.Windows.dataEntry.dataEntry instance at 0x410d052c>
ERROR:cuon:name : eEmail
ERROR:cuon:sql  : email
ERROR:cuon:wert : info@area51.de
ERROR:cuon:typ  : string
ERROR:cuon:<type 'str'>
ERROR:cuon:widget: <gtk.Entry object (GtkEntry) at 0x410d8f2c>
ERROR:cuon:GtkEntry:
ERROR:cuon:Name: eEmail
ERROR:cuon:dicEntries-getEntryByName: <cuon.Windows.dataEntry.dataEntry instance at 0x410d0f0c>
ERROR:cuon:entry: <cuon.Windows.dataEntry.dataEntry instance at 0x410d0f0c>
ERROR:cuon:name : ePhone
ERROR:cuon:sql  : phone
ERROR:cuon:wert : 05221 689199
ERROR:cuon:typ  : string
ERROR:cuon:<type 'str'>
ERROR:cuon:widget: <gtk.Entry object (GtkEntry) at 0x410d8f04>
ERROR:cuon:GtkEntry:
ERROR:cuon:Name: ePhone
ERROR:cuon:dicEntries-getEntryByName: <cuon.Windows.dataEntry.dataEntry instance at 0x410d02ec>
ERROR:cuon:entry: <cuon.Windows.dataEntry.dataEntry instance at 0x410d02ec>
ERROR:cuon:name : eState
ERROR:cuon:sql  : state
ERROR:cuon:wert : NRW
ERROR:cuon:typ  : string
ERROR:cuon:<type 'str'>
ERROR:cuon:widget: <gtk.Entry object (GtkEntry) at 0x410d8e8c>
ERROR:cuon:GtkEntry:
ERROR:cuon:Name: eState
ERROR:cuon:dicEntries-getEntryByName: <cuon.Windows.dataEntry.dataEntry instance at 0x410d0c6c>
ERROR:cuon:entry: <cuon.Windows.dataEntry.dataEntry instance at 0x410d0c6c>
ERROR:cuon:name : eStreet
ERROR:cuon:sql  : street
ERROR:cuon:wert : Bismarckstr. 12
ERROR:cuon:typ  : string
ERROR:cuon:<type 'str'>
ERROR:cuon:widget: <gtk.Entry object (GtkEntry) at 0x410d8e3c>
ERROR:cuon:GtkEntry:
ERROR:cuon:Name: eStreet
ERROR:cuon:dicEntries-getEntryByName: <cuon.Windows.dataEntry.dataEntry instance at 0x410ce90c>
ERROR:cuon:entry: <cuon.Windows.dataEntry.dataEntry instance at 0x410ce90c>
ERROR:cuon:name : eLastName
ERROR:cuon:sql  : lastname
ERROR:cuon:wert : Area 51
ERROR:cuon:typ  : string
ERROR:cuon:<type 'str'>
ERROR:cuon:widget: <gtk.Entry object (GtkEntry) at 0x410d8d74>
ERROR:cuon:GtkEntry:
ERROR:cuon:Name: eLastName
ERROR:cuon:dicEntries-getEntryByName: <cuon.Windows.dataEntry.dataEntry instance at 0x410ce68c>
ERROR:cuon:entry: <cuon.Windows.dataEntry.dataEntry instance at 0x410ce68c>
ERROR:cuon:name : eAddress
ERROR:cuon:sql  : address
ERROR:cuon:wert : Fa.
ERROR:cuon:typ  : string
ERROR:cuon:<type 'str'>
ERROR:cuon:widget: <gtk.Entry object (GtkEntry) at 0x410d8c84>
ERROR:cuon:GtkEntry:
ERROR:cuon:Name: eAddress
ERROR:cuon:dicEntries-getEntryByName: <cuon.Windows.dataEntry.dataEntry instance at 0x410d096c>
ERROR:cuon:entry: <cuon.Windows.dataEntry.dataEntry instance at 0x410d096c>
ERROR:cuon:name : eLastName2
ERROR:cuon:sql  : lastname2
ERROR:cuon:wert : Computertechnik
ERROR:cuon:typ  : string
ERROR:cuon:<type 'str'>
ERROR:cuon:widget: <gtk.Entry object (GtkEntry) at 0x410d8dc4>
ERROR:cuon:GtkEntry:
ERROR:cuon:Name: eLastName2
ERROR:cuon:dicEntries-getEntryByName: None
ERROR:cuon:#################################
ERROR:cuon:DICENTRIES: [<cuon.Windows.dataEntry.dataEntry instance at 0x410ce68c>, <cuon.Windows.dataEntry.dataEntry instance at 0x410ce90c>, <cuon.Windows.dataEntry.dataEntry instance at 0x410d096c>, <cuon.Windows.dataEntry.dataEntry instance at 0x410d01ec>, <cuon.Windows.dataEntry.dataEntry instance at 0x410d0c6c>, <cuon.Windows.dataEntry.dataEntry instance at 0x410d0dcc>, <cuon.Windows.dataEntry.dataEntry instance at 0x410d02ec>, <cuon.Windows.dataEntry.dataEntry instance at 0x410d064c>, <cuon.Windows.dataEntry.dataEntry instance at 0x410d006c>, <cuon.Windows.dataEntry.dataEntry instance at 0x410d0f0c>, <cuon.Windows.dataEntry.dataEntry instance at 0x410d052c>, <cuon.Windows.dataEntry.dataEntry instance at 0x410d082c>]
ERROR:cuon:#################################
ERROR:cuon:sValue: id
ERROR:cuon:id: 2
ERROR:cuon:SingleData.fillExternalWidget()
ERROR:cuon:Value: id
ERROR:cuon:ID: 2
ERROR:cuon:tree_select entered
ERROR:cuon:1
ERROR:cuon:+++++++++++++++++++++++++++++++++++++++++++++++++++++++++++++++++***
ERROR:cuon:address
ERROR:cuon:<cuon.Databases.cyr_table.cyr_table instance at 0x410bf7cc>
ERROR:cuon:len von dicUser6 --> {'SQLTimeFormat': 'HH24:MI', 'SQLDateFormat': 'DD.MM.YYYY', 'Name': '', 'Encoding': 'utf-7', 'DateTimeformatString': '%d.%m.%Y', 'Locales': 'de'}
ERROR:cuon:diccolumns = 
ERROR:cuon:{'status': 'char', 'city': 'varchar', 'fax': 'varchar', 'user_id': 'char', 'zip': 'varchar', 'firstname': 'varchar', 'lastname': 'varchar', 'email': 'varchar', 'phone': 'varchar', 'state': 'varchar', 'street': 'varchar', 'address': 'varchar', 'lastname2': 'varchar', 'country': 'varchar', 'id': 'int'}
ERROR:cuon:server2:9673/Cuon
ERROR:cuon:http://'server2:9673/Cuon'
ERROR:cuon:++++++++++++++++++++++++++++++++++++++++++++++++++++++++
ERROR:cuon: 
ERROR:cuon:[{'status': False, 'city': 'L+APY-hne', 'fax': '', 'user_id': False, 'firstname': '', 'zip': '32584', 'country': 'D', 'email': 'info@cyrus.de', 'phone': '05732 972688', 'state': 'NRW', 'street': 'Schulstr. 14', 'lastname': 'Cyrus-Computer GmbH', 'address': 'Fa.', 'lastname2': '', 'id': 1}]
ERROR:cuon:dicEntries-getEntryByName: None
ERROR:cuon:#################################
ERROR:cuon:DICENTRIES: [<cuon.Windows.dataEntry.dataEntry instance at 0x410ce68c>, <cuon.Windows.dataEntry.dataEntry instance at 0x410ce90c>, <cuon.Windows.dataEntry.dataEntry instance at 0x410d096c>, <cuon.Windows.dataEntry.dataEntry instance at 0x410d01ec>, <cuon.Windows.dataEntry.dataEntry instance at 0x410d0c6c>, <cuon.Windows.dataEntry.dataEntry instance at 0x410d0dcc>, <cuon.Windows.dataEntry.dataEntry instance at 0x410d02ec>, <cuon.Windows.dataEntry.dataEntry instance at 0x410d064c>, <cuon.Windows.dataEntry.dataEntry instance at 0x410d006c>, <cuon.Windows.dataEntry.dataEntry instance at 0x410d0f0c>, <cuon.Windows.dataEntry.dataEntry instance at 0x410d052c>, <cuon.Windows.dataEntry.dataEntry instance at 0x410d082c>]
ERROR:cuon:#################################
ERROR:cuon:sValue: status
ERROR:cuon:id: 1
ERROR:cuon:SingleData.fillExternalWidget()
ERROR:cuon:Value: status
ERROR:cuon:ID: False
ERROR:cuon:dicEntries-getEntryByName: <cuon.Windows.dataEntry.dataEntry instance at 0x410d006c>
ERROR:cuon:entry: <cuon.Windows.dataEntry.dataEntry instance at 0x410d006c>
ERROR:cuon:name : eCity
ERROR:cuon:sql  : city
ERROR:cuon:wert : L+APY-hne
ERROR:cuon:typ  : string
ERROR:cuon:<type 'str'>
ERROR:cuon:widget: <gtk.Entry object (GtkEntry) at 0x410d8edc>
ERROR:cuon:GtkEntry:
ERROR:cuon:Name: eCity
ERROR:cuon:dicEntries-getEntryByName: <cuon.Windows.dataEntry.dataEntry instance at 0x410d082c>
ERROR:cuon:entry: <cuon.Windows.dataEntry.dataEntry instance at 0x410d082c>
ERROR:cuon:name : eFax
ERROR:cuon:sql  : fax
ERROR:cuon:wert : 
ERROR:cuon:typ  : string
ERROR:cuon:<type 'str'>
ERROR:cuon:widget: <gtk.Entry object (GtkEntry) at 0x410d8f54>
ERROR:cuon:GtkEntry:
ERROR:cuon:Name: eFax
ERROR:cuon:dicEntries-getEntryByName: None
ERROR:cuon:#################################
ERROR:cuon:DICENTRIES: [<cuon.Windows.dataEntry.dataEntry instance at 0x410ce68c>, <cuon.Windows.dataEntry.dataEntry instance at 0x410ce90c>, <cuon.Windows.dataEntry.dataEntry instance at 0x410d096c>, <cuon.Windows.dataEntry.dataEntry instance at 0x410d01ec>, <cuon.Windows.dataEntry.dataEntry instance at 0x410d0c6c>, <cuon.Windows.dataEntry.dataEntry instance at 0x410d0dcc>, <cuon.Windows.dataEntry.dataEntry instance at 0x410d02ec>, <cuon.Windows.dataEntry.dataEntry instance at 0x410d064c>, <cuon.Windows.dataEntry.dataEntry instance at 0x410d006c>, <cuon.Windows.dataEntry.dataEntry instance at 0x410d0f0c>, <cuon.Windows.dataEntry.dataEntry instance at 0x410d052c>, <cuon.Windows.dataEntry.dataEntry instance at 0x410d082c>]
ERROR:cuon:#################################
ERROR:cuon:sValue: user_id
ERROR:cuon:id: 1
ERROR:cuon:SingleData.fillExternalWidget()
ERROR:cuon:Value: user_id
ERROR:cuon:ID: False
ERROR:cuon:dicEntries-getEntryByName: <cuon.Windows.dataEntry.dataEntry instance at 0x410d01ec>
ERROR:cuon:entry: <cuon.Windows.dataEntry.dataEntry instance at 0x410d01ec>
ERROR:cuon:name : eFirstName
ERROR:cuon:sql  : firstname
ERROR:cuon:wert : 
ERROR:cuon:typ  : string
ERROR:cuon:<type 'str'>
ERROR:cuon:widget: <gtk.Entry object (GtkEntry) at 0x410d8e14>
ERROR:cuon:GtkEntry:
ERROR:cuon:Name: eFirstName
ERROR:cuon:dicEntries-getEntryByName: <cuon.Windows.dataEntry.dataEntry instance at 0x410d064c>
ERROR:cuon:entry: <cuon.Windows.dataEntry.dataEntry instance at 0x410d064c>
ERROR:cuon:name : eZip
ERROR:cuon:sql  : zip
ERROR:cuon:wert : 32584
ERROR:cuon:typ  : string
ERROR:cuon:<type 'str'>
ERROR:cuon:widget: <gtk.Entry object (GtkEntry) at 0x410d8eb4>
ERROR:cuon:GtkEntry:
ERROR:cuon:Name: eZip
ERROR:cuon:dicEntries-getEntryByName: <cuon.Windows.dataEntry.dataEntry instance at 0x410d0dcc>
ERROR:cuon:entry: <cuon.Windows.dataEntry.dataEntry instance at 0x410d0dcc>
ERROR:cuon:name : eCountry
ERROR:cuon:sql  : country
ERROR:cuon:wert : D
ERROR:cuon:typ  : string
ERROR:cuon:<type 'str'>
ERROR:cuon:widget: <gtk.Entry object (GtkEntry) at 0x410d8e64>
ERROR:cuon:GtkEntry:
ERROR:cuon:Name: eCountry
ERROR:cuon:dicEntries-getEntryByName: <cuon.Windows.dataEntry.dataEntry instance at 0x410d052c>
ERROR:cuon:entry: <cuon.Windows.dataEntry.dataEntry instance at 0x410d052c>
ERROR:cuon:name : eEmail
ERROR:cuon:sql  : email
ERROR:cuon:wert : info@cyrus.de
ERROR:cuon:typ  : string
ERROR:cuon:<type 'str'>
ERROR:cuon:widget: <gtk.Entry object (GtkEntry) at 0x410d8f2c>
ERROR:cuon:GtkEntry:
ERROR:cuon:Name: eEmail
ERROR:cuon:dicEntries-getEntryByName: <cuon.Windows.dataEntry.dataEntry instance at 0x410d0f0c>
ERROR:cuon:entry: <cuon.Windows.dataEntry.dataEntry instance at 0x410d0f0c>
ERROR:cuon:name : ePhone
ERROR:cuon:sql  : phone
ERROR:cuon:wert : 05732 972688
ERROR:cuon:typ  : string
ERROR:cuon:<type 'str'>
ERROR:cuon:widget: <gtk.Entry object (GtkEntry) at 0x410d8f04>
ERROR:cuon:GtkEntry:
ERROR:cuon:Name: ePhone
ERROR:cuon:dicEntries-getEntryByName: <cuon.Windows.dataEntry.dataEntry instance at 0x410d02ec>
ERROR:cuon:entry: <cuon.Windows.dataEntry.dataEntry instance at 0x410d02ec>
ERROR:cuon:name : eState
ERROR:cuon:sql  : state
ERROR:cuon:wert : NRW
ERROR:cuon:typ  : string
ERROR:cuon:<type 'str'>
ERROR:cuon:widget: <gtk.Entry object (GtkEntry) at 0x410d8e8c>
ERROR:cuon:GtkEntry:
ERROR:cuon:Name: eState
ERROR:cuon:dicEntries-getEntryByName: <cuon.Windows.dataEntry.dataEntry instance at 0x410d0c6c>
ERROR:cuon:entry: <cuon.Windows.dataEntry.dataEntry instance at 0x410d0c6c>
ERROR:cuon:name : eStreet
ERROR:cuon:sql  : street
ERROR:cuon:wert : Schulstr. 14
ERROR:cuon:typ  : string
ERROR:cuon:<type 'str'>
ERROR:cuon:widget: <gtk.Entry object (GtkEntry) at 0x410d8e3c>
ERROR:cuon:GtkEntry:
ERROR:cuon:Name: eStreet
ERROR:cuon:dicEntries-getEntryByName: <cuon.Windows.dataEntry.dataEntry instance at 0x410ce90c>
ERROR:cuon:entry: <cuon.Windows.dataEntry.dataEntry instance at 0x410ce90c>
ERROR:cuon:name : eLastName
ERROR:cuon:sql  : lastname
ERROR:cuon:wert : Cyrus-Computer GmbH
ERROR:cuon:typ  : string
ERROR:cuon:<type 'str'>
ERROR:cuon:widget: <gtk.Entry object (GtkEntry) at 0x410d8d74>
ERROR:cuon:GtkEntry:
ERROR:cuon:Name: eLastName
ERROR:cuon:dicEntries-getEntryByName: <cuon.Windows.dataEntry.dataEntry instance at 0x410ce68c>
ERROR:cuon:entry: <cuon.Windows.dataEntry.dataEntry instance at 0x410ce68c>
ERROR:cuon:name : eAddress
ERROR:cuon:sql  : address
ERROR:cuon:wert : Fa.
ERROR:cuon:typ  : string
ERROR:cuon:<type 'str'>
ERROR:cuon:widget: <gtk.Entry object (GtkEntry) at 0x410d8c84>
ERROR:cuon:GtkEntry:
ERROR:cuon:Name: eAddress
ERROR:cuon:dicEntries-getEntryByName: <cuon.Windows.dataEntry.dataEntry instance at 0x410d096c>
ERROR:cuon:entry: <cuon.Windows.dataEntry.dataEntry instance at 0x410d096c>
ERROR:cuon:name : eLastName2
ERROR:cuon:sql  : lastname2
ERROR:cuon:wert : 
ERROR:cuon:typ  : string
ERROR:cuon:<type 'str'>
ERROR:cuon:widget: <gtk.Entry object (GtkEntry) at 0x410d8dc4>
ERROR:cuon:GtkEntry:
ERROR:cuon:Name: eLastName2
ERROR:cuon:dicEntries-getEntryByName: None
ERROR:cuon:#################################
ERROR:cuon:DICENTRIES: [<cuon.Windows.dataEntry.dataEntry instance at 0x410ce68c>, <cuon.Windows.dataEntry.dataEntry instance at 0x410ce90c>, <cuon.Windows.dataEntry.dataEntry instance at 0x410d096c>, <cuon.Windows.dataEntry.dataEntry instance at 0x410d01ec>, <cuon.Windows.dataEntry.dataEntry instance at 0x410d0c6c>, <cuon.Windows.dataEntry.dataEntry instance at 0x410d0dcc>, <cuon.Windows.dataEntry.dataEntry instance at 0x410d02ec>, <cuon.Windows.dataEntry.dataEntry instance at 0x410d064c>, <cuon.Windows.dataEntry.dataEntry instance at 0x410d006c>, <cuon.Windows.dataEntry.dataEntry instance at 0x410d0f0c>, <cuon.Windows.dataEntry.dataEntry instance at 0x410d052c>, <cuon.Windows.dataEntry.dataEntry instance at 0x410d082c>]
ERROR:cuon:#################################
ERROR:cuon:sValue: id
ERROR:cuon:id: 1
ERROR:cuon:SingleData.fillExternalWidget()
ERROR:cuon:Value: id
ERROR:cuon:ID: 1

(Cuon.py:10665): GLib-GObject-CRITICAL **: file gsignal.c: line 1999 (g_signal_handler_disconnect): assertion `handler_id > 0' failed
ERROR:cuon:dicFields = 
ERROR:cuon:{'id': 'int'}
ERROR:cuon:server2:9673/Cuon
ERROR:cuon:http://'server2:9673/Cuon'
ERROR:cuon:++++++++++++++++++++++++++++++++++++++++++++++++++++++++
ERROR:cuon: 
ERROR:cuon:[{'id': 1}]
ERROR:cuon:name of j = 'id'
ERROR:cuon:-----------------------------------------------------------------------------------------------------------------------------------
ERROR:cuon:[[1]]
ERROR:cuon:+++++++++++++++++++++++++++++++++++++++++++++++++++++++++++++++++++++++++++++++
ERROR:cuon:---> liItems = [[1]]
ERROR:cuon:1
ERROR:cuon:+++++++++++++++++++++++++++++++++++++++++++++++++++++++++++++++++***
ERROR:cuon:addresses_misc
ERROR:cuon:<cuon.Databases.cyr_table.cyr_table instance at 0x410c1d8c>
ERROR:cuon:len von dicUser6 --> {'SQLTimeFormat': 'HH24:MI', 'SQLDateFormat': 'DD.MM.YYYY', 'Name': '', 'Encoding': 'utf-7', 'DateTimeformatString': '%d.%m.%Y', 'Locales': 'de'}
ERROR:cuon:diccolumns = 
ERROR:cuon:{'status': 'char', 'taxnumber': 'char', 'address_id': 'int', 'fashion': 'char', 'user_id': 'char', 'line': 'char', 'id': 'int'}
ERROR:cuon:server2:9673/Cuon
ERROR:cuon:http://'server2:9673/Cuon'
ERROR:cuon:++++++++++++++++++++++++++++++++++++++++++++++++++++++++
ERROR:cuon: 
ERROR:cuon:[{'status': False, 'taxnumber': '454545                             ', 'address_id': 1, 'fashion': 'Vendor                             ', 'user_id': False, 'line': 'Computer                           ', 'id': 1}]
ERROR:cuon:dicEntries-getEntryByName: None
ERROR:cuon:#################################
ERROR:cuon:DICENTRIES: [<cuon.Windows.dataEntry.dataEntry instance at 0x410d0b6c>, <cuon.Windows.dataEntry.dataEntry instance at 0x410d0b0c>, <cuon.Windows.dataEntry.dataEntry instance at 0x410d01cc>]
ERROR:cuon:#################################
ERROR:cuon:sValue: status
ERROR:cuon:id: 1
ERROR:cuon:SingleData.fillExternalWidget()
ERROR:cuon:Value: status
ERROR:cuon:ID: False
ERROR:cuon:dicEntries-getEntryByName: <cuon.Windows.dataEntry.dataEntry instance at 0x410d01cc>
ERROR:cuon:entry: <cuon.Windows.dataEntry.dataEntry instance at 0x410d01cc>
ERROR:cuon:name : eTaxnumber
ERROR:cuon:sql  : taxnumber
ERROR:cuon:wert : 454545                             
ERROR:cuon:typ  : string
ERROR:cuon:<type 'str'>
ERROR:cuon:widget: <gtk.Entry object (GtkEntry) at 0x410e820c>
ERROR:cuon:GtkEntry:
ERROR:cuon:Name: eTaxnumber
ERROR:cuon:dicEntries-getEntryByName: None
ERROR:cuon:#################################
ERROR:cuon:DICENTRIES: [<cuon.Windows.dataEntry.dataEntry instance at 0x410d0b6c>, <cuon.Windows.dataEntry.dataEntry instance at 0x410d0b0c>, <cuon.Windows.dataEntry.dataEntry instance at 0x410d01cc>]
ERROR:cuon:#################################
ERROR:cuon:sValue: address_id
ERROR:cuon:id: 1
ERROR:cuon:SingleData.fillExternalWidget()
ERROR:cuon:Value: address_id
ERROR:cuon:ID: 1
ERROR:cuon:dicEntries-getEntryByName: <cuon.Windows.dataEntry.dataEntry instance at 0x410d0b0c>
ERROR:cuon:entry: <cuon.Windows.dataEntry.dataEntry instance at 0x410d0b0c>
ERROR:cuon:name : eFashion
ERROR:cuon:sql  : fashion
ERROR:cuon:wert : Vendor                             
ERROR:cuon:typ  : string
ERROR:cuon:<type 'str'>
ERROR:cuon:widget: <gtk.Entry object (GtkEntry) at 0x410e8234>
ERROR:cuon:GtkEntry:
ERROR:cuon:Name: eFashion
ERROR:cuon:dicEntries-getEntryByName: None
ERROR:cuon:#################################
ERROR:cuon:DICENTRIES: [<cuon.Windows.dataEntry.dataEntry instance at 0x410d0b6c>, <cuon.Windows.dataEntry.dataEntry instance at 0x410d0b0c>, <cuon.Windows.dataEntry.dataEntry instance at 0x410d01cc>]
ERROR:cuon:#################################
ERROR:cuon:sValue: user_id
ERROR:cuon:id: 1
ERROR:cuon:SingleData.fillExternalWidget()
ERROR:cuon:Value: user_id
ERROR:cuon:ID: False
ERROR:cuon:dicEntries-getEntryByName: <cuon.Windows.dataEntry.dataEntry instance at 0x410d0b6c>
ERROR:cuon:entry: <cuon.Windows.dataEntry.dataEntry instance at 0x410d0b6c>
ERROR:cuon:name : eLine
ERROR:cuon:sql  : line
ERROR:cuon:wert : Computer                           
ERROR:cuon:typ  : string
ERROR:cuon:<type 'str'>
ERROR:cuon:widget: <gtk.Entry object (GtkEntry) at 0x410e8144>
ERROR:cuon:GtkEntry:
ERROR:cuon:Name: eLine
ERROR:cuon:dicEntries-getEntryByName: None
ERROR:cuon:#################################
ERROR:cuon:DICENTRIES: [<cuon.Windows.dataEntry.dataEntry instance at 0x410d0b6c>, <cuon.Windows.dataEntry.dataEntry instance at 0x410d0b0c>, <cuon.Windows.dataEntry.dataEntry instance at 0x410d01cc>]
ERROR:cuon:#################################
ERROR:cuon:sValue: id
ERROR:cuon:id: 1
ERROR:cuon:SingleData.fillExternalWidget()
ERROR:cuon:Value: id
ERROR:cuon:ID: 1
Server by typedef : server2:9673/Cuon
Hallo, dies ist ein Test
nameOfGladefiles[u'glade_articles.xml', u'glade_main.xml', u'glade_addresses_search1.xml', u'glade_address.xml', u'glade_login.xml']
5
/home/jhamel/Projekte/cuon_client/Py
16
¢¡ÕjÆ2Â2übÞ-À%
                
0
login
login
login
******************************************************************PPPP
table of Columns --> [u'id', u'user_id', u'status', u'id', u'user_id', u'status', u'address', u'lastname', u'lastname2', u'firstname', u'street', u'country', u'state', u'zip', u'city', u'phone', u'fax', u'email', u'id', u'user_id', u'status', u'id', u'user_id', u'status', u'address', u'lastname', u'lastname2', u'firstname', u'street', u'country', u'state', u'zip', u'city', u'phone', u'fax', u'email']
id
user_id
status
id
user_id
status
address
lastname
lastname2
firstname
street
country
state
zip
city
phone
fax
email
id
user_id
status
id
user_id
status
address
lastname
lastname2
firstname
street
country
state
zip
city
phone
fax
email
[u'id', u'user_id', u'status', u'id', u'user_id', u'status', u'address', u'lastname', u'lastname2', u'firstname', u'street', u'country', u'state', u'zip', u'city', u'phone', u'fax', u'email', u'id', u'user_id', u'status', u'id', u'user_id', u'status', u'address', u'lastname', u'lastname2', u'firstname', u'street', u'country', u'state', u'zip', u'city', u'phone', u'fax', u'email']
72
******************************************************************PPPP
table of Columns --> [u'id', u'user_id', u'status', u'id', u'user_id', u'status', u'address_id', u'line', u'fashion', u'taxnumber']
id
user_id
status
id
user_id
status
address_id
line
fashion
taxnumber
[u'id', u'user_id', u'status', u'id', u'user_id', u'status', u'address_id', u'line', u'fashion', u'taxnumber']
20
******************************************************************PPPP
table of Columns --> [u'id', u'user_id', u'status', u'id', u'user_id', u'status', u'address', u'lastname', u'lastname2', u'firstname', u'street', u'country', u'state', u'zip', u'city', u'phone', u'fax', u'email', u'id', u'user_id', u'status', u'id', u'user_id', u'status', u'address', u'lastname', u'lastname2', u'firstname', u'street', u'country', u'state', u'zip', u'city', u'phone', u'fax', u'email', u'addressid', u'titular', u'phone1', u'phone2', u'homepage', u'faxprivat', u'birthday']
id
user_id
status
id
user_id
status
address
lastname
lastname2
firstname
street
country
state
zip
city
phone
fax
email
id
user_id
status
id
user_id
status
address
lastname
lastname2
firstname
street
country
state
zip
city
phone
fax
email
addressid
titular
phone1
phone2
homepage
faxprivat
birthday
[u'id', u'user_id', u'status', u'id', u'user_id', u'status', u'address', u'lastname', u'lastname2', u'firstname', u'street', u'country', u'state', u'zip', u'city', u'phone', u'fax', u'email', u'id', u'user_id', u'status', u'id', u'user_id', u'status', u'address', u'lastname', u'lastname2', u'firstname', u'street', u'country', u'state', u'zip', u'city', u'phone', u'fax', u'email', u'addressid', u'titular', u'phone1', u'phone2', u'homepage', u'faxprivat', u'birthday']
86
******************************************************************PPPP
table of Columns --> [u'id', u'user_id', u'status', u'id', u'user_id', u'status', u'partnerid', u'schedul_date', u'schedul_time', u'priority', u'process_status', u'notes', u'short_remark']
id
user_id
status
id
user_id
status
partnerid
schedul_date
schedul_time
priority
process_status
notes
short_remark
[u'id', u'user_id', u'status', u'id', u'user_id', u'status', u'partnerid', u'schedul_date', u'schedul_time', u'priority', u'process_status', u'notes', u'short_remark']
26
new TreeModel
new TreeModel
new TreeModel
new TreeModel
------------------------------------------------------------------------------------------
Dies ist Nr. 2
------------------------------------------------------------------------------------------
address
new TreeModel
editAddress
editAddress
editAddress
misc
No Menuitem
exit cuon
