\BOOKMARK [1][-]{section*.2}{Contents}{}
\BOOKMARK [1][-]{section.1}{Module Cuon}{}
\BOOKMARK [2][-]{subsection.1.1}{Functions}{section.1}
\BOOKMARK [2][-]{subsection.1.2}{Variables}{section.1}
\BOOKMARK [2][-]{subsection.1.3}{Class MainWindow}{section.1}
\BOOKMARK [3][-]{subsubsection.1.3.1}{Methods}{subsection.1.3}
\BOOKMARK [1][-]{section.2}{Package cuon}{}
\BOOKMARK [2][-]{subsection.2.1}{Modules}{section.2}
\BOOKMARK [2][-]{subsection.2.2}{Variables}{section.2}
\BOOKMARK [1][-]{section.3}{Package cuon.AI}{}
\BOOKMARK [2][-]{subsection.3.1}{Modules}{section.3}
\BOOKMARK [2][-]{subsection.3.2}{Variables}{section.3}
\BOOKMARK [1][-]{section.4}{Module cuon.AI.ai}{}
\BOOKMARK [2][-]{subsection.4.1}{Variables}{section.4}
\BOOKMARK [2][-]{subsection.4.2}{Class aiwindow}{section.4}
\BOOKMARK [3][-]{subsubsection.4.2.1}{Methods}{subsection.4.2}
\BOOKMARK [1][-]{section.5}{Module cuon.AI.ai\137main}{}
\BOOKMARK [2][-]{subsection.5.1}{Variables}{section.5}
\BOOKMARK [2][-]{subsection.5.2}{Class ai\137main}{section.5}
\BOOKMARK [3][-]{subsubsection.5.2.1}{Methods}{subsection.5.2}
\BOOKMARK [1][-]{section.6}{Module cuon.AI.gtkMiniClient}{}
\BOOKMARK [2][-]{subsection.6.1}{Variables}{section.6}
\BOOKMARK [2][-]{subsection.6.2}{Class simpleGlade}{section.6}
\BOOKMARK [3][-]{subsubsection.6.2.1}{Methods}{subsection.6.2}
\BOOKMARK [2][-]{subsection.6.3}{Class gtkMiniClient}{section.6}
\BOOKMARK [3][-]{subsubsection.6.3.1}{Methods}{subsection.6.3}
\BOOKMARK [1][-]{section.7}{Module cuon.AI.miniClient}{}
\BOOKMARK [2][-]{subsection.7.1}{Variables}{section.7}
\BOOKMARK [1][-]{section.8}{Module cuon.AI.testcodec}{}
\BOOKMARK [2][-]{subsection.8.1}{Functions}{section.8}
\BOOKMARK [2][-]{subsection.8.2}{Variables}{section.8}
\BOOKMARK [1][-]{section.9}{Module cuon.AI.tki1}{}
\BOOKMARK [2][-]{subsection.9.1}{Variables}{section.9}
\BOOKMARK [2][-]{subsection.9.2}{Class tki1}{section.9}
\BOOKMARK [3][-]{subsubsection.9.2.1}{Methods}{subsection.9.2}
\BOOKMARK [1][-]{section.10}{Package cuon.Addresses}{}
\BOOKMARK [2][-]{subsection.10.1}{Modules}{section.10}
\BOOKMARK [1][-]{section.11}{Module cuon.Addresses.SingleAddress}{}
\BOOKMARK [2][-]{subsection.11.1}{Variables}{section.11}
\BOOKMARK [2][-]{subsection.11.2}{Class SingleAddress}{section.11}
\BOOKMARK [3][-]{subsubsection.11.2.1}{Methods}{subsection.11.2}
\BOOKMARK [1][-]{section.12}{Module cuon.Addresses.SingleAddressBank}{}
\BOOKMARK [2][-]{subsection.12.1}{Variables}{section.12}
\BOOKMARK [2][-]{subsection.12.2}{Class SingleAddressBank}{section.12}
\BOOKMARK [3][-]{subsubsection.12.2.1}{Methods}{subsection.12.2}
\BOOKMARK [1][-]{section.13}{Module cuon.Addresses.SingleContact}{}
\BOOKMARK [2][-]{subsection.13.1}{Variables}{section.13}
\BOOKMARK [2][-]{subsection.13.2}{Class SingleContact}{section.13}
\BOOKMARK [3][-]{subsubsection.13.2.1}{Methods}{subsection.13.2}
\BOOKMARK [1][-]{section.14}{Module cuon.Addresses.SingleCountry}{}
\BOOKMARK [2][-]{subsection.14.1}{Variables}{section.14}
\BOOKMARK [2][-]{subsection.14.2}{Class SingleCountry}{section.14}
\BOOKMARK [3][-]{subsubsection.14.2.1}{Methods}{subsection.14.2}
\BOOKMARK [1][-]{section.15}{Module cuon.Addresses.SingleMisc}{}
\BOOKMARK [2][-]{subsection.15.1}{Variables}{section.15}
\BOOKMARK [2][-]{subsection.15.2}{Class SingleMisc}{section.15}
\BOOKMARK [3][-]{subsubsection.15.2.1}{Methods}{subsection.15.2}
\BOOKMARK [1][-]{section.16}{Module cuon.Addresses.SingleNotes}{}
\BOOKMARK [2][-]{subsection.16.1}{Variables}{section.16}
\BOOKMARK [2][-]{subsection.16.2}{Class SingleNotes}{section.16}
\BOOKMARK [3][-]{subsubsection.16.2.1}{Methods}{subsection.16.2}
\BOOKMARK [1][-]{section.17}{Module cuon.Addresses.SinglePartner}{}
\BOOKMARK [2][-]{subsection.17.1}{Variables}{section.17}
\BOOKMARK [2][-]{subsection.17.2}{Class SinglePartner}{section.17}
\BOOKMARK [3][-]{subsubsection.17.2.1}{Methods}{subsection.17.2}
\BOOKMARK [1][-]{section.18}{Module cuon.Addresses.SingleScheduling}{}
\BOOKMARK [2][-]{subsection.18.1}{Variables}{section.18}
\BOOKMARK [2][-]{subsection.18.2}{Class SingleScheduling}{section.18}
\BOOKMARK [3][-]{subsubsection.18.2.1}{Methods}{subsection.18.2}
\BOOKMARK [1][-]{section.19}{Module cuon.Addresses.addresses}{}
\BOOKMARK [2][-]{subsection.19.1}{Variables}{section.19}
\BOOKMARK [2][-]{subsection.19.2}{Class addresswindow}{section.19}
\BOOKMARK [3][-]{subsubsection.19.2.1}{Methods}{subsection.19.2}
\BOOKMARK [1][-]{section.20}{Module cuon.Addresses.contact}{}
\BOOKMARK [2][-]{subsection.20.1}{Variables}{section.20}
\BOOKMARK [2][-]{subsection.20.2}{Class contactwindow}{section.20}
\BOOKMARK [3][-]{subsubsection.20.2.1}{Methods}{subsection.20.2}
\BOOKMARK [1][-]{section.21}{Module cuon.Addresses.lists\137addresses}{}
\BOOKMARK [2][-]{subsection.21.1}{Variables}{section.21}
\BOOKMARK [2][-]{subsection.21.2}{Class lists\137addresses}{section.21}
\BOOKMARK [3][-]{subsubsection.21.2.1}{Methods}{subsection.21.2}
\BOOKMARK [1][-]{section.22}{Module cuon.Addresses.lists\137addresses\137phone1}{}
\BOOKMARK [2][-]{subsection.22.1}{Variables}{section.22}
\BOOKMARK [2][-]{subsection.22.2}{Class lists\137addresses\137phone1}{section.22}
\BOOKMARK [3][-]{subsubsection.22.2.1}{Methods}{subsection.22.2}
\BOOKMARK [1][-]{section.23}{Module cuon.Addresses.lists\137addresses\137phone11}{}
\BOOKMARK [2][-]{subsection.23.1}{Variables}{section.23}
\BOOKMARK [2][-]{subsection.23.2}{Class lists\137addresses\137phone11}{section.23}
\BOOKMARK [3][-]{subsubsection.23.2.1}{Methods}{subsection.23.2}
\BOOKMARK [1][-]{section.24}{Module cuon.Addresses.lists\137addresses\137phone12}{}
\BOOKMARK [2][-]{subsection.24.1}{Variables}{section.24}
\BOOKMARK [2][-]{subsection.24.2}{Class lists\137addresses\137phone12}{section.24}
\BOOKMARK [3][-]{subsubsection.24.2.1}{Methods}{subsection.24.2}
\BOOKMARK [1][-]{section.25}{Module cuon.Addresses.lists\137addresses\137phone2}{}
\BOOKMARK [2][-]{subsection.25.1}{Class lists\137addresses\137phone2}{section.25}
\BOOKMARK [3][-]{subsubsection.25.1.1}{Methods}{subsection.25.1}
\BOOKMARK [1][-]{section.26}{Module cuon.Addresses.printAddress}{}
\BOOKMARK [2][-]{subsection.26.1}{Variables}{section.26}
\BOOKMARK [2][-]{subsection.26.2}{Class printAddress}{section.26}
\BOOKMARK [3][-]{subsubsection.26.2.1}{Methods}{subsection.26.2}
\BOOKMARK [1][-]{section.27}{Module cuon.Addresses.selectionDialog}{}
\BOOKMARK [2][-]{subsection.27.1}{Variables}{section.27}
\BOOKMARK [2][-]{subsection.27.2}{Class selectionDialog1}{section.27}
\BOOKMARK [3][-]{subsubsection.27.2.1}{Methods}{subsection.27.2}
\BOOKMARK [1][-]{section.28}{Package cuon.Analysis}{}
\BOOKMARK [2][-]{subsection.28.1}{Modules}{section.28}
\BOOKMARK [2][-]{subsection.28.2}{Variables}{section.28}
\BOOKMARK [1][-]{section.29}{Module cuon.Analysis.SingleAnalysis\137cost}{}
\BOOKMARK [2][-]{subsection.29.1}{Variables}{section.29}
\BOOKMARK [2][-]{subsection.29.2}{Class SingleClient}{section.29}
\BOOKMARK [3][-]{subsubsection.29.2.1}{Methods}{subsection.29.2}
\BOOKMARK [1][-]{section.30}{Module cuon.Analysis.analyse\137costs}{}
\BOOKMARK [2][-]{subsection.30.1}{Variables}{section.30}
\BOOKMARK [2][-]{subsection.30.2}{Class clientswindow}{section.30}
\BOOKMARK [3][-]{subsubsection.30.2.1}{Methods}{subsection.30.2}
\BOOKMARK [1][-]{section.31}{Package cuon.Articles}{}
\BOOKMARK [2][-]{subsection.31.1}{Modules}{section.31}
\BOOKMARK [1][-]{section.32}{Module cuon.Articles.ArticlesFastSelection}{}
\BOOKMARK [2][-]{subsection.32.1}{Variables}{section.32}
\BOOKMARK [2][-]{subsection.32.2}{Class ArticlesFastSelection}{section.32}
\BOOKMARK [3][-]{subsubsection.32.2.1}{Methods}{subsection.32.2}
\BOOKMARK [1][-]{section.33}{Module cuon.Articles.SingleArticle}{}
\BOOKMARK [2][-]{subsection.33.1}{Variables}{section.33}
\BOOKMARK [2][-]{subsection.33.2}{Class SingleArticle}{section.33}
\BOOKMARK [3][-]{subsubsection.33.2.1}{Methods}{subsection.33.2}
\BOOKMARK [1][-]{section.34}{Module cuon.Articles.SingleArticleParts}{}
\BOOKMARK [2][-]{subsection.34.1}{Variables}{section.34}
\BOOKMARK [2][-]{subsection.34.2}{Class SingleArticleParts}{section.34}
\BOOKMARK [3][-]{subsubsection.34.2.1}{Methods}{subsection.34.2}
\BOOKMARK [1][-]{section.35}{Module cuon.Articles.SingleArticlePurchase}{}
\BOOKMARK [2][-]{subsection.35.1}{Variables}{section.35}
\BOOKMARK [2][-]{subsection.35.2}{Class SingleArticlePurchase}{section.35}
\BOOKMARK [3][-]{subsubsection.35.2.1}{Methods}{subsection.35.2}
\BOOKMARK [1][-]{section.36}{Module cuon.Articles.SingleArticleSale}{}
\BOOKMARK [2][-]{subsection.36.1}{Variables}{section.36}
\BOOKMARK [2][-]{subsection.36.2}{Class SingleArticleSale}{section.36}
\BOOKMARK [3][-]{subsubsection.36.2.1}{Methods}{subsection.36.2}
\BOOKMARK [1][-]{section.37}{Module cuon.Articles.SingleArticleStock}{}
\BOOKMARK [2][-]{subsection.37.1}{Variables}{section.37}
\BOOKMARK [2][-]{subsection.37.2}{Class SingleArticleStock}{section.37}
\BOOKMARK [3][-]{subsubsection.37.2.1}{Methods}{subsection.37.2}
\BOOKMARK [1][-]{section.38}{Module cuon.Articles.SingleArticleWebshop}{}
\BOOKMARK [2][-]{subsection.38.1}{Variables}{section.38}
\BOOKMARK [2][-]{subsection.38.2}{Class SingleArticleWebshop}{section.38}
\BOOKMARK [3][-]{subsubsection.38.2.1}{Methods}{subsection.38.2}
\BOOKMARK [1][-]{section.39}{Module cuon.Articles.SingleMaterialgroups}{}
\BOOKMARK [2][-]{subsection.39.1}{Variables}{section.39}
\BOOKMARK [2][-]{subsection.39.2}{Class SingleMaterialgroups}{section.39}
\BOOKMARK [3][-]{subsubsection.39.2.1}{Methods}{subsection.39.2}
\BOOKMARK [1][-]{section.40}{Module cuon.Articles.SingleMaterialgroupsAccount}{}
\BOOKMARK [2][-]{subsection.40.1}{Variables}{section.40}
\BOOKMARK [2][-]{subsection.40.2}{Class SingleMaterialgroupsAccount}{section.40}
\BOOKMARK [3][-]{subsubsection.40.2.1}{Methods}{subsection.40.2}
\BOOKMARK [1][-]{section.41}{Module cuon.Articles.articles}{}
\BOOKMARK [2][-]{subsection.41.1}{Variables}{section.41}
\BOOKMARK [2][-]{subsection.41.2}{Class articleswindow}{section.41}
\BOOKMARK [3][-]{subsubsection.41.2.1}{Methods}{subsection.41.2}
\BOOKMARK [1][-]{section.42}{Module cuon.Articles.lists\137articles\137number1}{}
\BOOKMARK [2][-]{subsection.42.1}{Variables}{section.42}
\BOOKMARK [2][-]{subsection.42.2}{Class lists\137articles\137number1}{section.42}
\BOOKMARK [3][-]{subsubsection.42.2.1}{Methods}{subsection.42.2}
\BOOKMARK [1][-]{section.43}{Module cuon.Articles.materialgroup}{}
\BOOKMARK [2][-]{subsection.43.1}{Variables}{section.43}
\BOOKMARK [2][-]{subsection.43.2}{Class materialgroupwindow}{section.43}
\BOOKMARK [3][-]{subsubsection.43.2.1}{Methods}{subsection.43.2}
\BOOKMARK [1][-]{section.44}{Module cuon.Articles.pickles\137articles}{}
\BOOKMARK [2][-]{subsection.44.1}{Variables}{section.44}
\BOOKMARK [2][-]{subsection.44.2}{Class pickles\137articles}{section.44}
\BOOKMARK [3][-]{subsubsection.44.2.1}{Methods}{subsection.44.2}
\BOOKMARK [1][-]{section.45}{Package cuon.Bank}{}
\BOOKMARK [2][-]{subsection.45.1}{Modules}{section.45}
\BOOKMARK [2][-]{subsection.45.2}{Variables}{section.45}
\BOOKMARK [1][-]{section.46}{Module cuon.Bank.SingleBank}{}
\BOOKMARK [2][-]{subsection.46.1}{Variables}{section.46}
\BOOKMARK [2][-]{subsection.46.2}{Class SingleBank}{section.46}
\BOOKMARK [3][-]{subsubsection.46.2.1}{Methods}{subsection.46.2}
\BOOKMARK [1][-]{section.47}{Module cuon.Bank.bank}{}
\BOOKMARK [2][-]{subsection.47.1}{Variables}{section.47}
\BOOKMARK [2][-]{subsection.47.2}{Class bankwindow}{section.47}
\BOOKMARK [3][-]{subsubsection.47.2.1}{Methods}{subsection.47.2}
\BOOKMARK [1][-]{section.48}{Package cuon.Biblio}{}
\BOOKMARK [2][-]{subsection.48.1}{Modules}{section.48}
\BOOKMARK [2][-]{subsection.48.2}{Variables}{section.48}
\BOOKMARK [1][-]{section.49}{Module cuon.Biblio.SingleBiblio}{}
\BOOKMARK [2][-]{subsection.49.1}{Variables}{section.49}
\BOOKMARK [2][-]{subsection.49.2}{Class SingleBiblio}{section.49}
\BOOKMARK [3][-]{subsubsection.49.2.1}{Methods}{subsection.49.2}
\BOOKMARK [1][-]{section.50}{Module cuon.Biblio.biblio}{}
\BOOKMARK [2][-]{subsection.50.1}{Variables}{section.50}
\BOOKMARK [2][-]{subsection.50.2}{Class bibliowindow}{section.50}
\BOOKMARK [3][-]{subsubsection.50.2.1}{Methods}{subsection.50.2}
\BOOKMARK [1][-]{section.51}{Package cuon.Calendar}{}
\BOOKMARK [2][-]{subsection.51.1}{Modules}{section.51}
\BOOKMARK [2][-]{subsection.51.2}{Variables}{section.51}
\BOOKMARK [1][-]{section.52}{Module cuon.Calendar.calendar}{}
\BOOKMARK [2][-]{subsection.52.1}{Variables}{section.52}
\BOOKMARK [2][-]{subsection.52.2}{Class calendarwindow}{section.52}
\BOOKMARK [3][-]{subsubsection.52.2.1}{Methods}{subsection.52.2}
\BOOKMARK [1][-]{section.53}{Package cuon.Clients}{}
\BOOKMARK [2][-]{subsection.53.1}{Modules}{section.53}
\BOOKMARK [2][-]{subsection.53.2}{Variables}{section.53}
\BOOKMARK [1][-]{section.54}{Module cuon.Clients.SingleClient}{}
\BOOKMARK [2][-]{subsection.54.1}{Variables}{section.54}
\BOOKMARK [2][-]{subsection.54.2}{Class SingleClient}{section.54}
\BOOKMARK [3][-]{subsubsection.54.2.1}{Methods}{subsection.54.2}
\BOOKMARK [1][-]{section.55}{Module cuon.Clients.clients}{}
\BOOKMARK [2][-]{subsection.55.1}{Variables}{section.55}
\BOOKMARK [2][-]{subsection.55.2}{Class clientswindow}{section.55}
\BOOKMARK [3][-]{subsubsection.55.2.1}{Methods}{subsection.55.2}
\BOOKMARK [1][-]{section.56}{Package cuon.DMS}{}
\BOOKMARK [2][-]{subsection.56.1}{Modules}{section.56}
\BOOKMARK [2][-]{subsection.56.2}{Variables}{section.56}
\BOOKMARK [1][-]{section.57}{Module cuon.DMS.SingleDMS}{}
\BOOKMARK [2][-]{subsection.57.1}{Variables}{section.57}
\BOOKMARK [2][-]{subsection.57.2}{Class SingleDMS}{section.57}
\BOOKMARK [3][-]{subsubsection.57.2.1}{Methods}{subsection.57.2}
\BOOKMARK [1][-]{section.58}{Module cuon.DMS.dms}{}
\BOOKMARK [2][-]{subsection.58.1}{Variables}{section.58}
\BOOKMARK [2][-]{subsection.58.2}{Class dmswindow}{section.58}
\BOOKMARK [3][-]{subsubsection.58.2.1}{Methods}{subsection.58.2}
\BOOKMARK [1][-]{section.59}{Module cuon.DMS.documentTools}{}
\BOOKMARK [2][-]{subsection.59.1}{Variables}{section.59}
\BOOKMARK [2][-]{subsection.59.2}{Class documentTools}{section.59}
\BOOKMARK [3][-]{subsubsection.59.2.1}{Methods}{subsection.59.2}
\BOOKMARK [1][-]{section.60}{Package cuon.Databases}{}
\BOOKMARK [2][-]{subsection.60.1}{Modules}{section.60}
\BOOKMARK [1][-]{section.61}{Module cuon.Databases.SingleCuon}{}
\BOOKMARK [2][-]{subsection.61.1}{Variables}{section.61}
\BOOKMARK [2][-]{subsection.61.2}{Class SingleCuon}{section.61}
\BOOKMARK [3][-]{subsubsection.61.2.1}{Methods}{subsection.61.2}
\BOOKMARK [1][-]{section.62}{Module cuon.Databases.SingleData}{}
\BOOKMARK [2][-]{subsection.62.1}{Variables}{section.62}
\BOOKMARK [2][-]{subsection.62.2}{Class SingleData}{section.62}
\BOOKMARK [3][-]{subsubsection.62.2.1}{Methods}{subsection.62.2}
\BOOKMARK [1][-]{section.63}{Module cuon.Databases.SingleDataTreeModel}{}
\BOOKMARK [2][-]{subsection.63.1}{Variables}{section.63}
\BOOKMARK [2][-]{subsection.63.2}{Class SingleDataTreeModel}{section.63}
\BOOKMARK [3][-]{subsubsection.63.2.1}{Methods}{subsection.63.2}
\BOOKMARK [1][-]{section.64}{Module cuon.Databases.SingleExport}{}
\BOOKMARK [2][-]{subsection.64.1}{Variables}{section.64}
\BOOKMARK [2][-]{subsection.64.2}{Class SingleExport}{section.64}
\BOOKMARK [3][-]{subsubsection.64.2.1}{Methods}{subsection.64.2}
\BOOKMARK [1][-]{section.65}{Module cuon.Databases.SingleImport}{}
\BOOKMARK [2][-]{subsection.65.1}{Variables}{section.65}
\BOOKMARK [2][-]{subsection.65.2}{Class SingleImport}{section.65}
\BOOKMARK [3][-]{subsubsection.65.2.1}{Methods}{subsection.65.2}
\BOOKMARK [1][-]{section.66}{Module cuon.Databases.SingleImportZip}{}
\BOOKMARK [2][-]{subsection.66.1}{Variables}{section.66}
\BOOKMARK [2][-]{subsection.66.2}{Class SingleImportZip}{section.66}
\BOOKMARK [3][-]{subsubsection.66.2.1}{Methods}{subsection.66.2}
\BOOKMARK [1][-]{section.67}{Module cuon.Databases.cyr\137column}{}
\BOOKMARK [2][-]{subsection.67.1}{Variables}{section.67}
\BOOKMARK [2][-]{subsection.67.2}{Class cyr\137column}{section.67}
\BOOKMARK [3][-]{subsubsection.67.2.1}{Methods}{subsection.67.2}
\BOOKMARK [1][-]{section.68}{Module cuon.Databases.cyr\137load\137table}{}
\BOOKMARK [2][-]{subsection.68.1}{Variables}{section.68}
\BOOKMARK [2][-]{subsection.68.2}{Class cyr\137load\137table}{section.68}
\BOOKMARK [3][-]{subsubsection.68.2.1}{Methods}{subsection.68.2}
\BOOKMARK [1][-]{section.69}{Module cuon.Databases.cyr\137table}{}
\BOOKMARK [2][-]{subsection.69.1}{Variables}{section.69}
\BOOKMARK [2][-]{subsection.69.2}{Class cyr\137table}{section.69}
\BOOKMARK [3][-]{subsubsection.69.2.1}{Methods}{subsection.69.2}
\BOOKMARK [1][-]{section.70}{Module cuon.Databases.databases}{}
\BOOKMARK [2][-]{subsection.70.1}{Variables}{section.70}
\BOOKMARK [2][-]{subsection.70.2}{Class databaseswindow}{section.70}
\BOOKMARK [3][-]{subsubsection.70.2.1}{Methods}{subsection.70.2}
\BOOKMARK [1][-]{section.71}{Module cuon.Databases.dumps}{}
\BOOKMARK [2][-]{subsection.71.1}{Variables}{section.71}
\BOOKMARK [2][-]{subsection.71.2}{Class dumps}{section.71}
\BOOKMARK [3][-]{subsubsection.71.2.1}{Methods}{subsection.71.2}
\BOOKMARK [1][-]{section.72}{Module cuon.Databases.export\137generic1}{}
\BOOKMARK [2][-]{subsection.72.1}{Variables}{section.72}
\BOOKMARK [2][-]{subsection.72.2}{Class export\137generic1}{section.72}
\BOOKMARK [3][-]{subsubsection.72.2.1}{Methods}{subsection.72.2}
\BOOKMARK [1][-]{section.73}{Module cuon.Databases.import\137generic1}{}
\BOOKMARK [2][-]{subsection.73.1}{Variables}{section.73}
\BOOKMARK [2][-]{subsection.73.2}{Class import\137generic1}{section.73}
\BOOKMARK [3][-]{subsubsection.73.2.1}{Methods}{subsection.73.2}
\BOOKMARK [1][-]{section.74}{Module cuon.Databases.import\137generic2}{}
\BOOKMARK [2][-]{subsection.74.1}{Variables}{section.74}
\BOOKMARK [2][-]{subsection.74.2}{Class import\137generic2}{section.74}
\BOOKMARK [3][-]{subsubsection.74.2.1}{Methods}{subsection.74.2}
\BOOKMARK [1][-]{section.75}{Module cuon.Databases.xbase}{}
\BOOKMARK [2][-]{subsection.75.1}{Functions}{section.75}
\BOOKMARK [2][-]{subsection.75.2}{Variables}{section.75}
\BOOKMARK [1][-]{section.76}{Package cuon.E\137Mail}{}
\BOOKMARK [2][-]{subsection.76.1}{Modules}{section.76}
\BOOKMARK [2][-]{subsection.76.2}{Variables}{section.76}
\BOOKMARK [1][-]{section.77}{Module cuon.E\137Mail.imap\137dms}{}
\BOOKMARK [2][-]{subsection.77.1}{Variables}{section.77}
\BOOKMARK [2][-]{subsection.77.2}{Class imap\137dms}{section.77}
\BOOKMARK [3][-]{subsubsection.77.2.1}{Methods}{subsection.77.2}
\BOOKMARK [3][-]{subsubsection.77.2.2}{Properties}{subsection.77.2}
\BOOKMARK [1][-]{section.78}{Module cuon.E\137Mail.incoming\137mail}{}
\BOOKMARK [2][-]{subsection.78.1}{Variables}{section.78}
\BOOKMARK [2][-]{subsection.78.2}{Class incoming\137mail}{section.78}
\BOOKMARK [3][-]{subsubsection.78.2.1}{Methods}{subsection.78.2}
\BOOKMARK [1][-]{section.79}{Module cuon.E\137Mail.sendEmail}{}
\BOOKMARK [2][-]{subsection.79.1}{Variables}{section.79}
\BOOKMARK [2][-]{subsection.79.2}{Class sendEmail}{section.79}
\BOOKMARK [3][-]{subsubsection.79.2.1}{Methods}{subsection.79.2}
\BOOKMARK [1][-]{section.80}{Package cuon.Editor}{}
\BOOKMARK [2][-]{subsection.80.1}{Modules}{section.80}
\BOOKMARK [2][-]{subsection.80.2}{Variables}{section.80}
\BOOKMARK [1][-]{section.81}{Module cuon.Editor.editor}{}
\BOOKMARK [2][-]{subsection.81.1}{Variables}{section.81}
\BOOKMARK [2][-]{subsection.81.2}{Class editorwindow}{section.81}
\BOOKMARK [3][-]{subsubsection.81.2.1}{Methods}{subsection.81.2}
\BOOKMARK [1][-]{section.82}{Module cuon.Editor.programmersEditor}{}
\BOOKMARK [2][-]{subsection.82.1}{Variables}{section.82}
\BOOKMARK [2][-]{subsection.82.2}{Class programmerseditor}{section.82}
\BOOKMARK [3][-]{subsubsection.82.2.1}{Methods}{subsection.82.2}
\BOOKMARK [1][-]{section.83}{Package cuon.Finances}{}
\BOOKMARK [2][-]{subsection.83.1}{Modules}{section.83}
\BOOKMARK [2][-]{subsection.83.2}{Variables}{section.83}
\BOOKMARK [1][-]{section.84}{Package cuon.Finances.Bookkeeping}{}
\BOOKMARK [2][-]{subsection.84.1}{Modules}{section.84}
\BOOKMARK [2][-]{subsection.84.2}{Variables}{section.84}
\BOOKMARK [1][-]{section.85}{Module cuon.Finances.Bookkeeping.bookkeeping}{}
\BOOKMARK [2][-]{subsection.85.1}{Class bookkeepingwindow}{section.85}
\BOOKMARK [3][-]{subsubsection.85.1.1}{Methods}{subsection.85.1}
\BOOKMARK [1][-]{section.86}{Package cuon.Finances.CashAccountBook}{}
\BOOKMARK [2][-]{subsection.86.1}{Modules}{section.86}
\BOOKMARK [2][-]{subsection.86.2}{Variables}{section.86}
\BOOKMARK [1][-]{section.87}{Module cuon.Finances.CashAccountBook.cashAccountBook}{}
\BOOKMARK [2][-]{subsection.87.1}{Class cashAccountBookwindow}{section.87}
\BOOKMARK [3][-]{subsubsection.87.1.1}{Methods}{subsection.87.1}
\BOOKMARK [1][-]{section.88}{Module cuon.Finances.CashAccountBook.standard\137cab\137monthly}{}
\BOOKMARK [2][-]{subsection.88.1}{Variables}{section.88}
\BOOKMARK [2][-]{subsection.88.2}{Class standard\137cab\137monthly}{section.88}
\BOOKMARK [3][-]{subsubsection.88.2.1}{Methods}{subsection.88.2}
\BOOKMARK [1][-]{section.89}{Package cuon.Finances.InvoiceBook}{}
\BOOKMARK [2][-]{subsection.89.1}{Modules}{section.89}
\BOOKMARK [2][-]{subsection.89.2}{Variables}{section.89}
\BOOKMARK [1][-]{section.90}{Module cuon.Finances.InvoiceBook.SingleInpayment}{}
\BOOKMARK [2][-]{subsection.90.1}{Variables}{section.90}
\BOOKMARK [2][-]{subsection.90.2}{Class SingleInpayment}{section.90}
\BOOKMARK [3][-]{subsubsection.90.2.1}{Methods}{subsection.90.2}
\BOOKMARK [1][-]{section.91}{Module cuon.Finances.InvoiceBook.SingleListOfInvoice}{}
\BOOKMARK [2][-]{subsection.91.1}{Variables}{section.91}
\BOOKMARK [2][-]{subsection.91.2}{Class SingleListOfInvoice}{section.91}
\BOOKMARK [3][-]{subsubsection.91.2.1}{Methods}{subsection.91.2}
\BOOKMARK [1][-]{section.92}{Module cuon.Finances.InvoiceBook.invoicebook}{}
\BOOKMARK [2][-]{subsection.92.1}{Variables}{section.92}
\BOOKMARK [2][-]{subsection.92.2}{Class invoicebookwindow}{section.92}
\BOOKMARK [3][-]{subsubsection.92.2.1}{Methods}{subsection.92.2}
\BOOKMARK [1][-]{section.93}{Module cuon.Finances.SingleAccountInfo}{}
\BOOKMARK [2][-]{subsection.93.1}{Variables}{section.93}
\BOOKMARK [2][-]{subsection.93.2}{Class SingleAccountInfo}{section.93}
\BOOKMARK [3][-]{subsubsection.93.2.1}{Methods}{subsection.93.2}
\BOOKMARK [1][-]{section.94}{Module cuon.Finances.SingleAccountPlan}{}
\BOOKMARK [2][-]{subsection.94.1}{Variables}{section.94}
\BOOKMARK [2][-]{subsection.94.2}{Class SingleAccountPlan}{section.94}
\BOOKMARK [3][-]{subsubsection.94.2.1}{Methods}{subsection.94.2}
\BOOKMARK [1][-]{section.95}{Module cuon.Finances.SingleAccountSentence}{}
\BOOKMARK [2][-]{subsection.95.1}{Variables}{section.95}
\BOOKMARK [2][-]{subsection.95.2}{Class SingleAccountSentence}{section.95}
\BOOKMARK [3][-]{subsubsection.95.2.1}{Methods}{subsection.95.2}
\BOOKMARK [1][-]{section.96}{Module cuon.Finances.SingleAccountValues}{}
\BOOKMARK [2][-]{subsection.96.1}{Variables}{section.96}
\BOOKMARK [2][-]{subsection.96.2}{Class SingleAccountValues}{section.96}
\BOOKMARK [3][-]{subsubsection.96.2.1}{Methods}{subsection.96.2}
\BOOKMARK [1][-]{section.97}{Package cuon.Garden}{}
\BOOKMARK [2][-]{subsection.97.1}{Modules}{section.97}
\BOOKMARK [2][-]{subsection.97.2}{Variables}{section.97}
\BOOKMARK [1][-]{section.98}{Module cuon.Garden.SingleBotany}{}
\BOOKMARK [2][-]{subsection.98.1}{Variables}{section.98}
\BOOKMARK [2][-]{subsection.98.2}{Class SingleBotany}{section.98}
\BOOKMARK [3][-]{subsubsection.98.2.1}{Methods}{subsection.98.2}
\BOOKMARK [1][-]{section.99}{Module cuon.Garden.SingleBotanyClass}{}
\BOOKMARK [2][-]{subsection.99.1}{Variables}{section.99}
\BOOKMARK [2][-]{subsection.99.2}{Class SingleBotanyClass}{section.99}
\BOOKMARK [3][-]{subsubsection.99.2.1}{Methods}{subsection.99.2}
\BOOKMARK [1][-]{section.100}{Module cuon.Garden.SingleBotanyDivisio}{}
\BOOKMARK [2][-]{subsection.100.1}{Variables}{section.100}
\BOOKMARK [2][-]{subsection.100.2}{Class SingleBotanyDivisio}{section.100}
\BOOKMARK [3][-]{subsubsection.100.2.1}{Methods}{subsection.100.2}
\BOOKMARK [1][-]{section.101}{Module cuon.Garden.SingleBotanyFamily}{}
\BOOKMARK [2][-]{subsection.101.1}{Variables}{section.101}
\BOOKMARK [2][-]{subsection.101.2}{Class SingleBotanyFamily}{section.101}
\BOOKMARK [3][-]{subsubsection.101.2.1}{Methods}{subsection.101.2}
\BOOKMARK [1][-]{section.102}{Module cuon.Garden.SingleBotanyGenus}{}
\BOOKMARK [2][-]{subsection.102.1}{Variables}{section.102}
\BOOKMARK [2][-]{subsection.102.2}{Class SingleBotanyGenus}{section.102}
\BOOKMARK [3][-]{subsubsection.102.2.1}{Methods}{subsection.102.2}
\BOOKMARK [1][-]{section.103}{Module cuon.Garden.SingleBotanyOrdo}{}
\BOOKMARK [2][-]{subsection.103.1}{Variables}{section.103}
\BOOKMARK [2][-]{subsection.103.2}{Class SingleBotanyOrdo}{section.103}
\BOOKMARK [3][-]{subsubsection.103.2.1}{Methods}{subsection.103.2}
\BOOKMARK [1][-]{section.104}{Module cuon.Garden.SingleHibernation}{}
\BOOKMARK [2][-]{subsection.104.1}{Variables}{section.104}
\BOOKMARK [2][-]{subsection.104.2}{Class SingleHibernation}{section.104}
\BOOKMARK [3][-]{subsubsection.104.2.1}{Methods}{subsection.104.2}
\BOOKMARK [1][-]{section.105}{Module cuon.Garden.SingleHibernationPlant}{}
\BOOKMARK [2][-]{subsection.105.1}{Variables}{section.105}
\BOOKMARK [2][-]{subsection.105.2}{Class SingleHibernationPlant}{section.105}
\BOOKMARK [3][-]{subsubsection.105.2.1}{Methods}{subsection.105.2}
\BOOKMARK [1][-]{section.106}{Module cuon.Garden.botany}{}
\BOOKMARK [2][-]{subsection.106.1}{Variables}{section.106}
\BOOKMARK [2][-]{subsection.106.2}{Class botanywindow}{section.106}
\BOOKMARK [3][-]{subsubsection.106.2.1}{Methods}{subsection.106.2}
\BOOKMARK [1][-]{section.107}{Module cuon.Garden.garden}{}
\BOOKMARK [2][-]{subsection.107.1}{Variables}{section.107}
\BOOKMARK [2][-]{subsection.107.2}{Class gardenwindow}{section.107}
\BOOKMARK [3][-]{subsubsection.107.2.1}{Methods}{subsection.107.2}
\BOOKMARK [1][-]{section.108}{Module cuon.Garden.hibernation}{}
\BOOKMARK [2][-]{subsection.108.1}{Variables}{section.108}
\BOOKMARK [2][-]{subsection.108.2}{Class hibernationwindow}{section.108}
\BOOKMARK [3][-]{subsubsection.108.2.1}{Methods}{subsection.108.2}
\BOOKMARK [1][-]{section.109}{Package cuon.Graves}{}
\BOOKMARK [2][-]{subsection.109.1}{Modules}{section.109}
\BOOKMARK [2][-]{subsection.109.2}{Variables}{section.109}
\BOOKMARK [1][-]{section.110}{Module cuon.Graves.SingleGrave}{}
\BOOKMARK [2][-]{subsection.110.1}{Variables}{section.110}
\BOOKMARK [2][-]{subsection.110.2}{Class SingleGrave}{section.110}
\BOOKMARK [3][-]{subsubsection.110.2.1}{Methods}{subsection.110.2}
\BOOKMARK [1][-]{section.111}{Module cuon.Graves.SingleGraveAutumn}{}
\BOOKMARK [2][-]{subsection.111.1}{Variables}{section.111}
\BOOKMARK [2][-]{subsection.111.2}{Class SingleGraveAutumn}{section.111}
\BOOKMARK [3][-]{subsubsection.111.2.1}{Methods}{subsection.111.2}
\BOOKMARK [1][-]{section.112}{Module cuon.Graves.SingleGraveHoliday}{}
\BOOKMARK [2][-]{subsection.112.1}{Variables}{section.112}
\BOOKMARK [2][-]{subsection.112.2}{Class SingleGraveHoliday}{section.112}
\BOOKMARK [3][-]{subsubsection.112.2.1}{Methods}{subsection.112.2}
\BOOKMARK [1][-]{section.113}{Module cuon.Graves.SingleGraveInvoices}{}
\BOOKMARK [2][-]{subsection.113.1}{Variables}{section.113}
\BOOKMARK [2][-]{subsection.113.2}{Class SingleGraveInvoices}{section.113}
\BOOKMARK [3][-]{subsubsection.113.2.1}{Methods}{subsection.113.2}
\BOOKMARK [1][-]{section.114}{Module cuon.Graves.SingleGraveMaintenance}{}
\BOOKMARK [2][-]{subsection.114.1}{Variables}{section.114}
\BOOKMARK [2][-]{subsection.114.2}{Class SingleGraveMaintenance}{section.114}
\BOOKMARK [3][-]{subsubsection.114.2.1}{Methods}{subsection.114.2}
\BOOKMARK [1][-]{section.115}{Module cuon.Graves.SingleGraveSingleevent}{}
\BOOKMARK [2][-]{subsection.115.1}{Variables}{section.115}
\BOOKMARK [2][-]{subsection.115.2}{Class SingleGraveSingleevent}{section.115}
\BOOKMARK [3][-]{subsubsection.115.2.1}{Methods}{subsection.115.2}
\BOOKMARK [1][-]{section.116}{Module cuon.Graves.SingleGraveSpring}{}
\BOOKMARK [2][-]{subsection.116.1}{Variables}{section.116}
\BOOKMARK [2][-]{subsection.116.2}{Class SingleGraveSpring}{section.116}
\BOOKMARK [3][-]{subsubsection.116.2.1}{Methods}{subsection.116.2}
\BOOKMARK [1][-]{section.117}{Module cuon.Graves.SingleGraveSummer}{}
\BOOKMARK [2][-]{subsection.117.1}{Variables}{section.117}
\BOOKMARK [2][-]{subsection.117.2}{Class SingleGraveSummer}{section.117}
\BOOKMARK [3][-]{subsubsection.117.2.1}{Methods}{subsection.117.2}
\BOOKMARK [1][-]{section.118}{Module cuon.Graves.SingleGraveWinter}{}
\BOOKMARK [2][-]{subsection.118.1}{Variables}{section.118}
\BOOKMARK [2][-]{subsection.118.2}{Class SingleGraveWinter}{section.118}
\BOOKMARK [3][-]{subsubsection.118.2.1}{Methods}{subsection.118.2}
\BOOKMARK [1][-]{section.119}{Module cuon.Graves.SingleGraveYear}{}
\BOOKMARK [2][-]{subsection.119.1}{Variables}{section.119}
\BOOKMARK [2][-]{subsection.119.2}{Class SingleGraveYear}{section.119}
\BOOKMARK [3][-]{subsubsection.119.2.1}{Methods}{subsection.119.2}
\BOOKMARK [1][-]{section.120}{Module cuon.Graves.SingleGraveyard}{}
\BOOKMARK [2][-]{subsection.120.1}{Variables}{section.120}
\BOOKMARK [2][-]{subsection.120.2}{Class SingleGraveyard}{section.120}
\BOOKMARK [3][-]{subsubsection.120.2.1}{Methods}{subsection.120.2}
\BOOKMARK [1][-]{section.121}{Module cuon.Graves.address\137graves}{}
\BOOKMARK [2][-]{subsection.121.1}{Variables}{section.121}
\BOOKMARK [2][-]{subsection.121.2}{Class address\137graves}{section.121}
\BOOKMARK [3][-]{subsubsection.121.2.1}{Methods}{subsection.121.2}
\BOOKMARK [1][-]{section.122}{Module cuon.Graves.grave}{}
\BOOKMARK [2][-]{subsection.122.1}{Variables}{section.122}
\BOOKMARK [2][-]{subsection.122.2}{Class graveswindow}{section.122}
\BOOKMARK [3][-]{subsubsection.122.2.1}{Methods}{subsection.122.2}
\BOOKMARK [1][-]{section.123}{Module cuon.Graves.graveyard}{}
\BOOKMARK [2][-]{subsection.123.1}{Variables}{section.123}
\BOOKMARK [2][-]{subsection.123.2}{Class graveyardMainwindow}{section.123}
\BOOKMARK [3][-]{subsubsection.123.2.1}{Methods}{subsection.123.2}
\BOOKMARK [1][-]{section.124}{Module cuon.Graves.plant\137lists}{}
\BOOKMARK [2][-]{subsection.124.1}{Variables}{section.124}
\BOOKMARK [2][-]{subsection.124.2}{Class plantlists}{section.124}
\BOOKMARK [3][-]{subsubsection.124.2.1}{Methods}{subsection.124.2}
\BOOKMARK [1][-]{section.125}{Package cuon.Help}{}
\BOOKMARK [2][-]{subsection.125.1}{Modules}{section.125}
\BOOKMARK [2][-]{subsection.125.2}{Variables}{section.125}
\BOOKMARK [1][-]{section.126}{Module cuon.Help.help}{}
\BOOKMARK [2][-]{subsection.126.1}{Variables}{section.126}
\BOOKMARK [2][-]{subsection.126.2}{Class helpwindow}{section.126}
\BOOKMARK [3][-]{subsubsection.126.2.1}{Methods}{subsection.126.2}
\BOOKMARK [1][-]{section.127}{Package cuon.Leasing}{}
\BOOKMARK [2][-]{subsection.127.1}{Modules}{section.127}
\BOOKMARK [2][-]{subsection.127.2}{Variables}{section.127}
\BOOKMARK [1][-]{section.128}{Module cuon.Leasing.SingleLeasing}{}
\BOOKMARK [2][-]{subsection.128.1}{Variables}{section.128}
\BOOKMARK [2][-]{subsection.128.2}{Class SingleLeasing}{section.128}
\BOOKMARK [3][-]{subsubsection.128.2.1}{Methods}{subsection.128.2}
\BOOKMARK [1][-]{section.129}{Module cuon.Leasing.leasing}{}
\BOOKMARK [2][-]{subsection.129.1}{Variables}{section.129}
\BOOKMARK [2][-]{subsection.129.2}{Class leasingwindow}{section.129}
\BOOKMARK [3][-]{subsubsection.129.2.1}{Methods}{subsection.129.2}
\BOOKMARK [1][-]{section.130}{Package cuon.Logging}{}
\BOOKMARK [2][-]{subsection.130.1}{Modules}{section.130}
\BOOKMARK [1][-]{section.131}{Module cuon.Logging.logs}{}
\BOOKMARK [2][-]{subsection.131.1}{Variables}{section.131}
\BOOKMARK [2][-]{subsection.131.2}{Class logs}{section.131}
\BOOKMARK [3][-]{subsubsection.131.2.1}{Methods}{subsection.131.2}
\BOOKMARK [1][-]{section.132}{Package cuon.Login}{}
\BOOKMARK [2][-]{subsection.132.1}{Modules}{section.132}
\BOOKMARK [1][-]{section.133}{Module cuon.Login.login}{}
\BOOKMARK [2][-]{subsection.133.1}{Variables}{section.133}
\BOOKMARK [2][-]{subsection.133.2}{Class loginwindow}{section.133}
\BOOKMARK [3][-]{subsubsection.133.2.1}{Methods}{subsection.133.2}
\BOOKMARK [1][-]{section.134}{Package cuon.Misc}{}
\BOOKMARK [2][-]{subsection.134.1}{Modules}{section.134}
\BOOKMARK [2][-]{subsection.134.2}{Variables}{section.134}
\BOOKMARK [1][-]{section.135}{Module cuon.Misc.cuon\137dialog}{}
\BOOKMARK [2][-]{subsection.135.1}{Variables}{section.135}
\BOOKMARK [2][-]{subsection.135.2}{Class cuon\137dialog}{section.135}
\BOOKMARK [3][-]{subsubsection.135.2.1}{Methods}{subsection.135.2}
\BOOKMARK [1][-]{section.136}{Module cuon.Misc.cuonlists}{}
\BOOKMARK [2][-]{subsection.136.1}{Variables}{section.136}
\BOOKMARK [2][-]{subsection.136.2}{Class cuonlists}{section.136}
\BOOKMARK [3][-]{subsubsection.136.2.1}{Methods}{subsection.136.2}
\BOOKMARK [1][-]{section.137}{Module cuon.Misc.fileSelection}{}
\BOOKMARK [2][-]{subsection.137.1}{Variables}{section.137}
\BOOKMARK [2][-]{subsection.137.2}{Class fileSelection}{section.137}
\BOOKMARK [3][-]{subsubsection.137.2.1}{Methods}{subsection.137.2}
\BOOKMARK [1][-]{section.138}{Module cuon.Misc.messages}{}
\BOOKMARK [2][-]{subsection.138.1}{Variables}{section.138}
\BOOKMARK [2][-]{subsection.138.2}{Class messages}{section.138}
\BOOKMARK [3][-]{subsubsection.138.2.1}{Methods}{subsection.138.2}
\BOOKMARK [1][-]{section.139}{Module cuon.Misc.misc}{}
\BOOKMARK [2][-]{subsection.139.1}{Variables}{section.139}
\BOOKMARK [2][-]{subsection.139.2}{Class misc}{section.139}
\BOOKMARK [3][-]{subsubsection.139.2.1}{Methods}{subsection.139.2}
\BOOKMARK [2][-]{subsection.139.3}{Class Treeview}{section.139}
\BOOKMARK [3][-]{subsubsection.139.3.1}{Methods}{subsection.139.3}
\BOOKMARK [1][-]{section.140}{Package cuon.OpenOffice}{}
\BOOKMARK [2][-]{subsection.140.1}{Modules}{section.140}
\BOOKMARK [2][-]{subsection.140.2}{Variables}{section.140}
\BOOKMARK [1][-]{section.141}{Module cuon.OpenOffice.letter}{}
\BOOKMARK [2][-]{subsection.141.1}{Class letter}{section.141}
\BOOKMARK [3][-]{subsubsection.141.1.1}{Methods}{subsection.141.1}
\BOOKMARK [1][-]{section.142}{Module cuon.OpenOffice.ooMain}{}
\BOOKMARK [2][-]{subsection.142.1}{Variables}{section.142}
\BOOKMARK [1][-]{section.143}{Module cuon.OpenOffice.ooconnect}{}
\BOOKMARK [2][-]{subsection.143.1}{Variables}{section.143}
\BOOKMARK [2][-]{subsection.143.2}{Class ooconnect}{section.143}
\BOOKMARK [3][-]{subsubsection.143.2.1}{Methods}{subsection.143.2}
\BOOKMARK [1][-]{section.144}{Package cuon.Order}{}
\BOOKMARK [2][-]{subsection.144.1}{Modules}{section.144}
\BOOKMARK [2][-]{subsection.144.2}{Variables}{section.144}
\BOOKMARK [1][-]{section.145}{Module cuon.Order.SingleOrder}{}
\BOOKMARK [2][-]{subsection.145.1}{Variables}{section.145}
\BOOKMARK [2][-]{subsection.145.2}{Class SingleOrder}{section.145}
\BOOKMARK [3][-]{subsubsection.145.2.1}{Methods}{subsection.145.2}
\BOOKMARK [1][-]{section.146}{Module cuon.Order.SingleOrderGet}{}
\BOOKMARK [2][-]{subsection.146.1}{Variables}{section.146}
\BOOKMARK [2][-]{subsection.146.2}{Class SingleOrderGet}{section.146}
\BOOKMARK [3][-]{subsubsection.146.2.1}{Methods}{subsection.146.2}
\BOOKMARK [1][-]{section.147}{Module cuon.Order.SingleOrderInvoice}{}
\BOOKMARK [2][-]{subsection.147.1}{Variables}{section.147}
\BOOKMARK [2][-]{subsection.147.2}{Class SingleOrderInvoice}{section.147}
\BOOKMARK [3][-]{subsubsection.147.2.1}{Methods}{subsection.147.2}
\BOOKMARK [1][-]{section.148}{Module cuon.Order.SingleOrderPayment}{}
\BOOKMARK [2][-]{subsection.148.1}{Variables}{section.148}
\BOOKMARK [2][-]{subsection.148.2}{Class SingleOrderPayment}{section.148}
\BOOKMARK [3][-]{subsubsection.148.2.1}{Methods}{subsection.148.2}
\BOOKMARK [1][-]{section.149}{Module cuon.Order.SingleOrderPosition}{}
\BOOKMARK [2][-]{subsection.149.1}{Variables}{section.149}
\BOOKMARK [2][-]{subsection.149.2}{Class SingleOrderPosition}{section.149}
\BOOKMARK [3][-]{subsubsection.149.2.1}{Methods}{subsection.149.2}
\BOOKMARK [1][-]{section.150}{Module cuon.Order.SingleOrderSupply}{}
\BOOKMARK [2][-]{subsection.150.1}{Variables}{section.150}
\BOOKMARK [2][-]{subsection.150.2}{Class SingleOrderSupply}{section.150}
\BOOKMARK [3][-]{subsubsection.150.2.1}{Methods}{subsection.150.2}
\BOOKMARK [1][-]{section.151}{Module cuon.Order.order}{}
\BOOKMARK [2][-]{subsection.151.1}{Variables}{section.151}
\BOOKMARK [2][-]{subsection.151.2}{Class orderwindow}{section.151}
\BOOKMARK [3][-]{subsubsection.151.2.1}{Methods}{subsection.151.2}
\BOOKMARK [1][-]{section.152}{Module cuon.Order.standard\137bill}{}
\BOOKMARK [2][-]{subsection.152.1}{Variables}{section.152}
\BOOKMARK [2][-]{subsection.152.2}{Class standard\137bill}{section.152}
\BOOKMARK [3][-]{subsubsection.152.2.1}{Methods}{subsection.152.2}
\BOOKMARK [1][-]{section.153}{Module cuon.Order.standard\137delivery\137note}{}
\BOOKMARK [2][-]{subsection.153.1}{Variables}{section.153}
\BOOKMARK [2][-]{subsection.153.2}{Class standard\137delivery\137note}{section.153}
\BOOKMARK [3][-]{subsubsection.153.2.1}{Methods}{subsection.153.2}
\BOOKMARK [1][-]{section.154}{Module cuon.Order.standard\137invoice}{}
\BOOKMARK [2][-]{subsection.154.1}{Variables}{section.154}
\BOOKMARK [2][-]{subsection.154.2}{Class standard\137invoice}{section.154}
\BOOKMARK [3][-]{subsubsection.154.2.1}{Methods}{subsection.154.2}
\BOOKMARK [1][-]{section.155}{Module cuon.Order.standard\137pickup\137note}{}
\BOOKMARK [2][-]{subsection.155.1}{Variables}{section.155}
\BOOKMARK [2][-]{subsection.155.2}{Class standard\137pickup\137note}{section.155}
\BOOKMARK [3][-]{subsubsection.155.2.1}{Methods}{subsection.155.2}
\BOOKMARK [1][-]{section.156}{Package cuon.Preferences}{}
\BOOKMARK [2][-]{subsection.156.1}{Modules}{section.156}
\BOOKMARK [2][-]{subsection.156.2}{Variables}{section.156}
\BOOKMARK [1][-]{section.157}{Module cuon.Preferences.SinglePreferences}{}
\BOOKMARK [2][-]{subsection.157.1}{Variables}{section.157}
\BOOKMARK [2][-]{subsection.157.2}{Class SinglePreferences}{section.157}
\BOOKMARK [3][-]{subsubsection.157.2.1}{Methods}{subsection.157.2}
\BOOKMARK [1][-]{section.158}{Module cuon.Preferences.preferences}{}
\BOOKMARK [2][-]{subsection.158.1}{Variables}{section.158}
\BOOKMARK [2][-]{subsection.158.2}{Class preferenceswindow}{section.158}
\BOOKMARK [3][-]{subsubsection.158.2.1}{Methods}{subsection.158.2}
\BOOKMARK [1][-]{section.159}{Package cuon.PrefsFinance}{}
\BOOKMARK [2][-]{subsection.159.1}{Modules}{section.159}
\BOOKMARK [2][-]{subsection.159.2}{Variables}{section.159}
\BOOKMARK [1][-]{section.160}{Module cuon.PrefsFinance.SinglePrefsFinanceTop}{}
\BOOKMARK [2][-]{subsection.160.1}{Variables}{section.160}
\BOOKMARK [2][-]{subsection.160.2}{Class SinglePrefsFinanceTop}{section.160}
\BOOKMARK [3][-]{subsubsection.160.2.1}{Methods}{subsection.160.2}
\BOOKMARK [1][-]{section.161}{Module cuon.PrefsFinance.SinglePrefsFinanceVat}{}
\BOOKMARK [2][-]{subsection.161.1}{Variables}{section.161}
\BOOKMARK [2][-]{subsection.161.2}{Class SinglePrefsFinanceVat}{section.161}
\BOOKMARK [3][-]{subsubsection.161.2.1}{Methods}{subsection.161.2}
\BOOKMARK [1][-]{section.162}{Module cuon.PrefsFinance.prefsFinance}{}
\BOOKMARK [2][-]{subsection.162.1}{Variables}{section.162}
\BOOKMARK [2][-]{subsection.162.2}{Class prefsFinancewindow}{section.162}
\BOOKMARK [3][-]{subsubsection.162.2.1}{Methods}{subsection.162.2}
\BOOKMARK [1][-]{section.163}{Package cuon.Project}{}
\BOOKMARK [2][-]{subsection.163.1}{Modules}{section.163}
\BOOKMARK [2][-]{subsection.163.2}{Variables}{section.163}
\BOOKMARK [1][-]{section.164}{Module cuon.Project.SingleProject}{}
\BOOKMARK [2][-]{subsection.164.1}{Variables}{section.164}
\BOOKMARK [2][-]{subsection.164.2}{Class SingleProject}{section.164}
\BOOKMARK [3][-]{subsubsection.164.2.1}{Methods}{subsection.164.2}
\BOOKMARK [1][-]{section.165}{Module cuon.Project.SingleProjectMaterialResources}{}
\BOOKMARK [2][-]{subsection.165.1}{Variables}{section.165}
\BOOKMARK [2][-]{subsection.165.2}{Class SingleProjectMaterialResources}{section.165}
\BOOKMARK [3][-]{subsubsection.165.2.1}{Methods}{subsection.165.2}
\BOOKMARK [1][-]{section.166}{Module cuon.Project.SingleProjectPhases}{}
\BOOKMARK [2][-]{subsection.166.1}{Variables}{section.166}
\BOOKMARK [2][-]{subsection.166.2}{Class SingleProjectPhases}{section.166}
\BOOKMARK [3][-]{subsubsection.166.2.1}{Methods}{subsection.166.2}
\BOOKMARK [1][-]{section.167}{Module cuon.Project.SingleProjectProgramming}{}
\BOOKMARK [2][-]{subsection.167.1}{Variables}{section.167}
\BOOKMARK [2][-]{subsection.167.2}{Class SingleProjectProgramming}{section.167}
\BOOKMARK [3][-]{subsubsection.167.2.1}{Methods}{subsection.167.2}
\BOOKMARK [1][-]{section.168}{Module cuon.Project.SingleProjectStaffResources}{}
\BOOKMARK [2][-]{subsection.168.1}{Variables}{section.168}
\BOOKMARK [2][-]{subsection.168.2}{Class SingleProjectStaffResources}{section.168}
\BOOKMARK [3][-]{subsubsection.168.2.1}{Methods}{subsection.168.2}
\BOOKMARK [1][-]{section.169}{Module cuon.Project.SingleProjectTasks}{}
\BOOKMARK [2][-]{subsection.169.1}{Variables}{section.169}
\BOOKMARK [2][-]{subsection.169.2}{Class SingleProjectTasks}{section.169}
\BOOKMARK [3][-]{subsubsection.169.2.1}{Methods}{subsection.169.2}
\BOOKMARK [1][-]{section.170}{Module cuon.Project.project}{}
\BOOKMARK [2][-]{subsection.170.1}{Variables}{section.170}
\BOOKMARK [2][-]{subsection.170.2}{Class projectwindow}{section.170}
\BOOKMARK [3][-]{subsubsection.170.2.1}{Methods}{subsection.170.2}
\BOOKMARK [1][-]{section.171}{Package cuon.Proposal}{}
\BOOKMARK [2][-]{subsection.171.1}{Modules}{section.171}
\BOOKMARK [2][-]{subsection.171.2}{Variables}{section.171}
\BOOKMARK [1][-]{section.172}{Module cuon.Proposal.proposal}{}
\BOOKMARK [2][-]{subsection.172.1}{Variables}{section.172}
\BOOKMARK [2][-]{subsection.172.2}{Class proposalwindow}{section.172}
\BOOKMARK [3][-]{subsubsection.172.2.1}{Methods}{subsection.172.2}
\BOOKMARK [1][-]{section.173}{Package cuon.Skeleton}{}
\BOOKMARK [2][-]{subsection.173.1}{Modules}{section.173}
\BOOKMARK [2][-]{subsection.173.2}{Variables}{section.173}
\BOOKMARK [1][-]{section.174}{Module cuon.Skeleton.SingleSkeleton}{}
\BOOKMARK [2][-]{subsection.174.1}{Variables}{section.174}
\BOOKMARK [2][-]{subsection.174.2}{Class SingleClient}{section.174}
\BOOKMARK [3][-]{subsubsection.174.2.1}{Methods}{subsection.174.2}
\BOOKMARK [1][-]{section.175}{Module cuon.Skeleton.skeleton}{}
\BOOKMARK [2][-]{subsection.175.1}{Variables}{section.175}
\BOOKMARK [2][-]{subsection.175.2}{Class clientswindow}{section.175}
\BOOKMARK [3][-]{subsubsection.175.2.1}{Methods}{subsection.175.2}
\BOOKMARK [1][-]{section.176}{Package cuon.Staff}{}
\BOOKMARK [2][-]{subsection.176.1}{Modules}{section.176}
\BOOKMARK [2][-]{subsection.176.2}{Variables}{section.176}
\BOOKMARK [1][-]{section.177}{Module cuon.Staff.SingleStaff}{}
\BOOKMARK [2][-]{subsection.177.1}{Variables}{section.177}
\BOOKMARK [2][-]{subsection.177.2}{Class SingleStaff}{section.177}
\BOOKMARK [3][-]{subsubsection.177.2.1}{Methods}{subsection.177.2}
\BOOKMARK [1][-]{section.178}{Module cuon.Staff.SingleStaffDisease}{}
\BOOKMARK [2][-]{subsection.178.1}{Variables}{section.178}
\BOOKMARK [2][-]{subsection.178.2}{Class SingleStaffDisease}{section.178}
\BOOKMARK [3][-]{subsubsection.178.2.1}{Methods}{subsection.178.2}
\BOOKMARK [1][-]{section.179}{Module cuon.Staff.SingleStaffFee}{}
\BOOKMARK [2][-]{subsection.179.1}{Variables}{section.179}
\BOOKMARK [2][-]{subsection.179.2}{Class SingleStaffFee}{section.179}
\BOOKMARK [3][-]{subsubsection.179.2.1}{Methods}{subsection.179.2}
\BOOKMARK [1][-]{section.180}{Module cuon.Staff.SingleStaffMisc}{}
\BOOKMARK [2][-]{subsection.180.1}{Variables}{section.180}
\BOOKMARK [2][-]{subsection.180.2}{Class SingleStaffMisc}{section.180}
\BOOKMARK [3][-]{subsubsection.180.2.1}{Methods}{subsection.180.2}
\BOOKMARK [1][-]{section.181}{Module cuon.Staff.SingleStaffVacation}{}
\BOOKMARK [2][-]{subsection.181.1}{Variables}{section.181}
\BOOKMARK [2][-]{subsection.181.2}{Class SingleStaffVacation}{section.181}
\BOOKMARK [3][-]{subsubsection.181.2.1}{Methods}{subsection.181.2}
\BOOKMARK [1][-]{section.182}{Module cuon.Staff.staff}{}
\BOOKMARK [2][-]{subsection.182.1}{Variables}{section.182}
\BOOKMARK [2][-]{subsection.182.2}{Class staffwindow}{section.182}
\BOOKMARK [3][-]{subsubsection.182.2.1}{Methods}{subsection.182.2}
\BOOKMARK [1][-]{section.183}{Package cuon.Stats}{}
\BOOKMARK [2][-]{subsection.183.1}{Modules}{section.183}
\BOOKMARK [2][-]{subsection.183.2}{Variables}{section.183}
\BOOKMARK [1][-]{section.184}{Module cuon.Stats.stats}{}
\BOOKMARK [2][-]{subsection.184.1}{Variables}{section.184}
\BOOKMARK [2][-]{subsection.184.2}{Class statswindow}{section.184}
\BOOKMARK [3][-]{subsubsection.184.2.1}{Methods}{subsection.184.2}
\BOOKMARK [1][-]{section.185}{Package cuon.Stock}{}
\BOOKMARK [2][-]{subsection.185.1}{Modules}{section.185}
\BOOKMARK [2][-]{subsection.185.2}{Variables}{section.185}
\BOOKMARK [1][-]{section.186}{Module cuon.Stock.SingleStock}{}
\BOOKMARK [2][-]{subsection.186.1}{Variables}{section.186}
\BOOKMARK [2][-]{subsection.186.2}{Class SingleStock}{section.186}
\BOOKMARK [3][-]{subsubsection.186.2.1}{Methods}{subsection.186.2}
\BOOKMARK [1][-]{section.187}{Module cuon.Stock.SingleStockGoods}{}
\BOOKMARK [2][-]{subsection.187.1}{Variables}{section.187}
\BOOKMARK [2][-]{subsection.187.2}{Class SingleStockGoods}{section.187}
\BOOKMARK [3][-]{subsubsection.187.2.1}{Methods}{subsection.187.2}
\BOOKMARK [1][-]{section.188}{Module cuon.Stock.lists\137stockgoods\137number1}{}
\BOOKMARK [2][-]{subsection.188.1}{Variables}{section.188}
\BOOKMARK [2][-]{subsection.188.2}{Class lists\137stockgoods\137number1}{section.188}
\BOOKMARK [3][-]{subsubsection.188.2.1}{Methods}{subsection.188.2}
\BOOKMARK [1][-]{section.189}{Module cuon.Stock.stock}{}
\BOOKMARK [2][-]{subsection.189.1}{Variables}{section.189}
\BOOKMARK [2][-]{subsection.189.2}{Class stockwindow}{section.189}
\BOOKMARK [3][-]{subsubsection.189.2.1}{Methods}{subsection.189.2}
\BOOKMARK [1][-]{section.190}{Package cuon.SupportTicket}{}
\BOOKMARK [2][-]{subsection.190.1}{Modules}{section.190}
\BOOKMARK [2][-]{subsection.190.2}{Variables}{section.190}
\BOOKMARK [1][-]{section.191}{Module cuon.SupportTicket.SingleSupportProject}{}
\BOOKMARK [2][-]{subsection.191.1}{Variables}{section.191}
\BOOKMARK [2][-]{subsection.191.2}{Class SingleSupportProject}{section.191}
\BOOKMARK [3][-]{subsubsection.191.2.1}{Methods}{subsection.191.2}
\BOOKMARK [1][-]{section.192}{Module cuon.SupportTicket.SingleSupportTicket}{}
\BOOKMARK [2][-]{subsection.192.1}{Variables}{section.192}
\BOOKMARK [2][-]{subsection.192.2}{Class SingleSupportTicket}{section.192}
\BOOKMARK [3][-]{subsubsection.192.2.1}{Methods}{subsection.192.2}
\BOOKMARK [1][-]{section.193}{Module cuon.SupportTicket.supportTicket}{}
\BOOKMARK [2][-]{subsection.193.1}{Variables}{section.193}
\BOOKMARK [2][-]{subsection.193.2}{Class supportticketwindow}{section.193}
\BOOKMARK [3][-]{subsubsection.193.2.1}{Methods}{subsection.193.2}
\BOOKMARK [1][-]{section.194}{Package cuon.Think}{}
\BOOKMARK [2][-]{subsection.194.1}{Modules}{section.194}
\BOOKMARK [2][-]{subsection.194.2}{Variables}{section.194}
\BOOKMARK [1][-]{section.195}{Module cuon.Think.SingleMindmap}{}
\BOOKMARK [2][-]{subsection.195.1}{Variables}{section.195}
\BOOKMARK [2][-]{subsection.195.2}{Class SingleMindmap}{section.195}
\BOOKMARK [3][-]{subsubsection.195.2.1}{Methods}{subsection.195.2}
\BOOKMARK [1][-]{section.196}{Module cuon.Think.SingleThink}{}
\BOOKMARK [2][-]{subsection.196.1}{Variables}{section.196}
\BOOKMARK [2][-]{subsection.196.2}{Class SingleThink}{section.196}
\BOOKMARK [3][-]{subsubsection.196.2.1}{Methods}{subsection.196.2}
\BOOKMARK [1][-]{section.197}{Module cuon.Think.think}{}
\BOOKMARK [2][-]{subsection.197.1}{Variables}{section.197}
\BOOKMARK [2][-]{subsection.197.2}{Class thinkwindow}{section.197}
\BOOKMARK [3][-]{subsubsection.197.2.1}{Methods}{subsection.197.2}
\BOOKMARK [1][-]{section.198}{Package cuon.TypeDefs}{}
\BOOKMARK [2][-]{subsection.198.1}{Modules}{section.198}
\BOOKMARK [1][-]{section.199}{Module cuon.TypeDefs.constants}{}
\BOOKMARK [2][-]{subsection.199.1}{Variables}{section.199}
\BOOKMARK [2][-]{subsection.199.2}{Class constants}{section.199}
\BOOKMARK [3][-]{subsubsection.199.2.1}{Methods}{subsection.199.2}
\BOOKMARK [1][-]{section.200}{Module cuon.TypeDefs.defaultValues}{}
\BOOKMARK [2][-]{subsection.200.1}{Variables}{section.200}
\BOOKMARK [2][-]{subsection.200.2}{Class defaultValues}{section.200}
\BOOKMARK [3][-]{subsubsection.200.2.1}{Methods}{subsection.200.2}
\BOOKMARK [1][-]{section.201}{Module cuon.TypeDefs.typedefs}{}
\BOOKMARK [2][-]{subsection.201.1}{Variables}{section.201}
\BOOKMARK [2][-]{subsection.201.2}{Class typedefs}{section.201}
\BOOKMARK [3][-]{subsubsection.201.2.1}{Methods}{subsection.201.2}
\BOOKMARK [1][-]{section.202}{Module cuon.TypeDefs.typedefs\137server}{}
\BOOKMARK [2][-]{subsection.202.1}{Variables}{section.202}
\BOOKMARK [2][-]{subsection.202.2}{Class typedefs\137server}{section.202}
\BOOKMARK [3][-]{subsubsection.202.2.1}{Methods}{subsection.202.2}
\BOOKMARK [1][-]{section.203}{Package cuon.User}{}
\BOOKMARK [2][-]{subsection.203.1}{Modules}{section.203}
\BOOKMARK [2][-]{subsection.203.2}{Variables}{section.203}
\BOOKMARK [1][-]{section.204}{Module cuon.User.user}{}
\BOOKMARK [2][-]{subsection.204.1}{Variables}{section.204}
\BOOKMARK [2][-]{subsection.204.2}{Class User}{section.204}
\BOOKMARK [3][-]{subsubsection.204.2.1}{Methods}{subsection.204.2}
\BOOKMARK [1][-]{section.205}{Package cuon.VTK}{}
\BOOKMARK [2][-]{subsection.205.1}{Modules}{section.205}
\BOOKMARK [2][-]{subsection.205.2}{Variables}{section.205}
\BOOKMARK [1][-]{section.206}{Module cuon.VTK.mainLogo}{}
\BOOKMARK [2][-]{subsection.206.1}{Variables}{section.206}
\BOOKMARK [1][-]{section.207}{Module cuon.VTK.test}{}
\BOOKMARK [2][-]{subsection.207.1}{Variables}{section.207}
\BOOKMARK [2][-]{subsection.207.2}{Class test}{section.207}
\BOOKMARK [3][-]{subsubsection.207.2.1}{Methods}{subsection.207.2}
\BOOKMARK [1][-]{section.208}{Package cuon.WebShop}{}
\BOOKMARK [2][-]{subsection.208.1}{Modules}{section.208}
\BOOKMARK [2][-]{subsection.208.2}{Variables}{section.208}
\BOOKMARK [1][-]{section.209}{Module cuon.WebShop.SingleWebshop}{}
\BOOKMARK [2][-]{subsection.209.1}{Variables}{section.209}
\BOOKMARK [2][-]{subsection.209.2}{Class SingleWebshop}{section.209}
\BOOKMARK [3][-]{subsubsection.209.2.1}{Methods}{subsection.209.2}
\BOOKMARK [1][-]{section.210}{Module cuon.WebShop.webshop}{}
\BOOKMARK [2][-]{subsection.210.1}{Variables}{section.210}
\BOOKMARK [2][-]{subsection.210.2}{Class webshopwindow}{section.210}
\BOOKMARK [3][-]{subsubsection.210.2.1}{Methods}{subsection.210.2}
\BOOKMARK [1][-]{section.211}{Package cuon.Windows}{}
\BOOKMARK [2][-]{subsection.211.1}{Modules}{section.211}
\BOOKMARK [1][-]{section.212}{Module cuon.Windows.chooseWindows}{}
\BOOKMARK [2][-]{subsection.212.1}{Variables}{section.212}
\BOOKMARK [2][-]{subsection.212.2}{Class chooseWindows}{section.212}
\BOOKMARK [3][-]{subsubsection.212.2.1}{Methods}{subsection.212.2}
\BOOKMARK [1][-]{section.213}{Module cuon.Windows.cyr\137load\137entries}{}
\BOOKMARK [2][-]{subsection.213.1}{Variables}{section.213}
\BOOKMARK [2][-]{subsection.213.2}{Class cyr\137load\137entries}{section.213}
\BOOKMARK [3][-]{subsubsection.213.2.1}{Methods}{subsection.213.2}
\BOOKMARK [1][-]{section.214}{Module cuon.Windows.dataEntry}{}
\BOOKMARK [2][-]{subsection.214.1}{Variables}{section.214}
\BOOKMARK [2][-]{subsection.214.2}{Class dataEntry}{section.214}
\BOOKMARK [3][-]{subsubsection.214.2.1}{Methods}{subsection.214.2}
\BOOKMARK [1][-]{section.215}{Module cuon.Windows.gladeXml}{}
\BOOKMARK [2][-]{subsection.215.1}{Variables}{section.215}
\BOOKMARK [2][-]{subsection.215.2}{Class gladeXml}{section.215}
\BOOKMARK [3][-]{subsubsection.215.2.1}{Methods}{subsection.215.2}
\BOOKMARK [1][-]{section.216}{Module cuon.Windows.rawWindow}{}
\BOOKMARK [2][-]{subsection.216.1}{Variables}{section.216}
\BOOKMARK [2][-]{subsection.216.2}{Class rawWindow}{section.216}
\BOOKMARK [3][-]{subsubsection.216.2.1}{Methods}{subsection.216.2}
\BOOKMARK [1][-]{section.217}{Module cuon.Windows.setOfEntries}{}
\BOOKMARK [2][-]{subsection.217.1}{Variables}{section.217}
\BOOKMARK [2][-]{subsection.217.2}{Class setOfEntries}{section.217}
\BOOKMARK [3][-]{subsubsection.217.2.1}{Methods}{subsection.217.2}
\BOOKMARK [1][-]{section.218}{Module cuon.Windows.windows}{}
\BOOKMARK [2][-]{subsection.218.1}{Variables}{section.218}
\BOOKMARK [2][-]{subsection.218.2}{Class windows}{section.218}
\BOOKMARK [3][-]{subsubsection.218.2.1}{Methods}{subsection.218.2}
\BOOKMARK [1][-]{section.219}{Package cuon.XML}{}
\BOOKMARK [2][-]{subsection.219.1}{Modules}{section.219}
\BOOKMARK [2][-]{subsection.219.2}{Variables}{section.219}
\BOOKMARK [1][-]{section.220}{Module cuon.XML.MyXML}{}
\BOOKMARK [2][-]{subsection.220.1}{Variables}{section.220}
\BOOKMARK [2][-]{subsection.220.2}{Class MyXML}{section.220}
\BOOKMARK [3][-]{subsubsection.220.2.1}{Methods}{subsection.220.2}
\BOOKMARK [1][-]{section.221}{Package cuon.XMLRPC}{}
\BOOKMARK [2][-]{subsection.221.1}{Modules}{section.221}
\BOOKMARK [1][-]{section.222}{Module cuon.XMLRPC.xmlrpc}{}
\BOOKMARK [2][-]{subsection.222.1}{Variables}{section.222}
\BOOKMARK [2][-]{subsection.222.2}{Class myXmlRpc}{section.222}
\BOOKMARK [3][-]{subsubsection.222.2.1}{Methods}{subsection.222.2}
\BOOKMARK [1][-]{section.223}{Module cuon.cuon\137dia}{}
\BOOKMARK [2][-]{subsection.223.1}{Functions}{section.223}
\BOOKMARK [2][-]{subsection.223.2}{Class MyXmlrpc}{section.223}
\BOOKMARK [3][-]{subsubsection.223.2.1}{Methods}{subsection.223.2}
\BOOKMARK [2][-]{subsection.223.3}{Class CuonDia}{section.223}
\BOOKMARK [3][-]{subsubsection.223.3.1}{Methods}{subsection.223.3}
\BOOKMARK [2][-]{subsection.223.4}{Class PropInfo}{section.223}
\BOOKMARK [3][-]{subsubsection.223.4.1}{Methods}{subsection.223.4}
\BOOKMARK [1][-]{section.224}{Module cuon.untar}{}
\BOOKMARK [2][-]{subsection.224.1}{Variables}{section.224}
\BOOKMARK [1][-]{section*.4}{Index}{}
